Log file open, 04/13/17 18:52:19
LogInit:Display: Running engine for game: NewVRProject
LogPlatformFile: Not using cached read wrapper
LogInit:Display: RandInit(-1948798347) SRandInit(-1948798347).
LogTaskGraph: Started task graph with 5 named threads and 8 total threads with 1 sets of task threads.
LogStats: Stats thread started at 0.067602
LogPluginManager: Loaded Plugin Paper2D, From E:/Unreal Engine/UE_4.13/Engine/Plugins/2D/Paper2D/Paper2D.uplugin
LogPluginManager: Loaded Plugin LightPropagationVolume, From E:/Unreal Engine/UE_4.13/Engine/Plugins/Blendables/LightPropagationVolume/LightPropagationVolume.uplugin
LogPluginManager: Loaded Plugin BlankPlugin, From E:/Unreal Engine/UE_4.13/Engine/Plugins/Developer/BlankPlugin/BlankPlugin.uplugin
LogPluginManager: Loaded Plugin CodeLiteSourceCodeAccess, From E:/Unreal Engine/UE_4.13/Engine/Plugins/Developer/CodeLiteSourceCodeAccess/CodeLiteSourceCodeAccess.uplugin
LogPluginManager: Loaded Plugin GitSourceControl, From E:/Unreal Engine/UE_4.13/Engine/Plugins/Developer/GitSourceControl/GitSourceControl.uplugin
LogPluginManager: Loaded Plugin KDevelopSourceCodeAccess, From E:/Unreal Engine/UE_4.13/Engine/Plugins/Developer/KDevelopSourceCodeAccess/KDevelopSourceCodeAccess.uplugin
LogPluginManager: Loaded Plugin NullSourceCodeAccess, From E:/Unreal Engine/UE_4.13/Engine/Plugins/Developer/NullSourceCodeAccess/NullSourceCodeAccess.uplugin
LogPluginManager: Loaded Plugin OneSkyLocalizationService, From E:/Unreal Engine/UE_4.13/Engine/Plugins/Developer/OneSkyLocalizationService/OneSkyLocalizationService.uplugin
LogPluginManager: Loaded Plugin PerforceSourceControl, From E:/Unreal Engine/UE_4.13/Engine/Plugins/Developer/PerforceSourceControl/PerforceSourceControl.uplugin
LogPluginManager: Loaded Plugin SubversionSourceControl, From E:/Unreal Engine/UE_4.13/Engine/Plugins/Developer/SubversionSourceControl/SubversionSourceControl.uplugin
LogPluginManager: Loaded Plugin UObjectPlugin, From E:/Unreal Engine/UE_4.13/Engine/Plugins/Developer/UObjectPlugin/UObjectPlugin.uplugin
LogPluginManager: Loaded Plugin VisualStudioSourceCodeAccess, From E:/Unreal Engine/UE_4.13/Engine/Plugins/Developer/VisualStudioSourceCodeAccess/VisualStudioSourceCodeAccess.uplugin
LogPluginManager: Loaded Plugin XCodeSourceCodeAccess, From E:/Unreal Engine/UE_4.13/Engine/Plugins/Developer/XCodeSourceCodeAccess/XCodeSourceCodeAccess.uplugin
LogPluginManager: Loaded Plugin EpicSurvey, From E:/Unreal Engine/UE_4.13/Engine/Plugins/Editor/EpicSurvey/EpicSurvey.uplugin
LogPluginManager: Loaded Plugin MacGraphicsSwitching, From E:/Unreal Engine/UE_4.13/Engine/Plugins/Editor/MacGraphicsSwitching/MacGraphicsSwitching.uplugin
LogPluginManager: Loaded Plugin MobileLauncherProfileWizard, From E:/Unreal Engine/UE_4.13/Engine/Plugins/Editor/MobileLauncherProfileWizard/MobileLauncherProfileWizard.uplugin
LogPluginManager: Loaded Plugin PluginBrowser, From E:/Unreal Engine/UE_4.13/Engine/Plugins/Editor/PluginBrowser/PluginBrowser.uplugin
LogPluginManager: Loaded Plugin SpeedTreeImporter, From E:/Unreal Engine/UE_4.13/Engine/Plugins/Editor/SpeedTreeImporter/SpeedTreeImporter.uplugin
LogPluginManager: Loaded Plugin SuperSearchEditor, From E:/Unreal Engine/UE_4.13/Engine/Plugins/Editor/SuperSearchEditor/SuperSearchEditor.uplugin
LogPluginManager: Loaded Plugin AlembicImporter, From E:/Unreal Engine/UE_4.13/Engine/Plugins/Experimental/AlembicImporter/AlembicImporter.uplugin
LogPluginManager: Loaded Plugin BlueprintStats, From E:/Unreal Engine/UE_4.13/Engine/Plugins/Experimental/BlueprintStats/BlueprintStats.uplugin
LogPluginManager: Loaded Plugin CharacterAI, From E:/Unreal Engine/UE_4.13/Engine/Plugins/Experimental/CharacterAI/CharacterAI.uplugin
LogPluginManager: Loaded Plugin CodeEditor, From E:/Unreal Engine/UE_4.13/Engine/Plugins/Experimental/CodeEditor/CodeEditor.uplugin
LogPluginManager: Loaded Plugin CodeView, From E:/Unreal Engine/UE_4.13/Engine/Plugins/Experimental/CodeView/CodeView.uplugin
LogPluginManager: Loaded Plugin HTML5Networking, From E:/Unreal Engine/UE_4.13/Engine/Plugins/Experimental/HTML5Networking/HTML5Networking.uplugin
LogPluginManager: Loaded Plugin LiveEditor, From E:/Unreal Engine/UE_4.13/Engine/Plugins/Experimental/LiveEditor/LiveEditor.uplugin
LogPluginManager: Loaded Plugin OSVR, From E:/Unreal Engine/UE_4.13/Engine/Plugins/Experimental/OSVR/OSVR.uplugin
LogPluginManager: Loaded Plugin Phya, From E:/Unreal Engine/UE_4.13/Engine/Plugins/Experimental/Phya/Phya.uplugin
LogPluginManager: Loaded Plugin SignificanceManager, From E:/Unreal Engine/UE_4.13/Engine/Plugins/Experimental/SignificanceManager/SignificanceManager.uplugin
LogPluginManager: Loaded Plugin SimpleHMD, From E:/Unreal Engine/UE_4.13/Engine/Plugins/Experimental/SimpleHMD/SimpleHMD.uplugin
LogPluginManager: Loaded Plugin StereoPanorama, From E:/Unreal Engine/UE_4.13/Engine/Plugins/Experimental/StereoPanorama/StereoPanorama.uplugin
LogPluginManager: Loaded Plugin StructBox, From E:/Unreal Engine/UE_4.13/Engine/Plugins/Experimental/StructBox/StructBox.uplugin
LogPluginManager: Loaded Plugin GestureTrackerVR, From E:/Unreal Engine/UE_4.13/Engine/Plugins/Marketplace/GestureTrackerVR/GestureTrackerVR.uplugin
LogPluginManager: Loaded Plugin RunebergVRPlugin, From E:/Unreal Engine/UE_4.13/Engine/Plugins/Marketplace/RunebergVRPlugin/RunebergVRPlugin.uplugin
LogPluginManager: Loaded Plugin ShadowMocap, From E:/Unreal Engine/UE_4.13/Engine/Plugins/Marketplace/ShadowMocap/ShadowMocap.uplugin
LogPluginManager: Loaded Plugin Substance, From E:/Unreal Engine/UE_4.13/Engine/Plugins/Marketplace/Substance/Substance.uplugin
LogPluginManager: Loaded Plugin AndroidMedia, From E:/Unreal Engine/UE_4.13/Engine/Plugins/Media/AndroidMedia/AndroidMedia.uplugin
LogPluginManager: Loaded Plugin AvfMedia, From E:/Unreal Engine/UE_4.13/Engine/Plugins/Media/AvfMedia/AvfMedia.uplugin
LogPluginManager: Loaded Plugin MediaPlayerEditor, From E:/Unreal Engine/UE_4.13/Engine/Plugins/Media/MediaPlayerEditor/MediaPlayerEditor.uplugin
LogPluginManager: Loaded Plugin WmfMedia, From E:/Unreal Engine/UE_4.13/Engine/Plugins/Media/WmfMedia/WmfMedia.uplugin
LogPluginManager: Loaded Plugin MessagingDebugger, From E:/Unreal Engine/UE_4.13/Engine/Plugins/Messaging/MessagingDebugger/MessagingDebugger.uplugin
LogPluginManager: Loaded Plugin TcpMessaging, From E:/Unreal Engine/UE_4.13/Engine/Plugins/Messaging/TcpMessaging/TcpMessaging.uplugin
LogPluginManager: Loaded Plugin UdpMessaging, From E:/Unreal Engine/UE_4.13/Engine/Plugins/Messaging/UdpMessaging/UdpMessaging.uplugin
LogPluginManager: Loaded Plugin LevelSequenceEditor, From E:/Unreal Engine/UE_4.13/Engine/Plugins/MovieScene/LevelSequenceEditor/LevelSequenceEditor.uplugin
LogPluginManager: Loaded Plugin MatineeToLevelSequence, From E:/Unreal Engine/UE_4.13/Engine/Plugins/MovieScene/MatineeToLevelSequence/MatineeToLevelSequence.uplugin
LogPluginManager: Loaded Plugin NetcodeUnitTest, From E:/Unreal Engine/UE_4.13/Engine/Plugins/NetcodeUnitTest/NetcodeUnitTest/NetcodeUnitTest.uplugin
LogPluginManager: Loaded Plugin NUTUnrealEngine4, From E:/Unreal Engine/UE_4.13/Engine/Plugins/NetcodeUnitTest/NUTUnrealEngine4/NUTUnrealEngine4.uplugin
LogPluginManager: Loaded Plugin OnlineSubsystemGooglePlay, From E:/Unreal Engine/UE_4.13/Engine/Plugins/Online/Android/OnlineSubsystemGooglePlay/OnlineSubsystemGooglePlay.uplugin
LogPluginManager: Loaded Plugin OnlineSubsystemIOS, From E:/Unreal Engine/UE_4.13/Engine/Plugins/Online/IOS/OnlineSubsystemIOS/OnlineSubsystemIOS.uplugin
LogPluginManager: Loaded Plugin OnlineFramework, From E:/Unreal Engine/UE_4.13/Engine/Plugins/Online/OnlineFramework/OnlineFramework.uplugin
LogPluginManager: Loaded Plugin OnlineSubsystem, From E:/Unreal Engine/UE_4.13/Engine/Plugins/Online/OnlineSubsystem/OnlineSubsystem.uplugin
LogPluginManager: Loaded Plugin OnlineSubsystemAmazon, From E:/Unreal Engine/UE_4.13/Engine/Plugins/Online/OnlineSubsystemAmazon/OnlineSubsystemAmazon.uplugin
LogPluginManager: Loaded Plugin OnlineSubsystemFacebook, From E:/Unreal Engine/UE_4.13/Engine/Plugins/Online/OnlineSubsystemFacebook/OnlineSubsystemFacebook.uplugin
LogPluginManager: Loaded Plugin OnlineSubsystemNull, From E:/Unreal Engine/UE_4.13/Engine/Plugins/Online/OnlineSubsystemNull/OnlineSubsystemNull.uplugin
LogPluginManager: Loaded Plugin OnlineSubsystemOculus, From E:/Unreal Engine/UE_4.13/Engine/Plugins/Online/OnlineSubsystemOculus/OnlineSubsystemOculus.uplugin
LogPluginManager: Loaded Plugin OnlineSubsystemSteam, From E:/Unreal Engine/UE_4.13/Engine/Plugins/Online/OnlineSubsystemSteam/OnlineSubsystemSteam.uplugin
LogPluginManager: Loaded Plugin OnlineSubsystemUtils, From E:/Unreal Engine/UE_4.13/Engine/Plugins/Online/OnlineSubsystemUtils/OnlineSubsystemUtils.uplugin
LogPluginManager: Loaded Plugin IOSTapJoy, From E:/Unreal Engine/UE_4.13/Engine/Plugins/Runtime/Advertising/IOSTapJoy/IOSTapJoy.uplugin
LogPluginManager: Loaded Plugin AnalyticsBlueprintLibrary, From E:/Unreal Engine/UE_4.13/Engine/Plugins/Runtime/Analytics/AnalyticsBlueprintLibrary/AnalyticsBlueprintLibrary.uplugin
LogPluginManager: Loaded Plugin AnalyticsMulticast, From E:/Unreal Engine/UE_4.13/Engine/Plugins/Runtime/Analytics/AnalyticsMulticast/AnalyticsMulticast.uplugin
LogPluginManager: Loaded Plugin Apsalar, From E:/Unreal Engine/UE_4.13/Engine/Plugins/Runtime/Analytics/Apsalar/Apsalar.uplugin
LogPluginManager: Loaded Plugin FileLogging, From E:/Unreal Engine/UE_4.13/Engine/Plugins/Runtime/Analytics/FileLogging/FileLogging.uplugin
LogPluginManager: Loaded Plugin Flurry, From E:/Unreal Engine/UE_4.13/Engine/Plugins/Runtime/Analytics/Flurry/Flurry.uplugin
LogPluginManager: Loaded Plugin AndroidDeviceProfileSelector, From E:/Unreal Engine/UE_4.13/Engine/Plugins/Runtime/AndroidDeviceProfileSelector/AndroidDeviceProfileSelector.uplugin
LogPluginManager: Loaded Plugin AndroidMoviePlayer, From E:/Unreal Engine/UE_4.13/Engine/Plugins/Runtime/AndroidMoviePlayer/AndroidMoviePlayer.uplugin
LogPluginManager: Loaded Plugin AppleMoviePlayer, From E:/Unreal Engine/UE_4.13/Engine/Plugins/Runtime/AppleMoviePlayer/AppleMoviePlayer.uplugin
LogPluginManager: Loaded Plugin ArchVisCharacter, From E:/Unreal Engine/UE_4.13/Engine/Plugins/Runtime/ArchVisCharacter/ArchVisCharacter.uplugin
LogPluginManager: Loaded Plugin CableComponent, From E:/Unreal Engine/UE_4.13/Engine/Plugins/Runtime/CableComponent/CableComponent.uplugin
LogPluginManager: Loaded Plugin CustomMeshComponent, From E:/Unreal Engine/UE_4.13/Engine/Plugins/Runtime/CustomMeshComponent/CustomMeshComponent.uplugin
LogPluginManager: Loaded Plugin ExampleDeviceProfileSelector, From E:/Unreal Engine/UE_4.13/Engine/Plugins/Runtime/ExampleDeviceProfileSelector/ExampleDeviceProfileSelector.uplugin
LogPluginManager: Loaded Plugin GearVR, From E:/Unreal Engine/UE_4.13/Engine/Plugins/Runtime/GearVR/GearVR.uplugin
LogPluginManager: Loaded Plugin GoogleVRController, From E:/Unreal Engine/UE_4.13/Engine/Plugins/Runtime/GoogleVR/GoogleVRController/GoogleVRController.uplugin
LogPluginManager: Loaded Plugin GoogleVRHMD, From E:/Unreal Engine/UE_4.13/Engine/Plugins/Runtime/GoogleVR/GoogleVRHMD/GoogleVRHMD.uplugin
LogPluginManager: Loaded Plugin IOSDeviceProfileSelector, From E:/Unreal Engine/UE_4.13/Engine/Plugins/Runtime/IOSDeviceProfileSelector/IOSDeviceProfileSelector.uplugin
LogPluginManager: Loaded Plugin LeapMotion, From E:/Unreal Engine/UE_4.13/Engine/Plugins/Runtime/LeapMotion/LeapMotion.uplugin
LogPluginManager: Loaded Plugin LinuxDeviceProfileSelector, From E:/Unreal Engine/UE_4.13/Engine/Plugins/Runtime/LinuxDeviceProfileSelector/LinuxDeviceProfileSelector.uplugin
LogPluginManager: Loaded Plugin LiveEditorListenServer, From E:/Unreal Engine/UE_4.13/Engine/Plugins/Runtime/LiveEditorListenServer/LiveEditorListenServer.uplugin
LogPluginManager: Loaded Plugin OculusAudio, From E:/Unreal Engine/UE_4.13/Engine/Plugins/Runtime/OculusAudio/OculusAudio.uplugin
LogPluginManager: Loaded Plugin OculusInput, From E:/Unreal Engine/UE_4.13/Engine/Plugins/Runtime/OculusInput/OculusInput.uplugin
LogPluginManager: Loaded Plugin OculusLibrary, From E:/Unreal Engine/UE_4.13/Engine/Plugins/Runtime/OculusLibrary/OculusLibrary.uplugin
LogPluginManager: Loaded Plugin OculusRift, From E:/Unreal Engine/UE_4.13/Engine/Plugins/Runtime/OculusRift/OculusRift.uplugin
LogPluginManager: Loaded Plugin Oodle, From E:/Unreal Engine/UE_4.13/Engine/Plugins/Runtime/PacketHandlers/CompressionComponents/Oodle/Oodle.uplugin
LogPluginManager: Loaded Plugin ProceduralMeshComponent, From E:/Unreal Engine/UE_4.13/Engine/Plugins/Runtime/ProceduralMeshComponent/ProceduralMeshComponent.uplugin
LogPluginManager: Loaded Plugin SoundMod, From E:/Unreal Engine/UE_4.13/Engine/Plugins/Runtime/SoundMod/SoundMod.uplugin
LogPluginManager: Loaded Plugin SoundVisualizations, From E:/Unreal Engine/UE_4.13/Engine/Plugins/Runtime/SoundVisualizations/SoundVisualizations.uplugin
LogPluginManager: Loaded Plugin SteamController, From E:/Unreal Engine/UE_4.13/Engine/Plugins/Runtime/Steam/SteamController/SteamController.uplugin
LogPluginManager: Loaded Plugin SteamVR, From E:/Unreal Engine/UE_4.13/Engine/Plugins/Runtime/Steam/SteamVR/SteamVR.uplugin
LogPluginManager: Loaded Plugin WebBrowserWidget, From E:/Unreal Engine/UE_4.13/Engine/Plugins/Runtime/WebBrowserWidget/WebBrowserWidget.uplugin
LogPluginManager: Loaded Plugin WindowsDeviceProfileSelector, From E:/Unreal Engine/UE_4.13/Engine/Plugins/Runtime/WindowsDeviceProfileSelector/WindowsDeviceProfileSelector.uplugin
LogPluginManager: Loaded Plugin WindowsMoviePlayer, From E:/Unreal Engine/UE_4.13/Engine/Plugins/Runtime/WindowsMoviePlayer/WindowsMoviePlayer.uplugin
LogPluginManager: Loaded Plugin ScriptPlugin, From E:/Unreal Engine/UE_4.13/Engine/Plugins/ScriptPlugin/ScriptPlugin.uplugin
LogPluginManager: Loaded Plugin SlateRemote, From E:/Unreal Engine/UE_4.13/Engine/Plugins/Slate/SlateRemote/SlateRemote.uplugin
LogInit: Using libcurl 7.47.1
LogInit:  - built for x86_64-pc-win32
LogInit:  - supports SSL with WinSSL
LogInit:  - other features:
LogInit:      CURL_VERSION_SSL
LogInit:      CURL_VERSION_IPV6
LogInit:      CURL_VERSION_ASYNCHDNS
LogInit:      CURL_VERSION_LARGEFILE
LogInit:      CURL_VERSION_IDN
LogInit:  CurlRequestOptions (configurable via config and command line):
LogInit:  - bVerifyPeer = false  - Libcurl will NOT verify peer certificate
LogInit:  - bUseHttpProxy = false  - Libcurl will NOT use HTTP proxy
LogInit:  - bDontReuseConnections = false  - Libcurl will reuse connections
LogInit:  - CertBundlePath = nullptr  - Libcurl will use whatever was configured at build time.
LogInit: Build: ++UE4+Release-4.13-CL-3172292
LogInit: Engine Version: 4.13.2-3172292+++UE4+Release-4.13
LogInit: Compatible Engine Version: 4.13.0-3106830+++UE4+Release-4.13
LogInit: Net CL: 3172292
LogDevObjectVersion: Number of dev versions registered: 13
LogDevObjectVersion:   Dev-Blueprints (B0D832E4-1F89-4F0D-ACCF-7EB736FD4AA2): 5
LogDevObjectVersion:   Dev-Build (E1C64328-A22C-4D53-A36C-8E866417BD8C): 0
LogDevObjectVersion:   Dev-Core (375EC13C-06E4-48FB-B500-84F0262A717E): 1
LogDevObjectVersion:   Dev-Editor (E4B068ED-F494-42E9-A231-DA0B2E46BB41): 6
LogDevObjectVersion:   Dev-Framework (CFFC743F-43B0-4480-9391-14DF171D2073): 12
LogDevObjectVersion:   Dev-Mobile (B02B49B5-BB20-44E9-A304-32B752E40360): 0
LogDevObjectVersion:   Dev-Networking (A4E4105C-59A1-49B5-A7C5-40C4547EDFEE): 0
LogDevObjectVersion:   Dev-Online (39C831C9-5AE6-47DC-9A44-9C173E1C8E7C): 0
LogDevObjectVersion:   Dev-Physics (78F01B33-EBEA-4F98-B9B4-84EACCB95AA2): 0
LogDevObjectVersion:   Dev-Platform (6631380F-2D4D-43E0-8009-CF276956A95A): 0
LogDevObjectVersion:   Dev-Rendering (12F88B9F-8875-4AFC-A67C-D90C383ABD29): 4
LogDevObjectVersion:   Dev-Sequencer (7B5AE74C-D270-4C10-A958-57980B212A5A): 0
LogDevObjectVersion:   Dev-VR (D7296918-1DD6-4BDD-9DE2-64A83CC13884): 0
LogInit: Compiled (64-bit): Oct 24 2016 14:29:06
LogInit: Compiled with Visual C++: 19.00.23026.00
LogInit: Build Configuration: Development
LogInit: Branch Name: ++UE4+Release-4.13
LogInit: Command line: 
LogInit: Base directory: E:/Unreal Engine/UE_4.13/Engine/Binaries/Win64/
LogInit: Installed Engine Build: 1
LogInit: Presizing for max 8388607 objects, including 0 objects not considered by GC, pre-allocating 0 bytes for permanent pool.
LogInit: Object subsystem initialized
[2017.04.14-01.52.19:333][  0]LogConsoleManager:Display: Setting the console variable 'r.RHICmdBypass' with 'SetByProjectSetting' was ignored as it is lower priority than the previous 'SetBySystemSettingsIni'
[2017.04.14-01.52.19:335][  0]LogInit: Selected Device Profile: [Windows]
[2017.04.14-01.52.19:335][  0]LogInit: Applying CVar settings loaded from the selected device profile: [Windows]
[2017.04.14-01.52.19:345][  0]LogInit: Computer: AI911LAB238VIV
[2017.04.14-01.52.19:345][  0]LogInit: User: StudentUser
[2017.04.14-01.52.19:345][  0]LogInit: CPU Page size=65536, Cores=4
[2017.04.14-01.52.19:345][  0]LogInit: High frequency timer resolution =3.410078 MHz
[2017.04.14-01.52.19:345][  0]LogMemory: Memory total: Physical=15.9GB (16GB approx)
[2017.04.14-01.52.19:345][  0]LogMemory: Platform Memory Stats for Windows
[2017.04.14-01.52.19:345][  0]LogMemory: Process Physical Memory: 256.55 MB used, 256.55 MB peak
[2017.04.14-01.52.19:345][  0]LogMemory: Process Virtual Memory: 260.07 MB used, 260.07 MB peak
[2017.04.14-01.52.19:345][  0]LogMemory: Physical Memory: 6254.72 MB used, 16291.25 MB total
[2017.04.14-01.52.19:345][  0]LogMemory: Virtual Memory: 623.24 MB used, 134217728.00 MB total
[2017.04.14-01.52.19:369][  0]LogTextLocalizationManager: No specific translations for ('en-US') exist, so ('en') translations will be used.
[2017.04.14-01.52.19:859][  0]LogD3D11RHI: D3D11 adapters:
[2017.04.14-01.52.19:883][  0]LogD3D11RHI:    0. 'NVIDIA GeForce GTX 970' (Feature Level 11_0)
[2017.04.14-01.52.19:883][  0]LogD3D11RHI:       4058/0/8145 MB DedicatedVideo/DedicatedSystem/SharedSystem, Outputs:1, VendorId:0x10de
[2017.04.14-01.52.19:885][  0]LogD3D11RHI:    1. 'Microsoft Basic Render Driver' (Feature Level 11_0)
[2017.04.14-01.52.19:885][  0]LogD3D11RHI:       0/0/8145 MB DedicatedVideo/DedicatedSystem/SharedSystem, Outputs:0, VendorId:0x1414
[2017.04.14-01.52.19:885][  0]LogD3D11RHI: Chosen D3D11 Adapter: 0
[2017.04.14-01.52.19:888][  0]LogD3D11RHI: Creating new Direct3DDevice
[2017.04.14-01.52.19:888][  0]LogD3D11RHI:     GPU DeviceId: 0x13c2 (for the marketing name, search the web for "GPU Device Id")
[2017.04.14-01.52.19:888][  0]LogWindows: EnumDisplayDevices:
[2017.04.14-01.52.19:889][  0]LogWindows:    0. 'NVIDIA GeForce GTX 970' (P:1 D:1)
[2017.04.14-01.52.19:889][  0]LogWindows:    1. 'NVIDIA GeForce GTX 970' (P:0 D:0)
[2017.04.14-01.52.19:889][  0]LogWindows:    2. 'NVIDIA GeForce GTX 970' (P:0 D:0)
[2017.04.14-01.52.19:889][  0]LogWindows:    3. 'NVIDIA GeForce GTX 970' (P:0 D:0)
[2017.04.14-01.52.19:889][  0]LogWindows: DebugString: FoundDriverCount:4 
[2017.04.14-01.52.19:889][  0]LogD3D11RHI:     Adapter Name: NVIDIA GeForce GTX 970
[2017.04.14-01.52.19:889][  0]LogD3D11RHI:   Driver Version: 369.09 (internal:21.21.13.6909, unified:369.09)
[2017.04.14-01.52.19:889][  0]LogD3D11RHI:      Driver Date: 8-1-2016
[2017.04.14-01.52.19:889][  0]LogRHI: Texture pool is 1361 MB (70% of 1945 MB)
[2017.04.14-01.52.19:905][  0]LogD3D11RHI: Async texture creation enabled
[2017.04.14-01.52.19:915][  0]LogD3D11RHI: GPU Timing Frequency: 1000.000000 (Debug: 2 1)
[2017.04.14-01.52.19:915][  0]LogShaderCompilers: Guid format shader working directory is -35 characters bigger than the processId version (C:/Users/StudentUser/Documents/GitHub/272072/Castle-Guard-Lone-Defender/BowsNArrows/Intermediate/Shaders/WorkingDirectory/10656/).
[2017.04.14-01.52.19:915][  0]LogShaderCompilers: Cleaned the shader compiler working directory 'C:/Users/STUDEN~1/AppData/Local/Temp/UnrealShaderWorkingDir/5132C58049D15EB2D94F2FAC0048D401/'.
[2017.04.14-01.52.19:915][  0]LogShaderCompilers:Display: Using Local Shader Compiler.
[2017.04.14-01.52.20:780][  0]LogTemp:Display: Loaded TP AllDesktopTargetPlatform
[2017.04.14-01.52.20:787][  0]LogTemp:Display: Loaded TP WindowsClientTargetPlatform
[2017.04.14-01.52.20:794][  0]LogTemp:Display: Loaded TP WindowsNoEditorTargetPlatform
[2017.04.14-01.52.20:801][  0]LogTemp:Display: Loaded TP WindowsServerTargetPlatform
[2017.04.14-01.52.20:808][  0]LogTemp:Display: Loaded TP WindowsTargetPlatform
[2017.04.14-01.52.20:814][  0]LogTemp:Display: Loaded TP AndroidTargetPlatform
[2017.04.14-01.52.20:820][  0]LogTemp:Display: Loaded TP Android_ASTCTargetPlatform
[2017.04.14-01.52.20:829][  0]LogTemp:Display: Loaded TP Android_ATCTargetPlatform
[2017.04.14-01.52.20:835][  0]LogTemp:Display: Loaded TP Android_DXTTargetPlatform
[2017.04.14-01.52.20:840][  0]LogTemp:Display: Loaded TP Android_ETC1TargetPlatform
[2017.04.14-01.52.20:846][  0]LogTemp:Display: Loaded TP Android_ETC2TargetPlatform
[2017.04.14-01.52.20:858][  0]LogTemp:Display: Loaded TP Android_MultiTargetPlatform
[2017.04.14-01.52.20:858][  0]LogTemp:Display: Loaded TP Android_PVRTCTargetPlatform
[2017.04.14-01.52.20:859][  0]LogTemp:Display: Loaded TP HTML5TargetPlatform
[2017.04.14-01.52.20:877][  0]LogTemp:Display: Loaded TP IOSTargetPlatform
[2017.04.14-01.52.20:883][  0]LogTemp:Display: Loaded TP TVOSTargetPlatform
[2017.04.14-01.52.20:889][  0]LogTemp:Display: Loaded TP LinuxClientTargetPlatform
[2017.04.14-01.52.20:894][  0]LogTemp:Display: Loaded TP LinuxNoEditorTargetPlatform
[2017.04.14-01.52.20:900][  0]LogTemp:Display: Loaded TP LinuxServerTargetPlatform
[2017.04.14-01.52.20:907][  0]LogTemp:Display: Loaded TP LinuxTargetPlatform
[2017.04.14-01.52.20:907][  0]LogTargetPlatformManager:Display: Building Assets For Windows
[2017.04.14-01.52.20:960][  0]LogDerivedDataCache:Display: Max Cache Size: 512 MB
[2017.04.14-01.52.21:043][  0]LogDerivedDataCache: Loaded boot cache 0.08s 91MB C:/Users/StudentUser/AppData/Local/UnrealEngine/4.13/DerivedDataCache/Boot.ddc.
[2017.04.14-01.52.21:043][  0]LogDerivedDataCache:Display: Loaded Boot cache: C:/Users/StudentUser/AppData/Local/UnrealEngine/4.13/DerivedDataCache/Boot.ddc
[2017.04.14-01.52.21:043][  0]LogDerivedDataCache: FDerivedDataBackendGraph:  Pak pak cache file C:/Users/StudentUser/Documents/GitHub/272072/Castle-Guard-Lone-Defender/BowsNArrows/DerivedDataCache/DDC.ddp not found, will not use a pak cache.
[2017.04.14-01.52.21:043][  0]LogDerivedDataCache: Unable to find inner node Pak for hierarchical cache Hierarchy.
[2017.04.14-01.52.21:043][  0]LogDerivedDataCache: FDerivedDataBackendGraph:  CompressedPak pak cache file C:/Users/StudentUser/Documents/GitHub/272072/Castle-Guard-Lone-Defender/BowsNArrows/DerivedDataCache/Compressed.ddp not found, will not use a pak cache.
[2017.04.14-01.52.21:043][  0]LogDerivedDataCache: Unable to find inner node CompressedPak for hierarchical cache Hierarchy.
[2017.04.14-01.52.21:058][  0]LogDerivedDataCache:Display: Pak cache opened for reading ../../../Engine/DerivedDataCache/Compressed.ddp.
[2017.04.14-01.52.21:070][  0]LogDerivedDataCache: Using Local data cache path C:/Users/StudentUser/AppData/Local/UnrealEngine/Common/DerivedDataCache: Writable
[2017.04.14-01.52.21:255][  0]LogInit: Selected Device Profile: [Windows]
[2017.04.14-01.52.21:258][  0]LogContentStreaming: Texture pool size is 0.00 MB
[2017.04.14-01.52.21:357][  0]LogMeshUtilities: No automatic mesh reduction module available
[2017.04.14-01.52.21:357][  0]LogMeshUtilities: No automatic mesh merging module available
[2017.04.14-01.52.21:357][  0]LogMeshUtilities: No distributed automatic mesh merging module available
[2017.04.14-01.52.21:416][  0]LogMaterial: Uniform references updated for custom material expression Custom.
[2017.04.14-01.52.21:683][  0]LogNetVersion: GetLocalNetworkVersion: CL: 3106830, ProjectName: newvrproject, ProjectVersion: , EngineNetworkVersion: 1, GameNetworkVersion: 0, NetworkChecksum: 537264761
[2017.04.14-01.52.21:718][  0]LogAssetRegistry: FAssetRegistry took 0.0213 seconds to start up
[2017.04.14-01.52.21:720][  0]LogDirectoryWatcher:Warning: Failed to begin reading directory changes for ../../../Engine/Plugins/Marketplace/RunebergVRPlugin/Content/. Error: The system cannot find the file specified. (0x00000002)
[2017.04.14-01.52.21:765][  0]LogPackageLocalizationCache: Processed 5 localized package path(s) for 2 prioritized culture(s) in 0.044904 seconds
[2017.04.14-01.52.21:769][  0]LogUObjectArray: 29778 objects as part of root set at end of initial load.
[2017.04.14-01.52.21:769][  0]LogUObjectAllocator: 6125456 out of 0 bytes used by permanent object pool.
[2017.04.14-01.52.21:769][  0]LogUObjectArray: CloseDisregardForGC: 0/0 objects in disregard for GC pool
[2017.04.14-01.52.21:773][  0]LogInit: WinSock: version 1.1 (2.2), MaxSocks=32767, MaxUdp=65467
[2017.04.14-01.52.21:948][  0]LogSlate: SlateFontCache - WITH_FREETYPE: 1, WITH_HARFBUZZ: 1
[2017.04.14-01.52.21:948][  0]LogSlate: SlateFontCache - WITH_FREETYPE: 1, WITH_HARFBUZZ: 1
[2017.04.14-01.52.22:516][  0]LogSubstanceCoreModule: Substance CPU Engine Loaded, Max Texture Size 2048
[2017.04.14-01.52.22:523][  0]LogTcpMessaging: Initializing TcpMessaging bridge
[2017.04.14-01.52.22:541][  0]LogUdpMessaging: Initializing bridge on interface 0.0.0.0:0 to multicast group 230.0.0.1:6666.
[2017.04.14-01.52.22:751][  0]SourceControl: Info Source control is disabled
[2017.04.14-01.52.22:785][  0]SourceControl: Info Source control is disabled
[2017.04.14-01.52.22:791][  0]SourceControl: Info Source control is disabled
[2017.04.14-01.52.22:798][  0]SourceControl: Info Source control is disabled
[2017.04.14-01.52.23:066][  0]LogEngine: Initializing Engine...
[2017.04.14-01.52.23:126][  0]LogHMD: SteamVR initialized.  Driver: lighthouse  Display: LHR-A4D81BA4
[2017.04.14-01.52.23:265][  0]LogAIModule: Creating AISystem for world Untitled
[2017.04.14-01.52.23:276][  0]LogInit: XAudio2 using 'HTC-VIVE-0 (NVIDIA High Definition Audio)' : 2 channels at 48 kHz using 16 bits per sample (channel mask 0x3)
[2017.04.14-01.52.23:283][  0]LogInit: FAudioDevice initialized.
[2017.04.14-01.52.23:335][  0]LogDerivedDataCache: Saved boot cache 0.05s 91MB C:/Users/StudentUser/AppData/Local/UnrealEngine/4.13/DerivedDataCache/Boot.ddc.
[2017.04.14-01.52.23:351][  0]LogInit: Texture streaming: Enabled
[2017.04.14-01.52.23:386][  0]LogInit: Transaction tracking system initialized
[2017.04.14-01.52.23:403][  0]BlueprintLog: New page: Editor Load
[2017.04.14-01.52.23:460][  0]LocalizationService: Info Localization service is disabled
[2017.04.14-01.52.23:536][  0]LogConsoleResponse:Display: 
[2017.04.14-01.52.23:716][  0]LogCook:Display: Max memory allowance for cook 16384mb min free memory 0mb
[2017.04.14-01.52.23:716][  0]LogCook:Display: Mobile HDR setting 1
[2017.04.14-01.52.23:838][  0]LogFileCache: Scanning file cache for directory 'C:/Users/StudentUser/Documents/GitHub/272072/Castle-Guard-Lone-Defender/BowsNArrows/Content/' took 0.01s
[2017.04.14-01.52.23:838][  0]SourceControl: Info Source control is disabled
[2017.04.14-01.52.23:838][  0]Cmd: MAP LOAD FILE="C:/Users/StudentUser/Documents/GitHub/272072/Castle-Guard-Lone-Defender/BowsNArrows/Content/VirtualRealityBP/Maps/StartupMap.umap" TEMPLATE=0 SHOWPROGRESS=1 FEATURELEVEL=3
[2017.04.14-01.52.23:839][  0]LightingResults: New page: Lighting Build
[2017.04.14-01.52.23:840][  0]MapCheck: New page: Map Check
[2017.04.14-01.52.23:840][  0]LightingResults: New page: Lighting Build
[2017.04.14-01.52.24:069][  0]ImportText (/Game/Blueprints/Character/Hands/BP_LeftHand.BP_LeftHand_C:Grab.CallFunc_GrabPressed__GrabTransform): Missing opening parenthesis: 
[2017.04.14-01.52.24:069][  0]ImportText (/Game/Blueprints/Character/Hands/BP_LeftHand.BP_LeftHand_C:TriggerPressed*.GrabTransform): Missing opening parenthesis: 
[2017.04.14-01.52.24:069][  0]ImportText (/Game/Blueprints/Character/Hands/BP_LeftHand.BP_LeftHand_C:GrabPressed*.GrabTransform): Missing opening parenthesis: 
[2017.04.14-01.52.24:093][  0]ImportText (/Game/Blueprints/Character/Hands/BP_LeftHand.BP_LeftHand_C:Grab.CallFunc_GrabPressed__GrabTransform): Missing opening parenthesis: 
[2017.04.14-01.52.24:093][  0]ImportText (/Game/Blueprints/Character/Hands/BP_LeftHand.BP_LeftHand_C:TriggerPressed*.GrabTransform): Missing opening parenthesis: 
[2017.04.14-01.52.24:094][  0]ImportText (/Game/Blueprints/Character/Hands/BP_LeftHand.BP_LeftHand_C:GrabPressed*.GrabTransform): Missing opening parenthesis: 
[2017.04.14-01.52.24:151][  0]LogBlueprint:Warning: [Bow] 'ProjectileMovement' variable not found. Base class was probably changed.
[2017.04.14-01.52.24:152][  0]LogBlueprint:Warning: [Bow] 'Base' variable not found. Base class was probably changed.
[2017.04.14-01.52.24:153][  0]LogBlueprint:Warning: [Bow] 'Base' variable not found. Base class was probably changed.
[2017.04.14-01.52.24:156][  0]LogBlueprint:Warning: [Bow] 'ProjectileMovement' variable not found. Base class was probably changed.
[2017.04.14-01.52.24:196][  0]ImportText (/Game/Blueprints/Weapons/Bow.Bow_C:TriggerPressed*.GrabTransform): Missing opening parenthesis: 
[2017.04.14-01.52.24:229][  0]ImportText (/Game/Blueprints/Weapons/Bow.Bow_C:TriggerPressed*.GrabTransform): Missing opening parenthesis: 
[2017.04.14-01.52.24:484][  0]LogMaterial: Missing cached shader map for material M_Emissive_Color, compiling. 
[2017.04.14-01.52.25:293][  0]LogTexture:Display: Building textures: VivePreControllerSpec (AutoDXT)
[2017.04.14-01.52.25:912][  0]LogTexture:Display: Building textures: VivePreControllerDiffuse (AutoDXT)
[2017.04.14-01.52.26:438][  0]LogTexture:Display: Building textures: VivePreController_MasksA (AutoDXT)
[2017.04.14-01.52.26:517][  0]LogTexture:Display: Building textures: VivePreController_MasksB (AutoDXT)
[2017.04.14-01.52.26:536][  0]LogTexture:Display: Building textures: VRButtonBackground (BGRA8)
[2017.04.14-01.52.26:596][  0]LogTexture:Display: Building textures: T_VivePreController_EM (AutoDXT)
[2017.04.14-01.52.26:907][  0]LogMaterial: Missing cached shader map for material VivePreControllerMaterial, compiling. 
[2017.04.14-01.52.27:053][  0]LogAIModule: Creating AISystem for world StartupMap
[2017.04.14-01.52.27:123][  0]LogPrimitiveComponent:Warning: CreateDynamicMaterialInstance on /Game/VirtualRealityBP/Maps/StartupMap.StartupMap:PersistentLevel.Bow_1058.StringMesh: Material index 0 is invalid.
[2017.04.14-01.52.27:134][  0]LogEditorServer: Finished looking for orphan Actors (0.000 secs)
[2017.04.14-01.52.27:134][  0]Cmd: MAP CHECKDEP NOCLEARLOG
[2017.04.14-01.52.27:181][  0]MapCheck: Info Map check complete: 0 Error(s), 0 Warning(s), took 46.951ms to complete.
[2017.04.14-01.52.27:181][  0]LogFileHelpers: Loading map 'StartupMap' took 3.343
[2017.04.14-01.52.27:764][  0]LogCollectionManager: Loaded 0 collections in 0.002250 seconds
[2017.04.14-01.52.27:906][  0]LogFileCache: Scanning file cache for directory 'C:/Users/StudentUser/Documents/GitHub/272072/Castle-Guard-Lone-Defender/BowsNArrows/Saved/Collections/' took 0.01s
[2017.04.14-01.52.27:906][  0]LogFileCache: Scanning file cache for directory 'C:/Users/StudentUser/Documents/GitHub/272072/Castle-Guard-Lone-Defender/BowsNArrows/Content/Developers/StudentUser/Collections/' took 0.01s
[2017.04.14-01.52.27:906][  0]LogFileCache: Scanning file cache for directory 'C:/Users/StudentUser/Documents/GitHub/272072/Castle-Guard-Lone-Defender/BowsNArrows/Content/Collections/' took 0.01s
[2017.04.14-01.52.27:906][  0]LogCollectionManager: Rebuilt the GUID cache for 0 collections in 0.000003 seconds
[2017.04.14-01.52.27:934][  0]LogContentBrowser: Native class hierarchy populated in 0.0107 seconds. Added 2164 classes and 432 folders.
[2017.04.14-01.52.27:962][  0]LogStats: UGameplayTagsManager::ConstructGameplayTagTree: Construct from data asset -  0.000 s
[2017.04.14-01.52.27:962][  0]LogStats: UGameplayTagsManager::ConstructGameplayTagTree: GameplayTagTreeChangedEvent.Broadcast -  0.000 s
[2017.04.14-01.52.27:971][  0]LogContentBrowser: Native class hierarchy updated for 'GameplayTags' in 0.0008 seconds. Added 12 classes and 0 folders.
[2017.04.14-01.52.28:000][  0]LogContentBrowser: Native class hierarchy updated for 'WidgetCarousel' in 0.0004 seconds. Added 0 classes and 0 folders.
[2017.04.14-01.52.29:082][  0]LogContentBrowser: Native class hierarchy updated for 'AddContentDialog' in 0.0004 seconds. Added 0 classes and 0 folders.
[2017.04.14-01.52.29:216][  0]LogContentBrowser: Native class hierarchy updated for 'SceneOutliner' in 0.0005 seconds. Added 1 classes and 2 folders.
[2017.04.14-01.52.29:478][  0]LogCrashTracker: Crashtracker disabled due to settings.
[2017.04.14-01.52.29:635][  0]LogUObjectGlobals:Warning: Failed to find object 'Class None.'
[2017.04.14-01.52.29:686][  0]LogContentBrowser: Native class hierarchy updated for 'HierarchicalLODOutliner' in 0.0004 seconds. Added 1 classes and 2 folders.
[2017.04.14-01.52.29:686][  0]LogLoad: (Engine Initialization) Total time: 11.19 seconds
[2017.04.14-01.52.29:686][  0]LogLoad: (Engine Initialization) Total Blueprint compile time: 0.18 seconds
[2017.04.14-01.52.29:686][  0]LogExternalProfiler: Found external profiler: VSPerf
[2017.04.14-01.52.29:686][  0]LogExternalProfiler: Using external profiler: VSPerf
[2017.04.14-01.52.30:025][  0]LogOcInput: OculusInput pre-init called
[2017.04.14-01.52.30:107][  0]LogContentStreaming: Texture pool size now 1000 MB
[2017.04.14-01.52.30:536][  0]LogRenderer: Reallocating scene render targets to support 980x556 (Frame:2).
[2017.04.14-01.52.31:103][  2]LogAssetRegistry: Asset discovery search completed in 9.4069 seconds
[2017.04.14-01.52.31:103][  2]LogCollectionManager: Rebuilt the object cache for 0 collections in 0.000001 seconds (found 0 objects)
[2017.04.14-01.52.31:103][  2]LogCollectionManager: Fixed up redirectors for 0 collections in 0.000017 seconds (updated 0 objects)
[2017.04.14-01.52.48:718][911]Cmd: MAP LOAD FILE="C:/Users/StudentUser/Documents/GitHub/272072/Castle-Guard-Lone-Defender/BowsNArrows/Content/VirtualRealityBP/Maps/MotionControllerMap.umap" TEMPLATE=0 SHOWPROGRESS=1 FEATURELEVEL=3
[2017.04.14-01.52.48:747][911]LightingResults: New page: Lighting Build
[2017.04.14-01.52.48:747][911]LoadErrors: New page: Loading map: MotionControllerMap.umap
[2017.04.14-01.52.48:750][911]MapCheck: New page: Map Check
[2017.04.14-01.52.48:750][911]LightingResults: New page: Lighting Build
[2017.04.14-01.52.49:094][911]LogBlueprint:Warning: [BowController] 'LSideNook' variable not found. Base class was probably changed.
[2017.04.14-01.52.49:094][911]LogBlueprint:Warning: [BowController] 'RSideNook' variable not found. Base class was probably changed.
[2017.04.14-01.52.49:094][911]LogBlueprint:Warning: [BowController] 'HoldingHand' variable not found. Base class was probably changed.
[2017.04.14-01.52.49:094][911]LogBlueprint:Warning: [BowController] 'StringMesh' variable not found. Base class was probably changed.
[2017.04.14-01.52.49:094][911]LogBlueprint:Warning: [BowController] 'CurrentArrow' variable not found. Base class was probably changed.
[2017.04.14-01.52.49:094][911]LogBlueprint:Warning: [BowController] 'StringHandBP' variable not found. Base class was probably changed.
[2017.04.14-01.52.49:094][911]LogBlueprint:Warning: [BowController] 'StringSphere' variable not found. Base class was probably changed.
[2017.04.14-01.52.49:117][911]LogBlueprint:Error: [Compiler BowController] Error The property associated with  StringMesh  could not be found
[2017.04.14-01.52.49:117][911]LogBlueprint:Error: [Compiler BowController] Error The property associated with  StringSphere  could not be found
[2017.04.14-01.52.49:133][911]LogBlueprint:Warning: [Compiler BowController] Warning [0030.64] Compile of BowController failed. 2 Fatal Issue(s) 0 Warning(s) [in 32 ms] (/Game/Blueprints/VRPawnHandling/BowController.BowController)
[2017.04.14-01.52.49:133][911]LogBlueprint:Warning: [Compiler BowController] Warning [0030.64] Compile of BowController failed. 2 Fatal Issue(s) 1 Warning(s) [in 0 ms] (/Game/Blueprints/VRPawnHandling/BowController.BowController)
[2017.04.14-01.52.49:133][911]LogBlueprint:Warning: [Compiler BowController] Warning [0030.64] Compile of BowController failed. 2 Fatal Issue(s) 2 Warning(s) [in 0 ms] (/Game/Blueprints/VRPawnHandling/BowController.BowController)
[2017.04.14-01.52.49:152][911]LogBlueprint:Error: [Compiler BowController] Error The property associated with  StringMesh  could not be found
[2017.04.14-01.52.49:153][911]LogBlueprint:Error: [Compiler BowController] Error The property associated with  StringSphere  could not be found
[2017.04.14-01.52.49:169][911]LogBlueprint:Warning: [Compiler BowController] Warning [0030.67] Compile of BowController failed. 2 Fatal Issue(s) 0 Warning(s) [in 31 ms] (/Game/Blueprints/VRPawnHandling/BowController.BowController)
[2017.04.14-01.52.49:169][911]LogBlueprint:Warning: [Compiler BowController] Warning [0030.67] Compile of BowController failed. 2 Fatal Issue(s) 1 Warning(s) [in 0 ms] (/Game/Blueprints/VRPawnHandling/BowController.BowController)
[2017.04.14-01.52.49:169][911]LogBlueprint:Warning: [Compiler BowController] Warning [0030.67] Compile of BowController failed. 2 Fatal Issue(s) 2 Warning(s) [in 0 ms] (/Game/Blueprints/VRPawnHandling/BowController.BowController)
[2017.04.14-01.52.49:551][911]LogTexture:Display: Building textures: T_Wood_Walnut_D (AutoDXT)
[2017.04.14-01.52.51:714][911]LogTexture:Display: Building textures: T_Wood_Walnut_N (BC5)
[2017.04.14-01.52.52:090][911]LogMaterial: Missing cached shader map for material M_Wood_Walnut, compiling. 
[2017.04.14-01.52.52:657][911]LogAIModule: Creating AISystem for world MotionControllerMap
[2017.04.14-01.52.52:692][911]LogEditorServer: Finished looking for orphan Actors (0.000 secs)
[2017.04.14-01.52.52:759][911]Cmd: MAP CHECKDEP NOCLEARLOG
[2017.04.14-01.52.52:818][911]MapCheck: Info Map check complete: 0 Error(s), 0 Warning(s), took 58.168ms to complete.
[2017.04.14-01.52.52:818][911]LogFileHelpers: Loading map 'MotionControllerMap' took 4.100
[2017.04.14-01.52.52:827][911]LogTexture:Display: Building textures: BadBlueprintSprite (BGRA8)
[2017.04.14-01.53.04:741][270]LogBlueprintUserMessages: Early PlayInEditor Detection: Level '/Game/VirtualRealityBP/Maps/MotionControllerMap.MotionControllerMap:PersistentLevel' has LevelScriptBlueprint '/Game/VirtualRealityBP/Maps/MotionControllerMap.MotionControllerMap:PersistentLevel.MotionControllerMap' with GeneratedClass '/Game/VirtualRealityBP/Maps/MotionControllerMap.MotionControllerMap_C' with ClassGeneratedBy '/Game/VirtualRealityBP/Maps/MotionControllerMap.MotionControllerMap:PersistentLevel.MotionControllerMap'
[2017.04.14-01.53.04:756][270]LogPlayLevel: PlayLevel: No blueprints needed recompiling
[2017.04.14-01.53.07:415][270]PIE: New page: PIE session: MotionControllerMap (Apr 13, 2017, 10:53:07 AM)
[2017.04.14-01.53.07:415][270]LogPlayLevel: Creating play world package: /Game/VirtualRealityBP/Maps/UEDPIE_0_MotionControllerMap
[2017.04.14-01.53.07:425][270]LogPlayLevel: PIE: StaticDuplicateObject took: (0.009999s)
[2017.04.14-01.53.07:425][270]LogAIModule: Creating AISystem for world MotionControllerMap
[2017.04.14-01.53.07:425][270]LogPlayLevel: PIE: World Init took: (0.000645s)
[2017.04.14-01.53.07:426][270]LogPlayLevel: PIE: Created PIE world by copying editor world from /Game/VirtualRealityBP/Maps/MotionControllerMap.MotionControllerMap to /Game/VirtualRealityBP/Maps/UEDPIE_0_MotionControllerMap.MotionControllerMap (0.010880s)
[2017.04.14-01.53.07:456][270]LogInit: XAudio2 using 'HTC-VIVE-0 (NVIDIA High Definition Audio)' : 2 channels at 48 kHz using 16 bits per sample (channel mask 0x3)
[2017.04.14-01.53.07:460][270]LogInit: FAudioDevice initialized.
[2017.04.14-01.53.07:611][270]LogWorld: Game class is 'SharpShooterGM_C'
[2017.04.14-01.53.07:654][270]LogWorld: Bringing World /Game/VirtualRealityBP/Maps/UEDPIE_0_MotionControllerMap.MotionControllerMap up for play (max tick rate 0) at 2017.04.13-18.53.07
[2017.04.14-01.53.07:695][270]LogWorld: Bringing up level for play took: 0.037977
[2017.04.14-01.53.07:768][270]LogContentBrowser: Native class hierarchy updated for 'MovieSceneCapture' in 0.0005 seconds. Adde