Log file open, 02/16/17 11:35:42
LogInit:Display: Running engine for game: NewVRProject
LogPlatformFile: Not using cached read wrapper
LogInit:Display: RandInit(-1790920140) SRandInit(-1790920140).
LogTaskGraph: Started task graph with 5 named threads and 8 total threads with 1 sets of task threads.
LogStats: Stats thread started at 0.076611
LogPluginManager: Loaded Plugin Paper2D, From E:/UnrealArchives/4.13/Engine/Plugins/2D/Paper2D/Paper2D.uplugin
LogPluginManager: Loaded Plugin LightPropagationVolume, From E:/UnrealArchives/4.13/Engine/Plugins/Blendables/LightPropagationVolume/LightPropagationVolume.uplugin
LogPluginManager: Loaded Plugin BlankPlugin, From E:/UnrealArchives/4.13/Engine/Plugins/Developer/BlankPlugin/BlankPlugin.uplugin
LogPluginManager: Loaded Plugin CodeLiteSourceCodeAccess, From E:/UnrealArchives/4.13/Engine/Plugins/Developer/CodeLiteSourceCodeAccess/CodeLiteSourceCodeAccess.uplugin
LogPluginManager: Loaded Plugin GitSourceControl, From E:/UnrealArchives/4.13/Engine/Plugins/Developer/GitSourceControl/GitSourceControl.uplugin
LogPluginManager: Loaded Plugin KDevelopSourceCodeAccess, From E:/UnrealArchives/4.13/Engine/Plugins/Developer/KDevelopSourceCodeAccess/KDevelopSourceCodeAccess.uplugin
LogPluginManager: Loaded Plugin NullSourceCodeAccess, From E:/UnrealArchives/4.13/Engine/Plugins/Developer/NullSourceCodeAccess/NullSourceCodeAccess.uplugin
LogPluginManager: Loaded Plugin OneSkyLocalizationService, From E:/UnrealArchives/4.13/Engine/Plugins/Developer/OneSkyLocalizationService/OneSkyLocalizationService.uplugin
LogPluginManager: Loaded Plugin PerforceSourceControl, From E:/UnrealArchives/4.13/Engine/Plugins/Developer/PerforceSourceControl/PerforceSourceControl.uplugin
LogPluginManager: Loaded Plugin SubversionSourceControl, From E:/UnrealArchives/4.13/Engine/Plugins/Developer/SubversionSourceControl/SubversionSourceControl.uplugin
LogPluginManager: Loaded Plugin UObjectPlugin, From E:/UnrealArchives/4.13/Engine/Plugins/Developer/UObjectPlugin/UObjectPlugin.uplugin
LogPluginManager: Loaded Plugin VisualStudioSourceCodeAccess, From E:/UnrealArchives/4.13/Engine/Plugins/Developer/VisualStudioSourceCodeAccess/VisualStudioSourceCodeAccess.uplugin
LogPluginManager: Loaded Plugin XCodeSourceCodeAccess, From E:/UnrealArchives/4.13/Engine/Plugins/Developer/XCodeSourceCodeAccess/XCodeSourceCodeAccess.uplugin
LogPluginManager: Loaded Plugin EpicSurvey, From E:/UnrealArchives/4.13/Engine/Plugins/Editor/EpicSurvey/EpicSurvey.uplugin
LogPluginManager: Loaded Plugin MacGraphicsSwitching, From E:/UnrealArchives/4.13/Engine/Plugins/Editor/MacGraphicsSwitching/MacGraphicsSwitching.uplugin
LogPluginManager: Loaded Plugin MobileLauncherProfileWizard, From E:/UnrealArchives/4.13/Engine/Plugins/Editor/MobileLauncherProfileWizard/MobileLauncherProfileWizard.uplugin
LogPluginManager: Loaded Plugin PluginBrowser, From E:/UnrealArchives/4.13/Engine/Plugins/Editor/PluginBrowser/PluginBrowser.uplugin
LogPluginManager: Loaded Plugin SpeedTreeImporter, From E:/UnrealArchives/4.13/Engine/Plugins/Editor/SpeedTreeImporter/SpeedTreeImporter.uplugin
LogPluginManager: Loaded Plugin SuperSearchEditor, From E:/UnrealArchives/4.13/Engine/Plugins/Editor/SuperSearchEditor/SuperSearchEditor.uplugin
LogPluginManager: Loaded Plugin AlembicImporter, From E:/UnrealArchives/4.13/Engine/Plugins/Experimental/AlembicImporter/AlembicImporter.uplugin
LogPluginManager: Loaded Plugin BlueprintStats, From E:/UnrealArchives/4.13/Engine/Plugins/Experimental/BlueprintStats/BlueprintStats.uplugin
LogPluginManager: Loaded Plugin CharacterAI, From E:/UnrealArchives/4.13/Engine/Plugins/Experimental/CharacterAI/CharacterAI.uplugin
LogPluginManager: Loaded Plugin CodeEditor, From E:/UnrealArchives/4.13/Engine/Plugins/Experimental/CodeEditor/CodeEditor.uplugin
LogPluginManager: Loaded Plugin CodeView, From E:/UnrealArchives/4.13/Engine/Plugins/Experimental/CodeView/CodeView.uplugin
LogPluginManager: Loaded Plugin HTML5Networking, From E:/UnrealArchives/4.13/Engine/Plugins/Experimental/HTML5Networking/HTML5Networking.uplugin
LogPluginManager: Loaded Plugin LiveEditor, From E:/UnrealArchives/4.13/Engine/Plugins/Experimental/LiveEditor/LiveEditor.uplugin
LogPluginManager: Loaded Plugin OSVR, From E:/UnrealArchives/4.13/Engine/Plugins/Experimental/OSVR/OSVR.uplugin
LogPluginManager: Loaded Plugin Phya, From E:/UnrealArchives/4.13/Engine/Plugins/Experimental/Phya/Phya.uplugin
LogPluginManager: Loaded Plugin SignificanceManager, From E:/UnrealArchives/4.13/Engine/Plugins/Experimental/SignificanceManager/SignificanceManager.uplugin
LogPluginManager: Loaded Plugin SimpleHMD, From E:/UnrealArchives/4.13/Engine/Plugins/Experimental/SimpleHMD/SimpleHMD.uplugin
LogPluginManager: Loaded Plugin StereoPanorama, From E:/UnrealArchives/4.13/Engine/Plugins/Experimental/StereoPanorama/StereoPanorama.uplugin
LogPluginManager: Loaded Plugin StructBox, From E:/UnrealArchives/4.13/Engine/Plugins/Experimental/StructBox/StructBox.uplugin
LogPluginManager: Loaded Plugin GestureTrackerVR, From E:/UnrealArchives/4.13/Engine/Plugins/Marketplace/GestureTrackerVR/GestureTrackerVR.uplugin
LogPluginManager: Loaded Plugin RunebergVRPlugin, From E:/UnrealArchives/4.13/Engine/Plugins/Marketplace/RunebergVRPlugin/RunebergVRPlugin.uplugin
LogPluginManager: Loaded Plugin ShadowMocap, From E:/UnrealArchives/4.13/Engine/Plugins/Marketplace/ShadowMocap/ShadowMocap.uplugin
LogPluginManager: Loaded Plugin Substance, From E:/UnrealArchives/4.13/Engine/Plugins/Marketplace/Substance/Substance.uplugin
LogPluginManager: Loaded Plugin AndroidMedia, From E:/UnrealArchives/4.13/Engine/Plugins/Media/AndroidMedia/AndroidMedia.uplugin
LogPluginManager: Loaded Plugin AvfMedia, From E:/UnrealArchives/4.13/Engine/Plugins/Media/AvfMedia/AvfMedia.uplugin
LogPluginManager: Loaded Plugin MediaPlayerEditor, From E:/UnrealArchives/4.13/Engine/Plugins/Media/MediaPlayerEditor/MediaPlayerEditor.uplugin
LogPluginManager: Loaded Plugin WmfMedia, From E:/UnrealArchives/4.13/Engine/Plugins/Media/WmfMedia/WmfMedia.uplugin
LogPluginManager: Loaded Plugin MessagingDebugger, From E:/UnrealArchives/4.13/Engine/Plugins/Messaging/MessagingDebugger/MessagingDebugger.uplugin
LogPluginManager: Loaded Plugin TcpMessaging, From E:/UnrealArchives/4.13/Engine/Plugins/Messaging/TcpMessaging/TcpMessaging.uplugin
LogPluginManager: Loaded Plugin UdpMessaging, From E:/UnrealArchives/4.13/Engine/Plugins/Messaging/UdpMessaging/UdpMessaging.uplugin
LogPluginManager: Loaded Plugin LevelSequenceEditor, From E:/UnrealArchives/4.13/Engine/Plugins/MovieScene/LevelSequenceEditor/LevelSequenceEditor.uplugin
LogPluginManager: Loaded Plugin MatineeToLevelSequence, From E:/UnrealArchives/4.13/Engine/Plugins/MovieScene/MatineeToLevelSequence/MatineeToLevelSequence.uplugin
LogPluginManager: Loaded Plugin NetcodeUnitTest, From E:/UnrealArchives/4.13/Engine/Plugins/NetcodeUnitTest/NetcodeUnitTest/NetcodeUnitTest.uplugin
LogPluginManager: Loaded Plugin NUTUnrealEngine4, From E:/UnrealArchives/4.13/Engine/Plugins/NetcodeUnitTest/NUTUnrealEngine4/NUTUnrealEngine4.uplugin
LogPluginManager: Loaded Plugin OnlineSubsystemGooglePlay, From E:/UnrealArchives/4.13/Engine/Plugins/Online/Android/OnlineSubsystemGooglePlay/OnlineSubsystemGooglePlay.uplugin
LogPluginManager: Loaded Plugin OnlineSubsystemIOS, From E:/UnrealArchives/4.13/Engine/Plugins/Online/IOS/OnlineSubsystemIOS/OnlineSubsystemIOS.uplugin
LogPluginManager: Loaded Plugin OnlineFramework, From E:/UnrealArchives/4.13/Engine/Plugins/Online/OnlineFramework/OnlineFramework.uplugin
LogPluginManager: Loaded Plugin OnlineSubsystem, From E:/UnrealArchives/4.13/Engine/Plugins/Online/OnlineSubsystem/OnlineSubsystem.uplugin
LogPluginManager: Loaded Plugin OnlineSubsystemAmazon, From E:/UnrealArchives/4.13/Engine/Plugins/Online/OnlineSubsystemAmazon/OnlineSubsystemAmazon.uplugin
LogPluginManager: Loaded Plugin OnlineSubsystemFacebook, From E:/UnrealArchives/4.13/Engine/Plugins/Online/OnlineSubsystemFacebook/OnlineSubsystemFacebook.uplugin
LogPluginManager: Loaded Plugin OnlineSubsystemNull, From E:/UnrealArchives/4.13/Engine/Plugins/Online/OnlineSubsystemNull/OnlineSubsystemNull.uplugin
LogPluginManager: Loaded Plugin OnlineSubsystemOculus, From E:/UnrealArchives/4.13/Engine/Plugins/Online/OnlineSubsystemOculus/OnlineSubsystemOculus.uplugin
LogPluginManager: Loaded Plugin OnlineSubsystemSteam, From E:/UnrealArchives/4.13/Engine/Plugins/Online/OnlineSubsystemSteam/OnlineSubsystemSteam.uplugin
LogPluginManager: Loaded Plugin OnlineSubsystemUtils, From E:/UnrealArchives/4.13/Engine/Plugins/Online/OnlineSubsystemUtils/OnlineSubsystemUtils.uplugin
LogPluginManager: Loaded Plugin IOSTapJoy, From E:/UnrealArchives/4.13/Engine/Plugins/Runtime/Advertising/IOSTapJoy/IOSTapJoy.uplugin
LogPluginManager: Loaded Plugin AnalyticsBlueprintLibrary, From E:/UnrealArchives/4.13/Engine/Plugins/Runtime/Analytics/AnalyticsBlueprintLibrary/AnalyticsBlueprintLibrary.uplugin
LogPluginManager: Loaded Plugin AnalyticsMulticast, From E:/UnrealArchives/4.13/Engine/Plugins/Runtime/Analytics/AnalyticsMulticast/AnalyticsMulticast.uplugin
LogPluginManager: Loaded Plugin Apsalar, From E:/UnrealArchives/4.13/Engine/Plugins/Runtime/Analytics/Apsalar/Apsalar.uplugin
LogPluginManager: Loaded Plugin FileLogging, From E:/UnrealArchives/4.13/Engine/Plugins/Runtime/Analytics/FileLogging/FileLogging.uplugin
LogPluginManager: Loaded Plugin Flurry, From E:/UnrealArchives/4.13/Engine/Plugins/Runtime/Analytics/Flurry/Flurry.uplugin
LogPluginManager: Loaded Plugin AndroidDeviceProfileSelector, From E:/UnrealArchives/4.13/Engine/Plugins/Runtime/AndroidDeviceProfileSelector/AndroidDeviceProfileSelector.uplugin
LogPluginManager: Loaded Plugin AndroidMoviePlayer, From E:/UnrealArchives/4.13/Engine/Plugins/Runtime/AndroidMoviePlayer/AndroidMoviePlayer.uplugin
LogPluginManager: Loaded Plugin AppleMoviePlayer, From E:/UnrealArchives/4.13/Engine/Plugins/Runtime/AppleMoviePlayer/AppleMoviePlayer.uplugin
LogPluginManager: Loaded Plugin ArchVisCharacter, From E:/UnrealArchives/4.13/Engine/Plugins/Runtime/ArchVisCharacter/ArchVisCharacter.uplugin
LogPluginManager: Loaded Plugin CableComponent, From E:/UnrealArchives/4.13/Engine/Plugins/Runtime/CableComponent/CableComponent.uplugin
LogPluginManager: Loaded Plugin CustomMeshComponent, From E:/UnrealArchives/4.13/Engine/Plugins/Runtime/CustomMeshComponent/CustomMeshComponent.uplugin
LogPluginManager: Loaded Plugin ExampleDeviceProfileSelector, From E:/UnrealArchives/4.13/Engine/Plugins/Runtime/ExampleDeviceProfileSelector/ExampleDeviceProfileSelector.uplugin
LogPluginManager: Loaded Plugin GearVR, From E:/UnrealArchives/4.13/Engine/Plugins/Runtime/GearVR/GearVR.uplugin
LogPluginManager: Loaded Plugin GoogleVRController, From E:/UnrealArchives/4.13/Engine/Plugins/Runtime/GoogleVR/GoogleVRController/GoogleVRController.uplugin
LogPluginManager: Loaded Plugin GoogleVRHMD, From E:/UnrealArchives/4.13/Engine/Plugins/Runtime/GoogleVR/GoogleVRHMD/GoogleVRHMD.uplugin
LogPluginManager: Loaded Plugin IOSDeviceProfileSelector, From E:/UnrealArchives/4.13/Engine/Plugins/Runtime/IOSDeviceProfileSelector/IOSDeviceProfileSelector.uplugin
LogPluginManager: Loaded Plugin LeapMotion, From E:/UnrealArchives/4.13/Engine/Plugins/Runtime/LeapMotion/LeapMotion.uplugin
LogPluginManager: Loaded Plugin LinuxDeviceProfileSelector, From E:/UnrealArchives/4.13/Engine/Plugins/Runtime/LinuxDeviceProfileSelector/LinuxDeviceProfileSelector.uplugin
LogPluginManager: Loaded Plugin LiveEditorListenServer, From E:/UnrealArchives/4.13/Engine/Plugins/Runtime/LiveEditorListenServer/LiveEditorListenServer.uplugin
LogPluginManager: Loaded Plugin OculusAudio, From E:/UnrealArchives/4.13/Engine/Plugins/Runtime/OculusAudio/OculusAudio.uplugin
LogPluginManager: Loaded Plugin OculusInput, From E:/UnrealArchives/4.13/Engine/Plugins/Runtime/OculusInput/OculusInput.uplugin
LogPluginManager: Loaded Plugin OculusLibrary, From E:/UnrealArchives/4.13/Engine/Plugins/Runtime/OculusLibrary/OculusLibrary.uplugin
LogPluginManager: Loaded Plugin OculusRift, From E:/UnrealArchives/4.13/Engine/Plugins/Runtime/OculusRift/OculusRift.uplugin
LogPluginManager: Loaded Plugin Oodle, From E:/UnrealArchives/4.13/Engine/Plugins/Runtime/PacketHandlers/CompressionComponents/Oodle/Oodle.uplugin
LogPluginManager: Loaded Plugin ProceduralMeshComponent, From E:/UnrealArchives/4.13/Engine/Plugins/Runtime/ProceduralMeshComponent/ProceduralMeshComponent.uplugin
LogPluginManager: Loaded Plugin SoundMod, From E:/UnrealArchives/4.13/Engine/Plugins/Runtime/SoundMod/SoundMod.uplugin
LogPluginManager: Loaded Plugin SoundVisualizations, From E:/UnrealArchives/4.13/Engine/Plugins/Runtime/SoundVisualizations/SoundVisualizations.uplugin
LogPluginManager: Loaded Plugin SteamController, From E:/UnrealArchives/4.13/Engine/Plugins/Runtime/Steam/SteamController/SteamController.uplugin
LogPluginManager: Loaded Plugin SteamVR, From E:/UnrealArchives/4.13/Engine/Plugins/Runtime/Steam/SteamVR/SteamVR.uplugin
LogPluginManager: Loaded Plugin WebBrowserWidget, From E:/UnrealArchives/4.13/Engine/Plugins/Runtime/WebBrowserWidget/WebBrowserWidget.uplugin
LogPluginManager: Loaded Plugin WindowsDeviceProfileSelector, From E:/UnrealArchives/4.13/Engine/Plugins/Runtime/WindowsDeviceProfileSelector/WindowsDeviceProfileSelector.uplugin
LogPluginManager: Loaded Plugin WindowsMoviePlayer, From E:/UnrealArchives/4.13/Engine/Plugins/Runtime/WindowsMoviePlayer/WindowsMoviePlayer.uplugin
LogPluginManager: Loaded Plugin ScriptPlugin, From E:/UnrealArchives/4.13/Engine/Plugins/ScriptPlugin/ScriptPlugin.uplugin
LogPluginManager: Loaded Plugin SlateRemote, From E:/UnrealArchives/4.13/Engine/Plugins/Slate/SlateRemote/SlateRemote.uplugin
LogInit: Using libcurl 7.47.1
LogInit:  - built for x86_64-pc-win32
LogInit:  - supports SSL with WinSSL
LogInit:  - other features:
LogInit:      CURL_VERSION_SSL
LogInit:      CURL_VERSION_IPV6
LogInit:      CURL_VERSION_ASYNCHDNS
LogInit:      CURL_VERSION_LARGEFILE
LogInit:      CURL_VERSION_IDN
LogInit:  CurlRequestOptions (configurable via config and command line):
LogInit:  - bVerifyPeer = false  - Libcurl will NOT verify peer certificate
LogInit:  - bUseHttpProxy = false  - Libcurl will NOT use HTTP proxy
LogInit:  - bDontReuseConnections = false  - Libcurl will reuse connections
LogInit:  - CertBundlePath = nullptr  - Libcurl will use whatever was configured at build time.
LogInit: Build: ++UE4+Release-4.13-CL-3172292
LogInit: Engine Version: 4.13.2-3172292+++UE4+Release-4.13
LogInit: Compatible Engine Version: 4.13.0-3106830+++UE4+Release-4.13
LogInit: Net CL: 3172292
LogDevObjectVersion: Number of dev versions registered: 13
LogDevObjectVersion:   Dev-Blueprints (B0D832E4-1F89-4F0D-ACCF-7EB736FD4AA2): 5
LogDevObjectVersion:   Dev-Build (E1C64328-A22C-4D53-A36C-8E866417BD8C): 0
LogDevObjectVersion:   Dev-Core (375EC13C-06E4-48FB-B500-84F0262A717E): 1
LogDevObjectVersion:   Dev-Editor (E4B068ED-F494-42E9-A231-DA0B2E46BB41): 6
LogDevObjectVersion:   Dev-Framework (CFFC743F-43B0-4480-9391-14DF171D2073): 12
LogDevObjectVersion:   Dev-Mobile (B02B49B5-BB20-44E9-A304-32B752E40360): 0
LogDevObjectVersion:   Dev-Networking (A4E4105C-59A1-49B5-A7C5-40C4547EDFEE): 0
LogDevObjectVersion:   Dev-Online (39C831C9-5AE6-47DC-9A44-9C173E1C8E7C): 0
LogDevObjectVersion:   Dev-Physics (78F01B33-EBEA-4F98-B9B4-84EACCB95AA2): 0
LogDevObjectVersion:   Dev-Platform (6631380F-2D4D-43E0-8009-CF276956A95A): 0
LogDevObjectVersion:   Dev-Rendering (12F88B9F-8875-4AFC-A67C-D90C383ABD29): 4
LogDevObjectVersion:   Dev-Sequencer (7B5AE74C-D270-4C10-A958-57980B212A5A): 0
LogDevObjectVersion:   Dev-VR (D7296918-1DD6-4BDD-9DE2-64A83CC13884): 0
LogInit: Compiled (64-bit): Oct 24 2016 14:29:06
LogInit: Compiled with Visual C++: 19.00.23026.00
LogInit: Build Configuration: Development
LogInit: Branch Name: ++UE4+Release-4.13
LogInit: Command line: 
LogInit: Base directory: E:/UnrealArchives/4.13/Engine/Binaries/Win64/
LogInit: Installed Engine Build: 1
LogInit: Presizing for max 8388607 objects, including 0 objects not considered by GC, pre-allocating 0 bytes for permanent pool.
LogInit: Object subsystem initialized
[2017.02.16-19.35.42:296][  0]LogConsoleManager:Display: Setting the console variable 'r.RHICmdBypass' with 'SetByProjectSetting' was ignored as it is lower priority than the previous 'SetBySystemSettingsIni'
[2017.02.16-19.35.42:299][  0]LogInit: Selected Device Profile: [Windows]
[2017.02.16-19.35.42:299][  0]LogInit: Applying CVar settings loaded from the selected device profile: [Windows]
[2017.02.16-19.35.42:308][  0]LogInit: Computer: AI911LAB238VIV
[2017.02.16-19.35.42:308][  0]LogInit: User: StudentUser
[2017.02.16-19.35.42:308][  0]LogInit: CPU Page size=65536, Cores=4
[2017.02.16-19.35.42:308][  0]LogInit: High frequency timer resolution =3.410074 MHz
[2017.02.16-19.35.42:309][  0]LogMemory: Memory total: Physical=15.9GB (16GB approx)
[2017.02.16-19.35.42:309][  0]LogMemory: Platform Memory Stats for Windows
[2017.02.16-19.35.42:309][  0]LogMemory: Process Physical Memory: 256.52 MB used, 256.52 MB peak
[2017.02.16-19.35.42:309][  0]LogMemory: Process Virtual Memory: 260.12 MB used, 260.12 MB peak
[2017.02.16-19.35.42:309][  0]LogMemory: Physical Memory: 6832.58 MB used, 16291.25 MB total
[2017.02.16-19.35.42:309][  0]LogMemory: Virtual Memory: 623.24 MB used, 134217728.00 MB total
[2017.02.16-19.35.42:335][  0]LogTextLocalizationManager: No specific translations for ('en-US') exist, so ('en') translations will be used.
[2017.02.16-19.35.42:892][  0]LogD3D11RHI: D3D11 adapters:
[2017.02.16-19.35.42:922][  0]LogD3D11RHI:    0. 'NVIDIA GeForce GTX 970' (Feature Level 11_0)
[2017.02.16-19.35.42:922][  0]LogD3D11RHI:       4058/0/8145 MB DedicatedVideo/DedicatedSystem/SharedSystem, Outputs:1, VendorId:0x10de
[2017.02.16-19.35.42:923][  0]LogD3D11RHI:    1. 'Microsoft Basic Render Driver' (Feature Level 11_0)
[2017.02.16-19.35.42:923][  0]LogD3D11RHI:       0/0/8145 MB DedicatedVideo/DedicatedSystem/SharedSystem, Outputs:0, VendorId:0x1414
[2017.02.16-19.35.42:923][  0]LogD3D11RHI: Chosen D3D11 Adapter: 0
[2017.02.16-19.35.42:932][  0]LogD3D11RHI: Creating new Direct3DDevice
[2017.02.16-19.35.42:932][  0]LogD3D11RHI:     GPU DeviceId: 0x13c2 (for the marketing name, search the web for "GPU Device Id")
[2017.02.16-19.35.42:932][  0]LogWindows: EnumDisplayDevices:
[2017.02.16-19.35.42:932][  0]LogWindows:    0. 'NVIDIA GeForce GTX 970' (P:1 D:1)
[2017.02.16-19.35.42:933][  0]LogWindows:    1. 'NVIDIA GeForce GTX 970' (P:0 D:0)
[2017.02.16-19.35.42:933][  0]LogWindows:    2. 'NVIDIA GeForce GTX 970' (P:0 D:0)
[2017.02.16-19.35.42:933][  0]LogWindows:    3. 'NVIDIA GeForce GTX 970' (P:0 D:0)
[2017.02.16-19.35.42:933][  0]LogWindows: DebugString: FoundDriverCount:4 
[2017.02.16-19.35.42:933][  0]LogD3D11RHI:     Adapter Name: NVIDIA GeForce GTX 970
[2017.02.16-19.35.42:933][  0]LogD3D11RHI:   Driver Version: 369.09 (internal:21.21.13.6909, unified:369.09)
[2017.02.16-19.35.42:933][  0]LogD3D11RHI:      Driver Date: 8-1-2016
[2017.02.16-19.35.42:933][  0]LogRHI: Texture pool is 1361 MB (70% of 1945 MB)
[2017.02.16-19.35.42:955][  0]LogD3D11RHI: Async texture creation enabled
[2017.02.16-19.35.42:966][  0]LogD3D11RHI: GPU Timing Frequency: 1000.000000 (Debug: 2 1)
[2017.02.16-19.35.42:967][  0]LogShaderCompilers: Guid format shader working directory is -28 characters bigger than the processId version (C:/Users/StudentUser/Documents/GitHub/Castle-Guard-Lone-Defender/BowsNArrows/Intermediate/Shaders/WorkingDirectory/18396/).
[2017.02.16-19.35.42:967][  0]LogShaderCompilers: Cleaned the shader compiler working directory 'C:/Users/STUDEN~1/AppData/Local/Temp/UnrealShaderWorkingDir/E62AF4FE4634397EF7FDA0A29A438DC9/'.
[2017.02.16-19.35.42:967][  0]LogShaderCompilers:Display: Using Local Shader Compiler.
[2017.02.16-19.35.43:919][  0]LogTemp:Display: Loaded TP AllDesktopTargetPlatform
[2017.02.16-19.35.43:927][  0]LogTemp:Display: Loaded TP WindowsClientTargetPlatform
[2017.02.16-19.35.43:934][  0]LogTemp:Display: Loaded TP WindowsNoEditorTargetPlatform
[2017.02.16-19.35.43:941][  0]LogTemp:Display: Loaded TP WindowsServerTargetPlatform
[2017.02.16-19.35.43:948][  0]LogTemp:Display: Loaded TP WindowsTargetPlatform
[2017.02.16-19.35.43:957][  0]LogTemp:Display: Loaded TP AndroidTargetPlatform
[2017.02.16-19.35.43:965][  0]LogTemp:Display: Loaded TP Android_ASTCTargetPlatform
[2017.02.16-19.35.43:971][  0]LogTemp:Display: Loaded TP Android_ATCTargetPlatform
[2017.02.16-19.35.43:978][  0]LogTemp:Display: Loaded TP Android_DXTTargetPlatform
[2017.02.16-19.35.43:985][  0]LogTemp:Display: Loaded TP Android_ETC1TargetPlatform
[2017.02.16-19.35.43:992][  0]LogTemp:Display: Loaded TP Android_ETC2TargetPlatform
[2017.02.16-19.35.44:005][  0]LogTemp:Display: Loaded TP Android_MultiTargetPlatform
[2017.02.16-19.35.44:005][  0]LogTemp:Display: Loaded TP Android_PVRTCTargetPlatform
[2017.02.16-19.35.44:006][  0]LogTemp:Display: Loaded TP HTML5TargetPlatform
[2017.02.16-19.35.44:026][  0]LogTemp:Display: Loaded TP IOSTargetPlatform
[2017.02.16-19.35.44:033][  0]LogTemp:Display: Loaded TP TVOSTargetPlatform
[2017.02.16-19.35.44:040][  0]LogTemp:Display: Loaded TP LinuxClientTargetPlatform
[2017.02.16-19.35.44:047][  0]LogTemp:Display: Loaded TP LinuxNoEditorTargetPlatform
[2017.02.16-19.35.44:054][  0]LogTemp:Display: Loaded TP LinuxServerTargetPlatform
[2017.02.16-19.35.44:063][  0]LogTemp:Display: Loaded TP LinuxTargetPlatform
[2017.02.16-19.35.44:063][  0]LogTargetPlatformManager:Display: Building Assets For Windows
[2017.02.16-19.35.44:121][  0]LogDerivedDataCache:Display: Max Cache Size: 512 MB
[2017.02.16-19.35.44:191][  0]LogDerivedDataCache: Loaded boot cache 0.07s 64MB C:/Users/StudentUser/AppData/Local/UnrealEngine/4.13/DerivedDataCache/Boot.ddc.
[2017.02.16-19.35.44:191][  0]LogDerivedDataCache:Display: Loaded Boot cache: C:/Users/StudentUser/AppData/Local/UnrealEngine/4.13/DerivedDataCache/Boot.ddc
[2017.02.16-19.35.44:191][  0]LogDerivedDataCache: FDerivedDataBackendGraph:  Pak pak cache file C:/Users/StudentUser/Documents/GitHub/Castle-Guard-Lone-Defender/BowsNArrows/DerivedDataCache/DDC.ddp not found, will not use a pak cache.
[2017.02.16-19.35.44:191][  0]LogDerivedDataCache: Unable to find inner node Pak for hierarchical cache Hierarchy.
[2017.02.16-19.35.44:191][  0]LogDerivedDataCache: FDerivedDataBackendGraph:  CompressedPak pak cache file C:/Users/StudentUser/Documents/GitHub/Castle-Guard-Lone-Defender/BowsNArrows/DerivedDataCache/Compressed.ddp not found, will not use a pak cache.
[2017.02.16-19.35.44:191][  0]LogDerivedDataCache: Unable to find inner node CompressedPak for hierarchical cache Hierarchy.
[2017.02.16-19.35.44:209][  0]LogDerivedDataCache:Display: Pak cache opened for reading ../../../Engine/DerivedDataCache/Compressed.ddp.
[2017.02.16-19.35.44:222][  0]LogDerivedDataCache: Using Local data cache path C:/Users/StudentUser/AppData/Local/UnrealEngine/Common/DerivedDataCache: Writable
[2017.02.16-19.35.44:448][  0]LogInit: Selected Device Profile: [Windows]
[2017.02.16-19.35.44:451][  0]LogContentStreaming: Texture pool size is 0.00 MB
[2017.02.16-19.35.44:570][  0]LogMeshUtilities: No automatic mesh reduction module available
[2017.02.16-19.35.44:570][  0]LogMeshUtilities: No automatic mesh merging module available
[2017.02.16-19.35.44:570][  0]LogMeshUtilities: No distributed automatic mesh merging module available
[2017.02.16-19.35.44:651][  0]LogMaterial: Uniform references updated for custom material expression Custom.
[2017.02.16-19.35.45:008][  0]LogNetVersion: GetLocalNetworkVersion: CL: 3106830, ProjectName: newvrproject, ProjectVersion: , EngineNetworkVersion: 1, GameNetworkVersion: 0, NetworkChecksum: 537264761
[2017.02.16-19.35.45:047][  0]LogAssetRegistry: FAssetRegistry took 0.0215 seconds to start up
[2017.02.16-19.35.45:050][  0]LogDirectoryWatcher:Warning: Failed to begin reading directory changes for ../../../Engine/Plugins/Marketplace/RunebergVRPlugin/Content/. Error: The system cannot find the file specified. (0x00000002)
[2017.02.16-19.35.45:097][  0]LogPackageLocalizationCache: Processed 5 localized package path(s) for 2 prioritized culture(s) in 0.047196 seconds
[2017.02.16-19.35.45:104][  0]LogUObjectArray: 29778 objects as part of root set at end of initial load.
[2017.02.16-19.35.45:104][  0]LogUObjectAllocator: 6125448 out of 0 bytes used by permanent object pool.
[2017.02.16-19.35.45:104][  0]LogUObjectArray: CloseDisregardForGC: 0/0 objects in disregard for GC pool
[2017.02.16-19.35.45:109][  0]LogInit: WinSock: version 1.1 (2.2), MaxSocks=32767, MaxUdp=65467
[2017.02.16-19.35.45:295][  0]LogSlate: SlateFontCache - WITH_FREETYPE: 1, WITH_HARFBUZZ: 1
[2017.02.16-19.35.45:295][  0]LogSlate: SlateFontCache - WITH_FREETYPE: 1, WITH_HARFBUZZ: 1
[2017.02.16-19.35.45:915][  0]LogSubstanceCoreModule: Substance CPU Engine Loaded, Max Texture Size 2048
[2017.02.16-19.35.45:923][  0]LogTcpMessaging: Initializing TcpMessaging bridge
[2017.02.16-19.35.45:941][  0]LogUdpMessaging: Initializing bridge on interface 0.0.0.0:0 to multicast group 230.0.0.1:6666.
[2017.02.16-19.35.46:244][  0]SourceControl: Info Source control is disabled
[2017.02.16-19.35.46:282][  0]SourceControl: Info Source control is disabled
[2017.02.16-19.35.46:289][  0]SourceControl: Info Source control is disabled
[2017.02.16-19.35.46:296][  0]SourceControl: Info Source control is disabled
[2017.02.16-19.35.46:627][  0]LogEngine: Initializing Engine...
[2017.02.16-19.35.46:651][  0]LogHMD: SteamVR initialized.  Driver: lighthouse  Display: LHR-A4D81BA4
[2017.02.16-19.35.46:946][  0]LogAIModule: Creating AISystem for world Untitled
[2017.02.16-19.35.46:958][  0]LogInit: XAudio2 using 'Speakers (Realtek High Definition Audio)' : 2 channels at 48 kHz using 32 bits per sample (channel mask 0x3)
[2017.02.16-19.35.46:971][  0]LogInit: FAudioDevice initialized.
[2017.02.16-19.35.47:015][  0]LogDerivedDataCache: Saved boot cache 0.04s 91MB C:/Users/StudentUser/AppData/Local/UnrealEngine/4.13/DerivedDataCache/Boot.ddc.
[2017.02.16-19.35.47:030][  0]LogInit: Texture streaming: Enabled
[2017.02.16-19.35.47:055][  0]LogInit: Transaction tracking system initialized
[2017.02.16-19.35.47:074][  0]BlueprintLog: New page: Editor Load
[2017.02.16-19.35.47:138][  0]LocalizationService: Info Localization service is disabled
[2017.02.16-19.35.47:208][  0]LogConsoleResponse:Display: 
[2017.02.16-19.35.47:310][  0]LogCook:Display: Max memory allowance for cook 16384mb min free memory 0mb
[2017.02.16-19.35.47:310][  0]LogCook:Display: Mobile HDR setting 1
[2017.02.16-19.35.47:438][  0]LogFileCache: Scanning file cache for directory 'C:/Users/StudentUser/Documents/GitHub/Castle-Guard-Lone-Defender/BowsNArrows/Content/' took 0.01s
[2017.02.16-19.35.47:438][  0]SourceControl: Info Source control is disabled
[2017.02.16-19.35.47:438][  0]Cmd: MAP LOAD FILE="C:/Users/StudentUser/Documents/GitHub/Castle-Guard-Lone-Defender/BowsNArrows/Content/VirtualRealityBP/Maps/StartupMap.umap" TEMPLATE=0 SHOWPROGRESS=1 FEATURELEVEL=3
[2017.02.16-19.35.47:439][  0]LightingResults: New page: Lighting Build
[2017.02.16-19.35.47:441][  0]MapCheck: New page: Map Check
[2017.02.16-19.35.47:441][  0]LightingResults: New page: Lighting Build
[2017.02.16-19.35.47:510][  0]LogAIModule: Creating AISystem for world StartupMap
[2017.02.16-19.35.47:518][  0]LogEditorServer: Finished looking for orphan Actors (0.000 secs)
[2017.02.16-19.35.47:518][  0]Cmd: MAP CHECKDEP NOCLEARLOG
[2017.02.16-19.35.47:557][  0]MapCheck: Info Map check complete: 0 Error(s), 0 Warning(s), took 38.341ms to complete.
[2017.02.16-19.35.47:557][  0]LogFileHelpers: Loading map 'StartupMap' took 0.119
[2017.02.16-19.35.47:668][  0]LogCollectionManager: Loaded 0 collections in 0.001564 seconds
[2017.02.16-19.35.47:707][  0]LogFileCache: Scanning file cache for directory 'C:/Users/StudentUser/Documents/GitHub/Castle-Guard-Lone-Defender/BowsNArrows/Saved/Collections/' took 0.01s
[2017.02.16-19.35.47:707][  0]LogFileCache: Scanning file cache for directory 'C:/Users/StudentUser/Documents/GitHub/Castle-Guard-Lone-Defender/BowsNArrows/Content/Developers/StudentUser/Collections/' took 0.01s
[2017.02.16-19.35.47:707][  0]LogFileCache: Scanning file cache for directory 'C:/Users/StudentUser/Documents/GitHub/Castle-Guard-Lone-Defender/BowsNArrows/Content/Collections/' took 0.01s
[2017.02.16-19.35.47:707][  0]LogCollectionManager: Rebuilt the GUID cache for 0 collections in 0.000003 seconds
[2017.02.16-19.35.47:715][  0]LogContentBrowser: Native class hierarchy populated in 0.0082 seconds. Added 2164 classes and 432 folders.
[2017.02.16-19.35.47:718][  0]LogStats: UGameplayTagsManager::ConstructGameplayTagTree: Construct from data asset -  0.000 s
[2017.02.16-19.35.47:718][  0]LogStats: UGameplayTagsManager::ConstructGameplayTagTree: GameplayTagTreeChangedEvent.Broadcast -  0.000 s
[2017.02.16-19.35.47:718][  0]LogContentBrowser: Native class hierarchy updated for 'GameplayTags' in 0.0005 seconds. Added 12 classes and 0 folders.
[2017.02.16-19.35.47:723][  0]LogContentBrowser: Native class hierarchy updated for 'WidgetCarousel' in 0.0004 seconds. Added 0 classes and 0 folders.
[2017.02.16-19.35.47:755][  0]LogContentBrowser: Native class hierarchy updated for 'AddContentDialog' in 0.0004 seconds. Added 0 classes and 0 folders.
[2017.02.16-19.35.47:759][  0]LogContentBrowser: Native class hierarchy updated for 'SceneOutliner' in 0.0004 seconds. Added 1 classes and 2 folders.
[2017.02.16-19.35.47:774][  0]LogCrashTracker: Crashtracker disabled due to settings.
[2017.02.16-19.35.47:790][  0]LogUObjectGlobals:Warning: Failed to find object 'Class None.'
[2017.02.16-19.35.47:816][  0]LogContentBrowser: Native class hierarchy updated for 'HierarchicalLODOutliner' in 0.0005 seconds. Added 1 classes and 2 folders.
[2017.02.16-19.35.47:817][  0]LogLoad: (Engine Initialization) Total time: 6.36 seconds
[2017.02.16-19.35.47:817][  0]LogLoad: (Engine Initialization) Total Blueprint compile time: 0.00 seconds
[2017.02.16-19.35.47:817][  0]LogExternalProfiler: Found external profiler: VSPerf
[2017.02.16-19.35.47:817][  0]LogExternalProfiler: Using external profiler: VSPerf
[2017.02.16-19.35.48:156][  0]LogOcInput: OculusInput pre-init called
[2017.02.16-19.35.48:173][  0]LogContentStreaming: Texture pool size now 1000 MB
[2017.02.16-19.35.48:304][  0]LogRenderer: Reallocating scene render targets to support 1272x576 (Frame:2).
[2017.02.16-19.35.48:502][  1]LogAssetRegistry: Asset discovery search completed in 3.4760 seconds
[2017.02.16-19.35.48:502][  1]LogCollectionManager: Rebuilt the object cache for 0 collections in 0.000001 seconds (found 0 objects)
[2017.02.16-19.35.48:502][  1]LogCollectionManager: Fixed up redirectors for 0 collections in 0.000018 seconds (updated 0 objects)
[2017.02.16-19.36.04:102][365]Cmd: MAP LOAD FILE="C:/Users/StudentUser/Documents/GitHub/Castle-Guard-Lone-Defender/BowsNArrows/Content/VirtualRealityBP/Maps/MotionControllerMap.umap" TEMPLATE=0 SHOWPROGRESS=1 FEATURELEVEL=3
[2017.02.16-19.36.04:111][365]LightingResults: New page: Lighting Build
[2017.02.16-19.36.04:111][365]LoadErrors: New page: Loading map: MotionControllerMap.umap
[2017.02.16-19.36.04:113][365]MapCheck: New page: Map Check
[2017.02.16-19.36.04:113][365]LightingResults: New page: Lighting Build
[2017.02.16-19.36.04:900][365]LogAIModule: Creating AISystem for world MotionControllerMap
[2017.02.16-19.36.05:015][365]LogEditorServer: Finished looking for orphan Actors (0.000 secs)
[2017.02.16-19.36.05:079][365]Cmd: MAP CHECKDEP NOCLEARLOG
[2017.02.16-19.36.05:113][365]MapCheck: Info Map check complete: 0 Error(s), 0 Warning(s), took 34.172ms to complete.
[2017.02.16-19.36.05:113][365]LogFileHelpers: Loading map 'MotionControllerMap' took 1.012
[2017.02.16-19.36.11:880][ 91]Cmd: MAP LOAD FILE="C:/Users/StudentUser/Documents/GitHub/Castle-Guard-Lone-Defender/BowsNArrows/Content/VirtualRealityBP/Maps/StartupMap.umap" TEMPLATE=0 SHOWPROGRESS=1 FEATURELEVEL=3
[2017.02.16-19.36.11:888][ 91]LightingResults: New page: Lighting Build
[2017.02.16-19.36.11:889][ 91]LoadErrors: New page: Loading map: StartupMap.umap
[2017.02.16-19.36.11:906][ 91]MapCheck: New page: Map Check
[2017.02.16-19.36.11:906][ 91]LightingResults: New page: Lighting Build
[2017.02.16-19.36.11:931][ 91]LogAIModule: Creating AISystem for world StartupMap
[2017.02.16-19.36.11:935][ 91]LogEditorServer: Finished looking for orphan Actors (0.000 secs)
[2017.02.16-19.36.11:953][ 91]Cmd: MAP CHECKDEP NOCLEARLOG
[2017.02.16-19.36.11:989][ 91]MapCheck: Info Map check complete: 0 Error(s), 0 Warning(s), took 35.032ms to complete.
[2017.02.16-19.36.11:989][ 91]LogFileHelpers: Loading map 'StartupMap' took 0.109
[2017.02.16-19.36.15:923][550]Cmd: MAP LOAD FILE="C:/Users/StudentUser/Documents/GitHub/Castle-Guard-Lone-Defender/BowsNArrows/Content/VirtualRealityBP/Maps/HMDLocomotionMap.umap" TEMPLATE=0 SHOWPROGRESS=1 FEATURELEVEL=3
[2017.02.16-19.36.15:931][550]LightingResults: New page: Lighting Build
[2017.02.16-19.36.15:932][550]LoadErrors: New page: Loading map: HMDLocomotionMap.umap
[2017.02.16-19.36.15:934][550]MapCheck: New page: Map Check
[2017.02.16-19.36.15:934][550]LightingResults: New page: Lighting Build
[2017.02.16-19.36.16:051][550]LogTexture:Display: Building textures: HQ_Lightmap0_1 (AutoDXT)
[2017.02.16-19.36.16:328][550]LogTexture:Display: Building textures: HQ_Lightmap1_2 (AutoDXT)
[2017.02.16-19.36.16:466][550]LogTexture:Display: Building textures: HQ_Lightmap1_3 (AutoDXT)
[2017.02.16-19.36.16:486][550]LogTexture:Display: Building textures: LQ_Lightmap_0_1 (DXT1)
[2017.02.16-19.36.16:593][550]LogTexture:Display: Building textures: LQ_Lightmap_1_2 (DXT1)
[2017.02.16-19.36.16:652][550]LogTexture:Display: Building textures: LQ_Lightmap_1_3 (DXT1)
[2017.02.16-19.36.16:658][550]LogTexture:Display: Building textures: ShadowMapTexture2D_41 (G8)
[2017.02.16-19.36.16:677][550]LogTexture:Display: Building textures: ShadowMapTexture2D_42 (G8)
[2017.02.16-19.36.16:695][550]LogTexture:Display: Building textures: ShadowMapTexture2D_43 (G8)
[2017.02.16-19.36.16:729][550]LogAIModule: Creating AISystem for world HMDLocomotionMap
[2017.02.16-19.36.16:736][550]LogEditorServer: Finished looking for orphan Actors (0.000 secs)
[2017.02.16-19.36.16:755][550]Cmd: MAP CHECKDEP NOCLEARLOG
[2017.02.16-19.36.16:791][550]MapCheck: Info Map check complete: 0 Error(s), 0 Warning(s), took 36.059ms to complete.
[2017.02.16-19.36.16:791][550]LogFileHelpers: Loading map 'HMDLocomotionMap' took 0.868
[2017.02.16-19.36.45:467][975]Cmd: MAP LOAD FILE="C:/Users/StudentUser/Documents/GitHub/Castle-Guard-Lone-Defender/BowsNArrows/Content/VirtualRealityBP/Maps/HMDLocomotionMap.umap" TEMPLATE=0 SHOWPROGRESS=1 FEATURELEVEL=3
[2017.02.16-19.36.45:472][975]LightingResults: New page: Lighting Build
[2017.02.16-19.36.45:473][975]LoadErrors: New page: Loading map: HMDLocomotionMap.umap
[2017.02.16-19.36.45:474][975]MapCheck: New page: Map Check
[2017.02.16-19.36.45:474][975]LightingResults: New page: Lighting Build
[2017.02.16-19.36.45:501][975]LogAIModule: Creating AISystem for world HMDLocomotionMap
[2017.02.16-19.36.45:506][975]LogEditorServer: Finished looking for orphan Actors (0.000 secs)
[2017.02.16-19.36.45:529][975]Cmd: MAP CHECKDEP NOCLEARLOG
[2017.02.16-19.36.45:565][975]MapCheck: Info Map check complete: 0 Error(s), 0 Warning(s), took 36.672ms to complete.
[2017.02.16-19.36.45:565][975]LogFileHelpers: Loading map 'HMDLocomotionMap' took 0.099
[2017.02.16-19.37.54:905][718]Cmd: MAP LOAD FILE="C:/Users/StudentUser/Documents/GitHub/Castle-Guard-Lone-Defender/BowsNArrows/Content/StarterContent/Maps/Minimal_Default.umap" TEMPLATE=0 SHOWPROGRESS=1 FEATURELEVEL=3
[2017.02.16-19.37.54:914][718]LightingResults: New page: Lighting Build
[2017.02.16-19.37.54:914][718]LoadErrors: New page: Loading map: Minimal_Default.umap
[2017.02.16-19.37.54:939][718]MapCheck: New page: Map Check
[2017.02.16-19.37.54:939][718]LightingResults: New page: Lighting Build
[2017.02.16-19.37.55:155][718]LogTexture:Display: Building textures: T_Metal_Aluminum_D (AutoDXT)
[2017.02.16-19.37.57:350][718]LogTexture:Display: Building textures: T_Metal_Gold_N (BC5)
[2017.02.16-19.37.57:693][718]LogMaterial: Missing cached shader map for material M_Metal_Burnished_Steel, compiling. 
[2017.02.16-19.37.57:782][718]LogTexture:Display: Building textures: T_Statue_N (BC5)
[2017.02.16-19.37.57:943][718]LogTexture:Display: Building textures: T_Statue_M (AutoDXT)
[2017.02.16-19.37.58:644][718]LogMaterial: Missing cached shader map for material M_StatueGlass, compiling. 
[2017.02.16-19.37.58:810][718]LogTexture:Display: Building textures: T_Chair_N (BC5)
[2017.02.16-19.37.59:233][718]LogTexture:Display: Building textures: HQ_Lightmap1_1 (AutoDXT)
[2017.02.16-19.37.59:291][718]LogTexture:Display: Building textures: HQ_Lightmap1_2 (AutoDXT)
[2017.02.16-19.37.59:301][718]LogTexture:Display: Building textures: LQ_Lightmap_1_1 (DXT1)
[2017.02.16-19.37.59:337][718]LogTexture:Display: Building textures: LQ_Lightmap_1_2 (DXT1)
[2017.02.16-19.37.59:343][718]LogTexture:Display: Building textures: ShadowMapTexture2D_2 (BGRA8)
[2017.02.16-19.37.59:349][718]LogTexture:Display: Building textures: ShadowMapTexture2D_3 (BGRA8)
[2017.02.16-19.37.59:544][718]LogTexture:Display: Building textures: T_Metal_Copper_D (AutoDXT)
[2017.02.16-19.38.02:034][718]LogMaterial: Missing cached shader map for material M_Metal_Copper, compiling. 
[2017.02.16-19.38.02:152][718]LogTexture:Display: Building textures: T_TableRound_N (BC5)
[2017.02.16-19.38.02:656][718]LogTexture:Display: Building textures: T_TableRound_M (DXT1)
[2017.02.16-19.38.03:283][718]LogMaterial: Missing cached shader map for material M_TableRound, compiling. 
[2017.02.16-19.38.03:331][718]LogMaterial: Missing cached shader map for material M_Metal_Brushed_Nickel, compiling. 
[2017.02.16-19.38.03:453][718]LogTexture:Display: Building textures: T_Chair_M (AutoDXT)
[2017.02.16-19.38.04:280][718]LogMaterial: Missing cached shader map for material M_Chair, compiling. 
[2017.02.16-19.38.04:310][718]LogMaterial: Missing cached shader map for material M_Statue, compiling. 
[2017.02.16-19.38.04:369][718]LogAIModule: Creating AISystem for world Minimal_Default
[2017.02.16-19.38.04:415][718]LogTexture:Display: Building textures: S_AudioComponent_AutoActivate (BGRA8)
[2017.02.16-19.38.04:449][718]LogEditorServer: Finished looking for orphan Actors (0.000 secs)
[2017.02.16-19.38.04:491][718]Cmd: MAP CHECKDEP NOCLEARLOG
[2017.02.16-19.38.04:550][718]MapCheck: Info Map check complete: 0 Error(s), 0 Warning(s), took 58.369ms to complete.
[2017.02.16-19.38.04:550][718]LogFileHelpers: Loading map 'Minimal_Default' took 9.646
[2017.02.16-19.38.13:732][725]LogAIModule: Creating AISystem for world StartupMap
[2017.02.16-19.38.13:799][725]Cmd: MAP LOAD FILE="C:/Users/StudentUser/Documents/GitHub/Castle-Guard-Lone-Defender/BowsNArrows/Content/VirtualRealityBP/Maps/StartupMap.umap" TEMPLATE=0 SHOWPROGRESS=1 FEATURELEVEL=3
[2017.02.16-19.38.13:800][725]LightingResults: New page: Lighting Build
[2017.02.16-19.38.13:800][725]LoadErrors: New page: Loading map: StartupMap.umap
[2017.02.16-19.38.13:818][725]MapCheck: New page: Map Check
[2017.02.16-19.38.13:818][725]LightingResults: New page: Lighting Build
[2017.02.16-19.38.13:834][725]LogEditorServer: Finished looking for orphan Actors (0.000 secs)
[2017.02.16-19.38.13:860][725]Cmd: MAP CHECKDEP NOCLEARLOG
[2017.02.16-19.38.13:917][725]MapCheck: Info Map check complete: 0 Error(s), 0 Warning(s), took 57.325ms to complete.
[2017.02.16-19.38.13:917][725]LogFileHelpers: Loading map 'StartupMap' took 0.119
[2017.02.16-19.38.15:052][850]LogAIModule: Creating AISystem for world MotionControllerMap
[2017.02.16-19.38.15:069][850]Cmd: MAP LOAD FILE="C:/Users/StudentUser/Documents/GitHub/Castle-Guard-Lone-Defender/BowsNArrows/Content/VirtualRealityBP/Maps/MotionControllerMap.umap" TEMPLATE=0 SHOWPROGRESS=1 FEATURELEVEL=3
[2017.02.16-19.38.15:069][850]LightingResults: New page: Lighting Build
[2017.02.16-19.38.15:070][850]LoadErrors: New page: Loading map: MotionControllerMap.umap
[2017.02.16-19.38.15:071][850]MapCheck: New page: Map Check
[2017.02.16-19.38.15:071][850]LightingResults: New page: Lighting Build
[2017.02.16-19.38.15:096][850]LogEditorServer: Finished looking for orphan Actors (0.000 secs)
[2017.02.16-19.38.15:117][850]Cmd: MAP CHECKDEP NOCLEARLOG
[2017.02.16-19.38.15:159][850]MapCheck: Info Map check complete: 0 Error(s), 0 Warning(s), took 42.367ms to complete.
[2017.02.16-19.38.15:159][850]LogFileHelpers: Loading map 'MotionControllerMap' took 0.091
[2017.02.16-19.38.16:227][964]LogAIModule: Creating AISystem for world HMDLocomotionMap
[2017.02.16-19.38.16:242][964]Cmd: MAP LOAD FILE="C:/Users/StudentUser/Documents/GitHub/Castle-Guard-Lone-Defender/BowsNArrows/Content/VirtualRealityBP/Maps/HMDLocomotionMap.umap" TEMPLATE=0 SHOWPROGRESS=1 FEATURELEVEL=3
[2017.02.16-19.38.16:242][964]LightingResults: New page: Lighting Build
[2017.02.16-19.38.16:242][964]LoadErrors: New page: Loading map: HMDLocomotionMap.umap
[2017.02.16-19.38.16:243][964]MapCheck: New page: Map Check
[2017.02.16-19.38.16:243][964]LightingResults: New page: Lighting Build
[2017.02.16-19.38.16:256][964]LogEditorServer: Finished looking for orphan Actors (0.000 secs)
[2017.02.16-19.38.16:275][964]Cmd: MAP CHECKDEP NOCLEARLOG
[2017.02.16-19.38.16:314][964]MapCheck: Info Map check complete: 0 Error(s), 0 Warning(s), took 38.305ms to complete.
[2017.02.16-19.38.16:314][964]LogFileHelpers: Loading map 'HMDLocomotionMap' took 0.073
[2017.02.16-19.38.17:523][102]LogAIModule: Creating AISystem for world MotionControllerMap
[2017.02.16-19.38.17:538][102]Cmd: MAP LOAD FILE="C:/Users/StudentUser/Documents/GitHub/Castle-Guard-Lone-Defender/BowsNArrows/Content/VirtualRealityBP/Maps/MotionControllerMap.umap" TEMPLATE=0 SHOWPROGRESS=1 FEATURELEVEL=3
[2017.02.16-19.38.17:538][102]LightingResults: New page: Lighting Build
[2017.02.16-19.38.17:539][102]LoadErrors: New page: Loading map: MotionControllerMap.umap
[2017.02.16-19.38.17:539][102]MapCheck: New page: Map Check
[2017.02.16-19.38.17:539][102]LightingResults: New page: Lighting Build
[2017.02.16-19.38.17:564][102]LogEditorServer: Finished looking for orphan Actors (0.000 secs)
[2017.02.16-19.38.17:585][102]Cmd: MAP CHECKDEP NOCLEARLOG
[2017.02.16-19.38.17:626][102]MapCheck: Info Map check complete: 0 Error(s), 0 Warning(s), took 41.126ms to complete.
[2017.02.16-19.38.17:626][102]LogFileHelpers: Loading map 'MotionControllerMap' took 0.089
[2017.02.16-19.38.18:337][181]LogAIModule: Creating AISystem for world StartupMap
[2017.02.16-19.38.18:349][181]Cmd: MAP LOAD FILE="C:/Users/StudentUser/Documents/GitHub/Castle-Guard-Lone-Defender/BowsNArrows/Content/VirtualRealityBP/Maps/StartupMap.umap" TEMPLATE=0 SHOWPROGRESS=1 FEATURELEVEL=3
[2017.02.16-19.38.18:349][181]LightingResults: New page: Lighting Build
[2017.02.16-19.38.18:350][181]LoadErrors: New page: Loading map: StartupMap.umap
[2017.02.16-19.38.18:351][181]MapCheck: New page: Map Check
[2017.02.16-19.38.18:351][181]LightingResults: New page: Lighting Build
[2017.02.16-19.38.18:365][181]LogEditorServer: Finished looking for orphan Actors (0.000 secs)
[2017.02.16-19.38.18:384][181]Cmd: MAP CHECKDEP NOCLEARLOG
[2017.02.16-19.38.18:423][181]MapCheck: Info Map check complete: 0 Error(s), 0 Warning(s), took 39.443ms to complete.
[2017.02.16-19.38.18:423][181]LogFileHelpers: Loading map 'StartupMap' took 0.075
[2017.02.16-19.38.27:337][239]LogMaterial: Missing cached shader map for material Material_0, compiling. 
[2017.02.16-19.38.27:344][239]LogMaterial:Warning: Failed to compile Material /Engine/Transient.Material_0 for platform PCD3D_SM5, Default Material will be used in game.
[2017.02.16-19.38.27:344][239]LogMaterial:Warning: 	Only transparent or postprocess materials can read from scene depth.
[2017.02.16-19.38.47:065][485]LogTexture:Display: Building textures: T_Tech_Hex_Tile_N (BC5)
[2017.02.16-19.38.47:168][485]LogTexture:Display: Building textures: T_Tech_Hex_Tile_M (AutoDXT)
[2017.02.16-19.38.47:373][485]LogMaterial: Missing cached shader map for material M_Tech_Hex_Tile_Pulse, compiling. 
[2017.02.16-19.38.47:543][485]LogTexture:Display: Building textures: T_Smoke_SubUV (AutoDXT)
[2017.02.16-19.38.49:226][485]LogTexture:Display: Building textures: T_Smoke_Tiled_D (AutoDXT)
[2017.02.16-19.38.49:255][485]LogMaterial: Missing cached shader map for material M_smoke_subUV, compiling. 
[2017.02.16-19.38.49:315][485]LogMaterial: Missing cached shader map for material M_Radial_Gradient, compiling. 
[2017.02.16-19.38.49:341][485]LogMaterial: Missing cached shader map for material M_Heat_Distortion, compiling. 
[2017.02.16-19.38.49:555][485]LogTexture:Display: Building textures: T_ground_Moss_D (AutoDXT)
[2017.02.16-19.38.52:204][485]LogTexture:Display: Building textures: T_Ground_Moss_N (BC5)
[2017.02.16-19.38.52:689][485]LogMaterial: Missing cached shader map for material M_Ground_Moss, compiling. 
[2017.02.16-19.38.52:948][485]LogTexture:Display: Building textures: T_Ground_Gravel_N (BC5)
[2017.02.16-19.38.53:641][485]LogTexture:Display: Building textures: T_Ground_Gravel_D (AutoDXT)
[2017.02.16-19.38.56:068][485]LogTexture:Display: Building textures: ThumbnailTexture (DXT1)
[2017.02.16-19.38.56:128][485]LogTexture:Display: Building textures: T_Spark_Core (AutoDXT)
[2017.02.16-19.38.56:172][485]LogMaterial: Missing cached shader map for material M_Spark, compiling. 
[2017.02.16-19.38.56:221][485]LogTexture:Display: Building textures: ThumbnailTexture (DXT1)
[2017.02.16-19.38.56:263][485]LogTexture:Display: Building textures: ThumbnailTexture (DXT1)
[2017.02.16-19.38.56:442][485]LogTexture:Display: Building textures: T_Concrete_Tiles_M (AutoDXT)
[2017.02.16-19.38.58:817][485]LogTexture:Display: Building textures: T_Concrete_Tiles_N (BC5)
[2017.02.16-19.38.59:416][485]LogTexture:Display: Building textures: T_Concrete_Tiles_D (AutoDXT)
[2017.02.16-19.39.01:276][485]LogTexture:Display: Building textures: T_Concrete_Tiles_Variation_M (AutoDXT)
[2017.02.16-19.39.01:318][485]LogMaterial: Missing cached shader map for material M_Concrete_Tiles, compiling. 
[2017.02.16-19.39.01:510][485]LogTexture:Display: Building textures: T_Concrete_Poured_N (BC5)
[2017.02.16-19.39.02:207][485]LogTexture:Display: Building textures: T_Concrete_Poured_D (AutoDXT)
[2017.02.16-19.39.04:809][485]LogTexture:Display: Building textures: T_Lamp_N (BC5)
[2017.02.16-19.39.05:275][485]LogTexture:Display: Building textures: T_Lamp_M (AutoDXT)
[2017.02.16-19.39.06:395][485]LogTexture:Display: Building textures: T_Brick_Hewn_Stone_N (BC5)
[2017.02.16-19.39.06:975][485]LogTexture:Display: Building textures: T_Brick_Hewn_Stone_M (AutoDXT)
[2017.02.16-19.39.09:609][485]LogTexture:Display: Building textures: T_Brick_Hewn_Stone_D (AutoDXT)
[2017.02.16-19.39.11:938][485]LogMaterial: Missing cached shader map for material M_Brick_Hewn_Stone, compiling. 
[2017.02.16-19.39.12:162][485]LogTexture:Display: Building textures: T_Brick_Cut_Stone_N (BC5)
[2017.02.16-19.39.12:779][485]LogTexture:Display: Building textures: T_Brick_Cut_Stone_D (AutoDXT)
[2017.02.16-19.39.15:157][485]LogTexture:Display: Building textures: T_Fire_Tiled_D (AutoDXT)
[2017.02.16-19.39.15:375][485]LogTexture:Display: Building textures: T_Fire_SubUV (AutoDXT)
[2017.02.16-19.39.15:590][485]LogMaterial: Missing cached shader map for material M_Fire_SubUV, compiling. 
[2017.02.16-19.39.15:622][485]LogTexture:Display: Building textures: ThumbnailTexture (DXT1)
[2017.02.16-19.39.15:922][485]LogTexture:Display: Building textures: T_Rock_Slate_D (AutoDXT)
[2017.02.16-19.39.18:527][485]LogTexture:Display: Building textures: T_Rock_Slate_N (BC5)
[2017.02.16-19.39.18:887][485]LogMaterial: Missing cached shader map for material M_Rock_Slate, compiling. 
[2017.02.16-19.39.18:910][485]LogMaterial: Missing cached shader map for material M_Water_Lake, compiling. 
[2017.02.16-19.39.19:010][485]LogTexture:Display: Building textures: T_Tech_Panel_N (BC5)
[2017.02.16-19.39.19:444][485]LogTexture:Display: Building textures: T_Tech_Panel_M (AutoDXT)
[2017.02.16-19.39.20:343][485]LogTexture:Display: Building textures: T_Metal_Steel_D (AutoDXT)
[2017.02.16-19.39.21:820][485]LogMaterial: Missing cached shader map for material M_Tech_Panel, compiling. 
[2017.02.16-19.39.22:018][485]LogTexture:Display: Building textures: T_CobbleStone_Smooth_N (BC5)
[2017.02.16-19.39.22:658][485]LogTexture:Display: Building textures: T_CobbleStone_Smooth_M (AutoDXT)
[2017.02.16-19.39.25:137][485]LogTexture:Display: Building textures: T_CobbleStone_Smooth_D (AutoDXT)
[2017.02.16-19.39.27:873][485]LogTexture:Display: Building textures: T_Concrete_Panels_D (AutoDXT)
[2017.02.16-19.39.30:039][485]LogTexture:Display: Building textures: T_Concrete_Panels_N (BC5)
[2017.02.16-19.39.30:367][485]LogMaterial: Missing cached shader map for material M_Concrete_Panels, compiling. 
[2017.02.16-19.39.30:603][485]LogTexture:Display: Building textures: T_Metal_Rust_N (BC5)
[2017.02.16-19.39.31:202][485]LogTexture:Display: Building textures: T_Concrete_Grime_D (AutoDXT)
[2017.02.16-19.39.33:515][485]LogMaterial: Missing cached shader map for material M_Concrete_Grime, compiling. 
[2017.02.16-19.39.33:711][485]LogTexture:Display: Building textures: T_CobbleStone_Pebble_D (AutoDXT)
[2017.02.16-19.39.36:274][485]LogTexture:Display: Building textures: T_CobbleStone_Pebble_N (BC5)
[2017.02.16-19.39.36:733][485]LogTexture:Display: Building textures: T_CobbleStone_Pebble_M (AutoDXT)
[2017.02.16-19.39.37:371][485]LogMaterial: Missing cached shader map for material M_CobbleStone_Pebble, compiling. 
[2017.02.16-19.39.37:576][485]LogTexture:Display: Building textures: T_Rock_Marble_Polished_D (AutoDXT)
[2017.02.16-19.39.39:228][485]LogTexture:Display: Building textures: T_Ceramic_Tile_N (BC5)
[2017.02.16-19.39.39:600][485]LogTexture:Display: Building textures: T_Ceramic_Tile_M (DXT1)
[2017.02.16-19.39.40:209][485]LogMaterial: Missing cached shader map for material M_Ceramic_Tile_Checker, compiling. 
[2017.02.16-19.39.40:239][485]LogTexture:Display: Building textures: T_Tech_Dot_N (BC5)
[2017.02.16-19.39.40:265][485]LogTexture:Display: Building textures: T_Tech_Dot_M (AutoDXT)
[2017.02.16-19.39.40:321][485]LogMaterial: Missing cached shader map for material M_Tech_Checker_Dot, compiling. 
[2017.02.16-19.39.40:585][485]LogTexture:Display: Building textures: T_Rock_Smooth_Granite_D (AutoDXT)
[2017.02.16-19.39.43:136][485]LogTexture:Display: Building textures: T_Gradinet_01 (AutoDXT)
[2017.02.16-19.39.43:144][485]LogMaterial: Missing cached shader map for material M_CobbleStone_Smooth, compiling. 
[2017.02.16-19.39.43:219][485]LogTexture:Display: Building textures: T_CobbleStone_Rough_N (BC5)
[2017.02.16-19.39.43:375][485]LogTexture:Display: Building textures: T_CobbleStone_Rough_D (AutoDXT)
[2017.02.16-19.39.44:228][485]LogTexture:Display: Building textures: T_Brick_Clay_New_N (BC5)
[2017.02.16-19.39.44:872][485]LogTexture:Display: Building textures: T_Brick_Clay_New_M (AutoDXT)
[2017.02.16-19.39.47:592][485]LogTexture:Display: Building textures: T_Brick_Clay_New_D (AutoDXT)
[2017.02.16-19.39.49:873][485]LogMaterial: Missing cached shader map for material M_Brick_Clay_New, compiling. 
[2017.02.16-19.39.50:052][485]LogTexture:Display: Building textures: T_Brick_Clay_Beveled_N (BC5)
[2017.02.16-19.39.50:455][485]LogMaterial: Missing cached shader map for material M_Ground_Gravel, compiling. 
[2017.02.16-19.39.50:657][485]LogTexture:Display: Building textures: T_Ground_Grass_N (BC5)
[2017.02.16-19.39.51:252][485]LogTexture:Display: Building textures: T_Ground_Grass_D (AutoDXT)
[2017.02.16-19.39.53:876][485]LogMaterial: Missing cached shader map for material M_Ground_Grass, compiling. 
[2017.02.16-19.39.54:110][485]LogTexture:Display: Building textures: T_Rock_Basalt_D (AutoDXT)
[2017.02.16-19.39.56:675][485]LogTexture:Display: Building textures: T_Rock_Basalt_N (BC5)
[2017.02.16-19.39.57:078][485]LogMaterial: Missing cached shader map for material M_Rock_Basalt, compiling. 
[2017.02.16-19.39.57:292][485]LogTexture:Display: Building textures: T_Metal_Steel_N (BC5)
[2017.02.16-19.39.57:678][485]LogMaterial: Missing cached shader map for material M_Metal_Steel, compiling. 
[2017.02.16-19.39.57:910][485]LogTexture:Display: Building textures: T_Metal_Rust_D (AutoDXT)
[2017.02.16-19.40.00:413][485]LogTexture:Display: Building textures: T_Wood_Floor_Walnut_M (AutoDXT)
[2017.02.16-19.40.02:893][485]LogTexture:Display: Building textures: T_Wood_Floor_Walnut_D (AutoDXT)
[2017.02.16-19.40.05:258][485]LogTexture:Display: Building textures: T_Wood_Floor_Walnut_N (BC5)
[2017.02.16-19.40.05:544][485]LogMaterial: Missing cached shader map for material M_Wood_Floor_Walnut_Polished, compiling. 
[2017.02.16-19.40.05:569][485]LogMaterial: Missing cached shader map for material M_CobbleStone_Rough, compiling. 
[2017.02.16-19.40.05:640][485]LogTexture:Display: Building textures: HQ_Lightmap0_1 (AutoDXT)
[2017.02.16-19.40.06:025][485]LogTexture:Display: Building textures: HQ_Lightmap0_2 (AutoDXT)
[2017.02.16-19.40.06:384][485]LogTexture:Display: Building textures: HQ_Lightmap0_3 (AutoDXT)
[2017.02.16-19.40.06:667][485]LogTexture:Display: Building textures: HQ_Lightmap0_4 (AutoDXT)
[2017.02.16-19.40.06:733][485]LogTexture:Display: Building textures: HQ_Lightmap1_5 (AutoDXT)
[2017.02.16-19.40.06:739][485]LogTexture:Display: Building textures: HQ_Lightmap1_6 (AutoDXT)
[2017.02.16-19.40.06:768][485]LogTexture:Display: Building textures: LQ_Lightmap_0_1 (DXT1)
[2017.02.16-19.40.06:923][485]LogTexture:Display: Building textures: LQ_Lightmap_0_2 (DXT1)
[2017.02.16-19.40.07:063][485]LogTexture:Display: Building textures: LQ_Lightmap_0_3 (DXT1)
[2017.02.16-19.40.07:198][485]LogTexture:Display: Building textures: LQ_Lightmap_0_4 (DXT1)
[2017.02.16-19.40.07:242][485]LogTexture:Display: Building textures: LQ_Lightmap_1_5 (DXT1)
[2017.02.16-19.40.07:245][485]LogTexture:Display: Building textures: LQ_Lightmap_1_6 (DXT1)
[2017.02.16-19.40.07:250][485]LogTexture:Display: Building textures: T_Dust_Particle_D (AutoDXT)
[2017.02.16-19.40.07:272][485]LogMaterial: Missing cached shader map for material M_Dust_Particle, compiling. 
[2017.02.16-19.40.07:339][485]LogTexture:Display: Building textures: ShadowMapTexture2D_10 (BGRA8)
[2017.02.16-19.40.07:371][485]LogTexture:Display: Building textures: ShadowMapTexture2D_6 (BGRA8)
[2017.02.16-19.40.07:519][485]LogTexture:Display: Building textures: ShadowMapTexture2D_7 (BGRA8)
[2017.02.16-19.40.07:554][485]LogTexture:Display: Building textures: ShadowMapTexture2D_8 (BGRA8)
[2017.02.16-19.40.07:580][485]LogTexture:Display: Building textures: ShadowMapTexture2D_9 (BGRA8)
[2017.02.16-19.40.07:716][485]LogMaterial: Missing cached shader map for material M_Brick_Cut_Stone, compiling. 
[2017.02.16-19.40.07:979][485]LogTexture:Display: Building textures: T_Brick_Clay_Old_N (BC5)
[2017.02.16-19.40.08:678][485]LogTexture:Display: Building textures: T_Brick_Clay_Old_D (AutoDXT)
[2017.02.16-19.40.11:086][485]LogMaterial: Missing cached shader map for material M_Metal_Rust, compiling. 
[2017.02.16-19.40.11:285][485]LogTexture:Display: Building textures: T_Metal_Gold_D (AutoDXT)
[2017.02.16-19.40.13:836][485]LogMaterial: Missing cached shader map for material M_Lamp, compiling. 
[2017.02.16-19.40.13:885][485]LogMaterial: Missing cached shader map for material M_Brick_Clay_Old, compiling. 
[2017.02.16-19.40.14:078][485]LogTexture:Display: Building textures: T_Brick_Clay_Beveled_M (AutoDXT)
[2017.02.16-19.40.16:854][485]LogTexture:Display: Building textures: T_Brick_Clay_Beveled_D (AutoDXT)
[2017.02.16-19.40.19:248][485]LogMaterial: Missing cached shader map for material M_Brick_Clay_Beveled, compiling. 
[2017.02.16-19.40.19:277][485]LogMaterial: Missing cached shader map for material M_Rock_Marble_Polished, compiling. 
[2017.02.16-19.40.19:312][485]LogMaterial: Missing cached shader map for material M_Metal_Gold, compiling. 
[2017.02.16-19.40.19:339][485]LogMaterial: Missing cached shader map for material M_Metal_Chrome, compiling. 
[2017.02.16-19.40.19:364][485]LogMaterial: Missing cached shader map for material M_Tech_Hex_Tile, compiling. 
[2017.02.16-19.40.19:400][485]LogMaterial: Missing cached shader map for material M_Concrete_Poured, compiling. 
[2017.02.16-19.40.19:464][485]LogMaterial: Missing cached shader map for material M_Basic_Wall, compiling. 
[2017.02.16-19.40.19:646][485]LogTexture:Display: Building textures: T_Wood_Walnut_N (BC5)
[2017.02.16-19.40.20:210][485]LogTexture:Display: Building textures: T_Wood_Walnut_D (AutoDXT)
[2017.02.16-19.40.22:718][485]LogMaterial: Missing cached shader map for material M_Wood_Walnut, compiling. 
[2017.02.16-19.40.22:902][485]LogTexture:Display: Building textures: T_Wood_Pine_N (BC5)
[2017.02.16-19.40.23:507][485]LogTexture:Display: Building textures: T_Wood_Pine_D (AutoDXT)
[2017.02.16-19.40.25:885][485]LogMaterial: Missing cached shader map for material M_Wood_Pine, compiling. 
[2017.02.16-19.40.26:050][485]LogTexture:Display: Building textures: T_Wood_Oak_N (BC5)
[2017.02.16-19.40.26:576][485]LogTexture:Display: Building textures: T_Wood_Oak_D (AutoDXT)
[2017.02.16-19.40.28:963][485]LogMaterial: Missing cached shader map for material M_Wood_Oak, compiling. 
[2017.02.16-19.40.28:991][485]LogMaterial: Missing cached shader map for material M_Wood_Floor_Walnut_Worn, compiling. 
[2017.02.16-19.40.29:038][485]LogMaterial: Missing cached shader map for material M_Glass, compiling. 
[2017.02.16-19.40.29:131][485]LogTexture:Display: Building textures: T_Frame_N (BC5)
[2017.02.16-19.40.29:546][485]LogTexture:Display: Building textures: T_Frame_M (DXT1)
[2017.02.16-19.40.30:242][485]LogMaterial: Missing cached shader map for material M_Frame, compiling. 
[2017.02.16-19.40.30:270][485]LogAIModule: Creating AISystem for world StarterMap
[2017.02.16-19.40.30:387][485]LogTexture:Display: Building textures: S_AudioComponent (BGRA8)
[2017.02.16-19.40.30:416][485]Cmd: MAP LOAD FILE="C:/Users/StudentUser/Documents/GitHub/Castle-Guard-Lone-Defender/BowsNArrows/Content/StarterContent/Maps/StarterMap.umap" TEMPLATE=0 SHOWPROGRESS=1 FEATURELEVEL=3
[2017.02.16-19.40.30:416][485]LightingResults: New page: Lighting Build
[2017.02.16-19.40.30:417][485]LoadErrors: New page: Loading map: StarterMap.umap
[2017.02.16-19.40.30:418][485]MapCheck: New page: Map Check
[2017.02.16-19.40.30:418][485]LightingResults: New page: Lighting Build
[2017.02.16-19.40.30:692][485]LogEditorServer: Finished looking for orphan Actors (0.000 secs)
[2017.02.16-19.40.30:721][485]Cmd: MAP CHECKDEP NOCLEARLOG
[2017.02.16-19.40.30:824][485]MapCheck: Info Map check complete: 0 Error(s), 0 Warning(s), took 103.391ms to complete.
[2017.02.16-19.40.30:824][485]LogFileHelpers: Loading map 'StarterMap' took 0.410
[2017.02.16-19.40.34:790][827]LogAIModule: Creating AISystem for world Minimal_Default
[2017.02.16-19.40.34:810][827]Cmd: MAP LOAD FILE="C:/Users/StudentUser/Documents/GitHub/Castle-Guard-Lone-Defender/BowsNArrows/Content/StarterContent/Maps/Minimal_Default.umap" TEMPLATE=0 SHOWPROGRESS=1 FEATURELEVEL=3
[2017.02.16-19.40.34:810][827]LightingResults: New page: Lighting Build
[2017.02.16-19.40.34:811][827]LoadErrors: New page: Loading map: Minimal_Default.umap
[2017.02.16-19.40.34:829][827]MapCheck: New page: Map Check
[2017.02.16-19.40.34:829][827]LightingResults: New page: Lighting Build
[2017.02.16-19.40.34:862][827]LogEditorServer: Finished looking for orphan Actors (0.000 secs)
[2017.02.16-19.40.34:889][827]Cmd: MAP CHECKDEP NOCLEARLOG
[2017.02.16-19.40.34:979][827]MapCheck: Info Map check complete: 0 Error(s), 0 Warning(s), took 89.147ms to complete.
[2017.02.16-19.40.34:979][827]LogFileHelpers: Loading map 'Minimal_Default' took 0.170
[2017.02.16-19.40.36:791][904]LogTexture:Display: Building textures: HDRI_Epic_Courtyard_Daylight (RGBA16F)
[2017.02.16-19.40.49:010][904]LogMaterial: Missing cached shader map for material M_LightStage_Skybox_Master, compiling. 
[2017.02.16-19.40.49:021][904]LogMaterial: Missing cached shader map for material M_LightStage_Arrows, compiling. 
[2017.02.16-19.40.49:051][904]LogTexture:Display: Building textures: T_ColorGrid (AutoDXT)
[2017.02.16-19.40.49:095][904]LogMaterial: Missing cached shader map for material M_ColorGrid, compiling. 
[2017.02.16-19.40.49:120][904]LogMaterial: Missing cached shader map for material M_ClearCoatBlack, compiling. 
[2017.02.16-19.40.49:137][904]LogMaterial: Missing cached shader map for material M_GreyBall, compiling. 
[2017.02.16-19.40.49:162][904]LogMaterial: Missing cached shader map for material M_AssetPlatform, compiling. 
[2017.02.16-19.40.49:277][904]LogMaterial: Missing cached shader map for material M_ChromeBall, compiling. 
[2017.02.16-19.40.49:301][904]LogMaterial: Missing cached shader map for material M_ClearCoat, compiling. 
[2017.02.16-19.40.49:321][904]LogTexture:Display: Building textures: HQ_Lightmap1_1 (AutoDXT)
[2017.02.16-19.40.49:328][904]LogTexture:Display: Building textures: HQ_Lightmap1_2 (AutoDXT)
[2017.02.16-19.40.49:330][904]LogTexture:Display: Building textures: LQ_Lightmap_1_1 (DXT1)
[2017.02.16-19.40.49:336][904]LogTexture:Display: Building textures: LQ_Lightmap_1_2 (DXT1)
[2017.02.16-19.40.49:340][904]LogTexture:Display: Building textures: SkyOcclusion1_1 (AutoDXT)
[2017.02.16-19.40.49:356][904]LogTexture:Display: Building textures: SkyOcclusion1_2 (AutoDXT)
[2017.02.16-19.40.49:361][904]LogMaterial: Missing cached shader map for material M_LightStage_Skybox_Master, compiling. 
[2017.02.16-19.40.49:367][904]LogTexture:Display: Building textures: ShadowMapTexture2D_0 (G8)
[2017.02.16-19.40.49:369][904]LogTexture:Display: Building textures: ShadowMapTexture2D_1 (G8)
[2017.02.16-19.40.49:466][904]LogAIModule: Creating AISystem for world Advanced_Lighting
[2017.02.16-19.40.49:555][904]Cmd: MAP LOAD FILE="C:/Users/StudentUser/Documents/GitHub/Castle-Guard-Lone-Defender/BowsNArrows/Content/StarterContent/Maps/Advanced_Lighting.umap" TEMPLATE=0 SHOWPROGRESS=1 FEATURELEVEL=3
[2017.02.16-19.40.49:555][904]LightingResults: New page: Lighting Build
[2017.02.16-19.40.49:556][904]LoadErrors: New page: Loading map: Advanced_Lighting.umap
[2017.02.16-19.40.49:557][904]MapCheck: New page: Map Check
[2017.02.16-19.40.49:557][904]LightingResults: New page: Lighting Build
[2017.02.16-19.40.49:629][904]LogEditorServer: Finished looking for orphan Actors (0.000 secs)
[2017.02.16-19.40.49:656][904]Cmd: MAP CHECKDEP NOCLEARLOG
[2017.02.16-19.40.49:750][904]MapCheck: Info Map check complete: 0 Error(s), 0 Warning(s), took 93.367ms to complete.
[2017.02.16-19.40.49:751][904]LogFileHelpers: Loading map 'Advanced_Lighting' took 0.197
[2017.02.16-19.45.34:242][ 36]Cmd: QUIT_EDITOR
[2017.02.16-19.45.34:270][ 36]LogWindowsTextInputMethodSystem:Display: IME system now deactivated.
[2017.02.16-19.45.34:292][ 36]LogExit: Preparing to exit.
[2017.02.16-19.45.35:318][ 36]LogExit: Editor shut down
[2017.02.16-19.45.35:318][ 36]LogExit: Transaction tracking system shut down
[2017.02.16-19.45.35:539][ 36]LogObj: Freed 0b from 0 cluster array pools.
[2017.02.16-19.45.35:539][ 36]LogExit: Object subsystem successfully closed.
[2017.02.16-19.45.35:594][ 36]LogD3D11RHI: Shutdown
[2017.02.16-19.45.35:594][ 36]LogD3D11RHI: CleanupD3DDevice
[2017.02.16-19.45.35:683][ 36]LogD3D11RHI: ~FD3D11DynamicRHI
[2017.02.16-19.45.35:691][ 36]LogModuleManager: Shutting down and abandoning module HierarchicalLODOutliner (240)
[2017.02.16-19.45.35:691][ 36]LogModuleManager: Shutting down and abandoning module ExternalImagePicker (239)
[2017.02.16-19.45.35:691][ 36]LogModuleManager: Shutting down and abandoning module CrashTracker (238)
[2017.02.16-19.45.35:691][ 36]LogModuleManager: Shutting down and abandoning module SceneOutliner (237)
[2017.02.16-19.45.35:691][ 36]LogModuleManager: Shutting down and abandoning module WidgetCarousel (236)
[2017.02.16-19.45.35:691][ 36]LogModuleManager: Shutting down and abandoning module AddContentDialog (235)
[2017.02.16-19.45.35:691][ 36]LogDirectoryWatcher: A directory notification for 'E:/UnrealArchives/4.13/FeaturePacks/' was aborted.
[2017.02.16-19.45.35:692][ 36]LogModuleManager: Shutting down and abandoning module GameplayTags (234)
[2017.02.16-19.45.35:692][ 36]LogModuleManager: Shutting down and abandoning module EditorWidgets (233)
[2017.02.16-19.45.35:692][ 36]LogModuleManager: Shutting down and abandoning module CollectionManager (232)
[2017.02.16-19.45.35:692][ 36]LogDirectoryWatcher: A directory notification for 'C:/Users/StudentUser/Documents/GitHub/Castle-Guard-Lone-Defender/BowsNArrows/Content/Collections/' was aborted.
[2017.02.16-19.45.35:692][ 36]LogDirectoryWatcher: A directory notification for 'C:/Users/StudentUser/Documents/GitHub/Castle-Guard-Lone-Defender/BowsNArrows/Content/Developers/StudentUser/Collections/' was aborted.
[2017.02.16-19.45.35:692][ 36]LogDirectoryWatcher: A directory notification for 'C:/Users/StudentUser/Documents/GitHub/Castle-Guard-Lone-Defender/BowsNArrows/Saved/Collections/' was aborted.
[2017.02.16-19.45.35:692][ 36]LogModuleManager: Shutting down and abandoning module StatsViewer (231)
[2017.02.16-19.45.35:692][ 36]LogModuleManager: Shutting down and abandoning module FoliageEdit (230)
[2017.02.16-19.45.35:692][ 36]LogModuleManager: Shutting down and abandoning module LandscapeEditor (229)
[2017.02.16-19.45.35:692][ 36]LogModuleManager: Shutting down and abandoning module SceneDepthPickerMode (228)
[2017.02.16-19.45.35:692][ 36]LogModuleManager: Shutting down and abandoning module ActorPickerMode (227)
[2017.02.16-19.45.35:692][ 36]LogModuleManager: Shutting down and abandoning module GeometryMode (226)
[2017.02.16-19.45.35:692][ 36]LogModuleManager: Shutting down and abandoning module TextureAlignMode (225)
[2017.02.16-19.45.35:692][ 36]LogModuleManager: Shutting down and abandoning module BspMode (224)
[2017.02.16-19.45.35:692][ 36]LogModuleManager: Shutting down and abandoning module HardwareSurvey (223)
[2017.02.16-19.45.35:692][ 36]LogModuleManager: Shutting down and abandoning module SequenceRecorderSections (222)
[2017.02.16-19.45.35:692][ 36]LogModuleManager: Shutting down and abandoning module SequenceRecorder (221)
[2017.02.16-19.45.35:692][ 36]LogModuleManager: Shutting down and abandoning module AutomationWorker (220)
[2017.02.16-19.45.35:692][ 36]LogModuleManager: Shutting down and abandoning module MatineeToLevelSequence (219)
[2017.02.16-19.45.35:692][ 36]LogModuleManager: Shutting down and abandoning module PlacementMode (218)
[2017.02.16-19.45.35:692][ 36]LogModuleManager: Shutting down and abandoning module LevelSequenceEditor (217)
[2017.02.16-19.45.35:693][ 36]LogModuleManager: Shutting down and abandoning module WmfMediaFactory (216)
[2017.02.16-19.45.35:693][ 36]LogModuleManager: Shutting down and abandoning module WmfMediaEditor (215)
[2017.02.16-19.45.35:693][ 36]LogModuleManager: Shutting down and abandoning module AvfMediaFactory (214)
[2017.02.16-19.45.35:693][ 36]LogModuleManager: Shutting down and abandoning module AvfMediaEditor (213)
[2017.02.16-19.45.35:693][ 36]LogModuleManager: Shutting down and abandoning module Media (212)
[2017.02.16-19.45.35:693][ 36]LogModuleManager: Shutting down and abandoning module AndroidMediaFactory (211)
[2017.02.16-19.45.35:693][ 36]LogModuleManager: Shutting down and abandoning module AndroidMediaEditor (210)
[2017.02.16-19.45.35:693][ 36]LogModuleManager: Shutting down and abandoning module CharacterAI (209)
[2017.02.16-19.45.35:693][ 36]LogModuleManager: Shutting down and abandoning module SmartSnapping (208)
[2017.02.16-19.45.35:693][ 36]LogModuleManager: Shutting down and abandoning module SessionServices (207)
[2017.02.16-19.45.35:693][ 36]LogModuleManager: Shutting down and abandoning module ViewportSnapping (206)
[2017.02.16-19.45.35:693][ 36]LogModuleManager: Shutting down and abandoning module ViewportInteraction (205)
[2017.02.16-19.45.35:693][ 36]LogModuleManager: Shutting down and abandoning module LogVisualizer (204)
[2017.02.16-19.45.35:693][ 36]LogModuleManager: Shutting down and abandoning module GameProjectGeneration (203)
[2017.02.16-19.45.35:693][ 36]LogModuleManager: Shutting down and abandoning module IntroTutorials (202)
[2017.02.16-19.45.35:693][ 36]LogModuleManager: Shutting down and abandoning module EditorLiveStreaming (201)
[2017.02.16-19.45.35:693][ 36]LogModuleManager: Shutting down and abandoning module IOSPlatformEditor (200)
[2017.02.16-19.45.35:693][ 36]LogModuleManager: Shutting down and abandoning module HTML5PlatformEditor (199)
[2017.02.16-19.45.35:693][ 36]LogModuleManager: Shutting down and abandoning module AndroidDeviceDetection (198)
[2017.02.16-19.45.36:425][ 36]LogModuleManager: Shutting down and abandoning module AndroidPlatformEditor (197)
[2017.02.16-19.45.36:425][ 36]LogModuleManager: Shutting down and abandoning module IOSRuntimeSettings (196)
[2017.02.16-19.45.36:425][ 36]LogModuleManager: Shutting down and abandoning module AndroidRuntimeSettings (195)
[2017.02.16-19.45.36:425][ 36]LogModuleManager: Shutting down and abandoning module NiagaraEditor (194)
[2017.02.16-19.45.36:425][ 36]LogModuleManager: Shutting down and abandoning module MergeActors (193)
[2017.02.16-19.45.36:425][ 36]LogModuleManager: Shutting down and abandoning module SizeMap (192)
[2017.02.16-19.45.36:425][ 36]LogModuleManager: Shutting down and abandoning module TreeMap (191)
[2017.02.16-19.45.36:425][ 36]LogModuleManager: Shutting down and abandoning module ReferenceViewer (190)
[2017.02.16-19.45.36:425][ 36]LogModuleManager: Shutting down and abandoning module LocalizationService (189)
[2017.02.16-19.45.36:425][ 36]LogModuleManager: Shutting down and abandoning module LocalizationDashboard (188)
[2017.02.16-19.45.36:425][ 36]LogModuleManager: Shutting down and abandoning module HardwareTargeting (187)
[2017.02.16-19.45.36:425][ 36]LogModuleManager: Shutting down and abandoning module DeviceProfileEditor (186)
[2017.02.16-19.45.36:425][ 36]LogModuleManager: Shutting down and abandoning module UndoHistory (185)
[2017.02.16-19.45.36:425][ 36]LogModuleManager: Shutting down and abandoning module UserFeedback (184)
[2017.02.16-19.45.36:425][ 36]LogModuleManager: Shutting down and abandoning module XmlParser (183)
[2017.02.16-19.45.36:425][ 36]LogModuleManager: Shutting down and abandoning module Blutility (182)
[2017.02.16-19.45.36:425][ 36]LogModuleManager: Shutting down and abandoning module ProjectTargetPlatformEditor (181)
[2017.02.16-19.45.36:425][ 36]LogModuleManager: Shutting down and abandoning module ProjectSettingsViewer (180)
[2017.02.16-19.45.36:425][ 36]LogModuleManager: Shutting down and abandoning module InputBindingEditor (179)
[2017.02.16-19.45.36:425][ 36]LogModuleManager: Shutting down and abandoning module EditorSettingsViewer (178)
[2017.02.16-19.45.36:425][ 36]LogModuleManager: Shutting down and abandoning module SettingsEditor (177)
[2017.02.16-19.45.36:425][ 36]LogModuleManager: Shutting down and abandoning module ProjectLauncher (176)
[2017.02.16-19.45.36:425][ 36]LogModuleManager: Shutting down and abandoning module SessionFrontend (175)
[2017.02.16-19.45.36:425][ 36]LogModuleManager: Shutting down and abandoning module ProfilerClient (174)
[2017.02.16-19.45.36:425][ 36]LogModuleManager: Shutting down and abandoning module TargetDeviceServices (173)
[2017.02.16-19.45.36:425][ 36]LogModuleManager: Shutting down and abandoning module DeviceManager (172)
[2017.02.16-19.45.36:478][ 36]LogModuleManager: Shutting down and abandoning module AutomationController (171)
[2017.02.16-19.45.36:478][ 36]LogModuleManager: Shutting down and abandoning module AutomationWindow (170)
[2017.02.16-19.45.36:478][ 36]LogModuleManager: Shutting down and abandoning module Layers (169)
[2017.02.16-19.45.36:478][ 36]LogModuleManager: Shutting down and abandoning module ComponentVisualizers (168)
[2017.02.16-19.45.36:478][ 36]LogModuleManager: Shutting down and abandoning module DetailCustomizations (167)
[2017.02.16-19.45.36:478][ 36]LogModuleManager: Shutting down and abandoning module PackagesDialog (166)
[2017.02.16-19.45.36:478][ 36]LogModuleManager: Shutting down and abandoning module AnimGraph (165)
[2017.02.16-19.45.36:478][ 36]LogModuleManager: Shutting down and abandoning module Persona (164)
[2017.02.16-19.45.36:478][ 36]LogModuleManager: Shutting down and abandoning module Kismet (163)
[2017.02.16-19.45.36:480][ 36]LogModuleManager: Shutting down and abandoning module GraphEditor (162)
[2017.02.16-19.45.36:480][ 36]LogModuleManager: Shutting down and abandoning module ClassViewer (161)
[2017.02.16-19.45.36:480][ 36]LogModuleManager: Shutting down and abandoning module Toolbox (160)
[2017.02.16-19.45.36:480][ 36]LogModuleManager: Shutting down and abandoning module ModuleUI (159)
[2017.02.16-19.45.36:480][ 36]LogModuleManager: Shutting down and abandoning module MovieSceneTools (158)
[2017.02.16-19.45.36:480][ 36]LogModuleManager: Shutting down and abandoning module OutputLog (157)
[2017.02.16-19.45.36:480][ 36]LogModuleManager: Shutting down and abandoning module GammaUI (156)
[2017.02.16-19.45.36:480][ 36]LogModuleManager: Shutting down and abandoning module Documentation (155)
[2017.02.16-19.45.36:480][ 36]LogModuleManager: Shutting down and abandoning module Niagara (154)
[2017.02.16-19.45.36:480][ 36]LogModuleManager: Shutting down and abandoning module StreamingPauseRendering (153)
[2017.02.16-19.45.36:480][ 36]LogModuleManager: Shutting down and abandoning module AnalyticsET (152)
[2017.02.16-19.45.36:480][ 36]LogModuleManager: Shutting down and abandoning module PortalServices (151)
[2017.02.16-19.45.36:480][ 36]LogModuleManager: Shutting down and abandoning module PortalRpc (150)
[2017.02.16-19.45.36:480][ 36]LogModuleManager: Shutting down and abandoning module MessagingRpc (149)
[2017.02.16-19.45.36:480][ 36]LogModuleManager: Shutting down and abandoning module GameplayDebugger (148)
[2017.02.16-19.45.36:480][ 36]LogModuleManager: Shutting down and abandoning module AITestSuite (147)
[2017.02.16-19.45.36:480][ 36]LogModuleManager: Shutting down and abandoning module AIModule (146)
[2017.02.16-19.45.36:480][ 36]LogModuleManager: Shutting down and abandoning module ProfilerService (145)
[2017.02.16-19.45.36:699][ 36]LogModuleManager: Shutting down and abandoning module TaskGraph (144)
[2017.02.16-19.45.36:700][ 36]LogModuleManager: Shutting down and abandoning module SubstanceEditor (143)
[2017.02.16-19.45.36:700][ 36]LogModuleManager: Shutting down and abandoning module SlateRemote (142)
[2017.02.16-19.45.36:700][ 36]LogModuleManager: Shutting down and abandoning module SteamVRController (141)
[2017.02.16-19.45.36:700][ 36]LogModuleManager: Shutting down and abandoning module SteamVR (140)
[2017.02.16-19.45.36:700][ 36]LogModuleManager: Shutting down and abandoning module ProceduralMeshComponentEditor (139)
[2017.02.16-19.45.36:700][ 36]LogModuleManager: Shutting down and abandoning module ProceduralMeshComponent (138)
[2017.02.16-19.45.36:700][ 36]LogModuleManager: Shutting down and abandoning module OculusLibrary (137)
[2017.02.16-19.45.36:700][ 36]LogModuleManager: Shutting down and abandoning module OculusInput (136)
[2017.02.16-19.45.36:700][ 36]LogModuleManager: Shutting down and abandoning module CustomMeshComponent (135)
[2017.02.16-19.45.36:700][ 36]LogModuleManager: Shutting down and abandoning module CableComponent (134)
[2017.02.16-19.45.36:700][ 36]LogModuleManager: Shutting down and abandoning module ArchVisCharacter (133)
[2017.02.16-19.45.36:700][ 36]LogModuleManager: Shutting down and abandoning module MediaPlayerEditor (131)
[2017.02.16-19.45.36:700][ 36]LogModuleManager: Shutting down and abandoning module ShadowMocapEditor (130)
[2017.02.16-19.45.36:700][ 36]LogModuleManager: Shutting down and abandoning module ShadowMocap (129)
[2017.02.16-19.45.36:700][ 36]LogModuleManager: Shutting down and abandoning module RunebergVRPlugin (128)
[2017.02.16-19.45.36:700][ 36]LogModuleManager: Shutting down and abandoning module GestureTrackerVR (127)
[2017.02.16-19.45.36:700][ 36]LogModuleManager: Shutting down and abandoning module HTML5Networking (126)
[2017.02.16-19.45.36:700][ 36]LogModuleManager: Shutting down and abandoning module GeometryCacheEd (125)
[2017.02.16-19.45.36:700][ 36]LogModuleManager: Shutting down and abandoning module GeometryCache (124)
[2017.02.16-19.45.36:700][ 36]LogModuleManager: Shutting down and abandoning module AlembicLibrary (123)
[2017.02.16-19.45.36:700][ 36]LogModuleManager: Shutting down and abandoning module AlembicImporter (122)
[2017.02.16-19.45.36:700][ 36]LogModuleManager: Shutting down and abandoning module SuperSearch (121)
[2017.02.16-19.45.36:700][ 36]LogModuleManager: Shutting down and abandoning module SuperSearchEditor (120)
[2017.02.16-19.45.36:700][ 36]LogModuleManager: Shutting down and abandoning module SpeedTreeImporter (119)
[2017.02.16-19.45.36:700][ 36]LogModuleManager: Shutting down and abandoning module PluginBrowser (118)
[2017.02.16-19.45.36:700][ 36]LogModuleManager: Shutting down and abandoning module MobileLauncherProfileWizard (117)
[2017.02.16-19.45.36:700][ 36]LogModuleManager: Shutting down and abandoning module EpicSurvey (116)
[2017.02.16-19.45.36:700][ 36]LogModuleManager: Shutting down and abandoning module DesktopPlatform (115)
[2017.02.16-19.45.36:700][ 36]LogModuleManager: Shutting down and abandoning module VisualStudioSourceCodeAccess (114)
[2017.02.16-19.45.36:700][ 36]LogModuleManager: Shutting down and abandoning module UObjectPlugin (113)
[2017.02.16-19.45.36:700][ 36]LogModuleManager: Shutting down and abandoning module SubversionSourceControl (112)
[2017.02.16-19.45.36:700][ 36]LogModuleManager: Shutting down and abandoning module PerforceSourceControl (111)
[2017.02.16-19.45.36:700][ 36]LogModuleManager: Shutting down and abandoning module SourceControl (110)
[2017.02.16-19.45.36:700][ 36]LogModuleManager: Shutting down and abandoning module GitSourceControl (109)
[2017.02.16-19.45.36:700][ 36]LogModuleManager: Shutting down and abandoning module LightPropagationVolumeEditor (108)
[2017.02.16-19.45.36:700][ 36]LogModuleManager: Shutting down and abandoning module PaperTiledImporter (107)
[2017.02.16-19.45.36:700][ 36]LogModuleManager: Shutting down and abandoning module PaperSpriteSheetImporter (106)
[2017.02.16-19.45.36:700][ 36]LogModuleManager: Shutting down and abandoning module MeshPaint (105)
[2017.02.16-19.45.36:700][ 36]LogModuleManager: Shutting down and abandoning module FbxAutomationBuilderModule (104)
[2017.02.16-19.45.36:700][ 36]LogModuleManager: Shutting down and abandoning module PixelInspectorModule (103)
[2017.02.16-19.45.36:700][ 36]LogModuleManager: Shutting down and abandoning module HotReload (102)
[2017.02.16-19.45.36:701][ 36]LogModuleManager: Shutting down and abandoning module MainFrame (101)
[2017.02.16-19.45.36:701][ 36]LogModuleManager: Shutting down and abandoning module LevelEditor (100)
[2017.02.16-19.45.36:701][ 36]LogModuleManager: Shutting down and abandoning module ContentBrowser (99)
[2017.02.16-19.45.36:702][ 36]LogModuleManager: Shutting down and abandoning module Paper2DEditor (98)
[2017.02.16-19.45.36:702][ 36]LogModuleManager: Shutting down and abandoning module UdpMessaging (97)
[2017.02.16-19.45.36:804][ 36]LogModuleManager: Shutting down and abandoning module TcpMessaging (96)
[2017.02.16-19.45.36:905][ 36]LogModuleManager: Shutting down and abandoning module SubstanceCore (95)
[2017.02.16-19.45.36:905][ 36]LogModuleManager: Shutting down and abandoning module LightPropagationVolumeRuntime (94)
[2017.02.16-19.45.36:905][ 36]LogModuleManager: Shutting down and abandoning module Paper2D (93)
[2017.02.16-19.45.36:905][ 36]LogModuleManager: Shutting down and abandoning module WindowsMoviePlayer (92)
[2017.02.16-19.45.36:905][ 36]LogModuleManager: Shutting down and abandoning module WmfMedia (91)
[2017.02.16-19.45.36:905][ 36]LogModuleManager: Shutting down and abandoning module MediaAssets (90)
[2017.02.16-19.45.36:905][ 36]LogModuleManager: Shutting down and abandoning module GameLiveStreaming (89)
[2017.02.16-19.45.36:905][ 36]LogModuleManager: Shutting down and abandoning module GameplayTagsEditor (88)
[2017.02.16-19.45.36:905][ 36]LogModuleManager: Shutting down and abandoning module VREditor (87)
[2017.02.16-19.45.36:905][ 36]LogModuleManager: Shutting down and abandoning module GameplayTasksEditor (86)
[2017.02.16-19.45.36:905][ 36]LogModuleManager: Shutting down and abandoning module PropertyEditor (85)
[2017.02.16-19.45.36:905][ 36]LogModuleManager: Shutting down and abandoning module BehaviorTreeEditor (84)
[2017.02.16-19.45.36:905][ 36]LogModuleManager: Shutting down and abandoning module FunctionalTesting (83)
[2017.02.16-19.45.36:905][ 36]LogModuleManager: Shutting down and abandoning module CollisionAnalyzer (82)
[2017.02.16-19.45.36:905][ 36]LogModuleManager: Shutting down and abandoning module Sequencer (81)
[2017.02.16-19.45.36:905][ 36]LogModuleManager: Shutting down and abandoning module WorkspaceMenuStructure (80)
[2017.02.16-19.45.36:905][ 36]LogModuleManager: Shutting down and abandoning module MessageLog (79)
[2017.02.16-19.45.36:905][ 36]LogModuleManager: Shutting down and abandoning module AssetTools (78)
[2017.02.16-19.45.36:905][ 36]LogModuleManager: Shutting down and abandoning module UMGEditor (77)
[2017.02.16-19.45.36:905][ 36]LogModuleManager: Shutting down and abandoning module UMG (76)
[2017.02.16-19.45.36:905][ 36]LogModuleManager: Shutting down and abandoning module SlateReflector (75)
[2017.02.16-19.45.36:905][ 36]LogModuleManager: Shutting down and abandoning module Slate (74)
[2017.02.16-19.45.36:905][ 36]LogModuleManager: Shutting down and abandoning module EditorStyle (73)
[2017.02.16-19.45.36:907][ 36]LogModuleManager: Shutting down and abandoning module SourceCodeAccess (72)
[2017.02.16-19.45.36:907][ 36]LogModuleManager: Shutting down and abandoning module HeadMountedDisplay (71)
[2017.02.16-19.45.36:907][ 36]LogModuleManager: Shutting down and abandoning module XAudio2 (70)
[2017.02.16-19.45.36:907][ 36]LogModuleManager: Shutting down and abandoning module Networking (68)
[2017.02.16-19.45.36:907][ 36]LogModuleManager: Shutting down and abandoning module Core (67)
[2017.02.16-19.45.36:907][ 36]LogModuleManager: Shutting down and abandoning module DirectoryWatcher (66)
[2017.02.16-19.45.36:907][ 36]LogDirectoryWatcher: A directory notification for '../../../Engine/Content/' was aborted.
[2017.02.16-19.45.36:907][ 36]LogDirectoryWatcher: A directory notification for 'C:/Users/StudentUser/Documents/GitHub/Castle-Guard-Lone-Defender/BowsNArrows/Content/' was aborted.
[2017.02.16-19.45.36:907][ 36]LogDirectoryWatcher: A directory notification for '../../../Engine/Plugins/2D/Paper2D/Content/' was aborted.
[2017.02.16-19.45.36:907][ 36]LogDirectoryWatcher: A directory notification for '../../../Engine/Plugins/Marketplace/GestureTrackerVR/Content/' was aborted.
[2017.02.16-19.45.36:908][ 36]LogModuleManager: Shutting down and abandoning module AssetRegistry (65)
[2017.02.16-19.45.37:032][ 36]LogModuleManager: Shutting down and abandoning module KismetCompiler (64)
[2017.02.16-19.45.37:032][ 36]LogModuleManager: Shutting down and abandoning module PhysXFormats (63)
[2017.02.16-19.45.37:032][ 36]LogModuleManager: Shutting down and abandoning module MeshUtilities (62)
[2017.02.16-19.45.37:032][ 36]LogModuleManager: Shutting down and abandoning module DerivedDataCache (61)
[2017.02.16-19.45.37:074][ 36]LogDerivedDataCache: Shutdown
[2017.02.16-19.45.37:074][ 36]LogModuleManager: Shutting down and abandoning module VulkanShaderFormat (60)
[2017.02.16-19.45.37:074][ 36]LogModuleManager: Shutting down and abandoning module ShaderFormatOpenGL (59)
[2017.02.16-19.45.37:074][ 36]LogModuleManager: Shutting down and abandoning module ShaderFormatD3D (58)
[2017.02.16-19.45.37:074][ 36]LogModuleManager: Shutting down and abandoning module MetalShaderFormat (57)
[2017.02.16-19.45.37:074][ 36]LogModuleManager: Shutting down and abandoning module TextureFormatUncompressed (56)
[2017.02.16-19.45.37:074][ 36]LogModuleManager: Shutting down and abandoning module TextureFormatPVR (55)
[2017.02.16-19.45.37:074][ 36]LogModuleManager: Shutting down and abandoning module TextureFormatDXT (54)
[2017.02.16-19.45.37:074][ 36]LogModuleManager: Shutting down and abandoning module TextureFormatIntelISPCTexComp (53)
[2017.02.16-19.45.37:074][ 36]LogModuleManager: Shutting down and abandoning module ImageWrapper (52)
[2017.02.16-19.45.37:074][ 36]LogModuleManager: Shutting down and abandoning module TextureFormatASTC (51)
[2017.02.16-19.45.37:074][ 36]LogModuleManager: Shutting down and abandoning module TextureFormatAndroid (50)
[2017.02.16-19.45.37:074][ 36]LogModuleManager: Shutting down and abandoning module AudioFormatOpus (49)
[2017.02.16-19.45.37:074][ 36]LogModuleManager: Shutting down and abandoning module AudioFormatOgg (48)
[2017.02.16-19.45.37:074][ 36]LogModuleManager: Shutting down and abandoning module AudioFormatADPCM (47)
[2017.02.16-19.45.37:074][ 36]LogModuleManager: Shutting down and abandoning module LinuxTargetPlatform (46)
[2017.02.16-19.45.37:074][ 36]LogModuleManager: Shutting down and abandoning module LinuxServerTargetPlatform (45)
[2017.02.16-19.45.37:074][ 36]LogModuleManager: Shutting down and abandoning module LinuxNoEditorTargetPlatform (44)
[2017.02.16-19.45.37:074][ 36]LogModuleManager: Shutting down and abandoning module LinuxClientTargetPlatform (43)
[2017.02.16-19.45.37:074][ 36]LogModuleManager: Shutting down and abandoning module TVOSTargetPlatform (42)
[2017.02.16-19.45.37:074][ 36]LogModuleManager: Shutting down and abandoning module Messaging (41)
[2017.02.16-19.45.37:074][ 36]LogModuleManager: Shutting down and abandoning module IOSTargetPlatform (40)
[2017.02.16-19.45.37:075][ 36]LogModuleManager: Shutting down and abandoning module HTML5TargetPlatform (39)
[2017.02.16-19.45.37:075][ 36]LogModuleManager: Shutting down and abandoning module Android_PVRTCTargetPlatform (38)
[2017.02.16-19.45.37:075][ 36]LogModuleManager: Shutting down and abandoning module Android_MultiTargetPlatform (37)
[2017.02.16-19.45.37:075][ 36]LogModuleManager: Shutting down and abandoning module Android_ETC2TargetPlatform (36)
[2017.02.16-19.45.37:075][ 36]LogModuleManager: Shutting down and abandoning module Android_ETC1TargetPlatform (35)
[2017.02.16-19.45.37:075][ 36]LogModuleManager: Shutting down and abandoning module Android_DXTTargetPlatform (34)
[2017.02.16-19.45.37:075][ 36]LogModuleManager: Shutting down and abandoning module Android_ATCTargetPlatform (33)
[2017.02.16-19.45.37:075][ 36]LogModuleManager: Shutting down and abandoning module Android_ASTCTargetPlatform (32)
[2017.02.16-19.45.37:075][ 36]LogModuleManager: Shutting down and abandoning module AndroidTargetPlatform (31)
[2017.02.16-19.45.37:075][ 36]LogModuleManager: Shutting down and abandoning module WindowsTargetPlatform (30)
[2017.02.16-19.45.37:075][ 36]LogModuleManager: Shutting down and abandoning module WindowsServerTargetPlatform (29)
[2017.02.16-19.45.37:075][ 36]LogModuleManager: Shutting down and abandoning module WindowsNoEditorTargetPlatform (28)
[2017.02.16-19.45.37:075][ 36]LogModuleManager: Shutting down and abandoning module WindowsClientTargetPlatform (27)
[2017.02.16-19.45.37:075][ 36]LogModuleManager: Shutting down and abandoning module AllDesktopTargetPlatform (26)
[2017.02.16-19.45.37:075][ 36]LogModuleManager: Shutting down and abandoning module TargetPlatform (25)
[2017.02.16-19.45.37:075][ 36]LogModuleManager: Shutting down and abandoning module InputCore (24)
[2017.02.16-19.45.37:075][ 36]LogModuleManager: Shutting down and abandoning module Settings (23)
[2017.02.16-19.45.37:075][ 36]LogModuleManager: Shutting down and abandoning module OculusRift (22)
[2017.02.16-19.45.37:075][ 36]LogModuleManager: Shutting down and abandoning module GearVR (21)
[2017.02.16-19.45.37:075][ 36]LogModuleManager: Shutting down and abandoning module ExampleDeviceProfileSelector (20)
[2017.02.16-19.45.37:075][ 36]LogModuleManager: Shutting down and abandoning module OnlineBlueprintSupport (19)
[2017.02.16-19.45.37:075][ 36]LogModuleManager: Shutting down and abandoning module OnlineSubsystem (17)
[2017.02.16-19.45.37:075][ 36]LogOnline:Display: Unloading online subsystem: NULL
[2017.02.16-19.45.37:075][ 36]LogModuleManager: Shutting down and abandoning module HTTP (16)
[2017.02.16-19.45.37:075][ 36]LogHttp:Display: Http module shutting down, but needs to wait on 1 outstanding Http requests:
[2017.02.16-19.45.37:075][ 36]LogHttp:Display: 	verb=[POST] url=[https://datarouter.ol.epicgames.com/datarouter/api/v1/public/data?SessionID=%7B08482B6D-408D-463F-3142-D8B493EE7975%7D&AppID=UEEditor.Rocket.Release&AppVersion=4.13.2-3172292%2B%2B%2BUE4%2BRelease-4.13&UserID=28ef9a1448c773f54a6407a87786c08f%7C50a815aa9d264006b450817740c761a2%7Cd16070ab-418c-45f1-9218-3fd00383b244&AppEnvironment=datacollector-binary&UploadType=eteventstream] status=Processing
[2017.02.16-19.45.37:104][ 36]LogModuleManager: Shutting down and abandoning module XMPP (15)
[2017.02.16-19.45.37:104][ 36]LogModuleManager: Shutting down and abandoning module TextureCompressor (14)
[2017.02.16-19.45.37:104][ 36]LogModuleManager: Shutting down and abandoning module ShaderCore (13)
[2017.02.16-19.45.37:104][ 36]LogModuleManager: Shutting down and abandoning module Landscape (12)
[2017.02.16-19.45.37:104][ 36]LogModuleManager: Shutting down and abandoning module SlateRHIRenderer (11)
[2017.02.16-19.45.37:105][ 36]LogModuleManager: Shutting down and abandoning module OpenGLDrv (10)
[2017.02.16-19.45.37:105][ 36]LogModuleManager: Shutting down and abandoning module D3D11RHI (9)
[2017.02.16-19.45.37:105][ 36]LogModuleManager: Shutting down and abandoning module AnimGraphRuntime (8)
[2017.02.16-19.45.37:105][ 36]LogModuleManager: Shutting down and abandoning module Renderer (7)
[2017.02.16-19.45.37:105][ 36]LogModuleManager: Shutting down and abandoning module Engine (6)
[2017.02.16-19.45.37:105][ 36]LogModuleManager: Shutting down and abandoning module CoreUObject (5)
[2017.02.16-19.45.37:105][ 36]LogModuleManager: Shutting down and abandoning module NetworkFile (4)
[2017.02.16-19.45.37:105][ 36]LogModuleManager: Shutting down and abandoning module StreamingFile (3)
[2017.02.16-19.45.37:105][ 36]LogModuleManager: Shutting down and abandoning module SandboxFile (2)
[2017.02.16-19.45.37:105][ 36]LogModuleManager: Shutting down and abandoning module PakFile (1)
[2017.02.16-19.45.37:107][ 36]LogExit: Exiting.
[2017.02.16-19.45.37:117][ 36]Log file closed, 02/16/17 11:45:37
