Log file open, 02/09/17 12:36:03
LogInit:Display: Running engine for game: NewVRProject
LogPlatformFile: Not using cached read wrapper
LogInit:Display: RandInit(1141587389) SRandInit(1141587389).
LogTaskGraph: Started task graph with 5 named threads and 8 total threads with 1 sets of task threads.
LogStats: Stats thread started at 0.069500
LogPluginManager: Loaded Plugin Paper2D, From E:/UnrealArchives/4.13/Engine/Plugins/2D/Paper2D/Paper2D.uplugin
LogPluginManager: Loaded Plugin LightPropagationVolume, From E:/UnrealArchives/4.13/Engine/Plugins/Blendables/LightPropagationVolume/LightPropagationVolume.uplugin
LogPluginManager: Loaded Plugin BlankPlugin, From E:/UnrealArchives/4.13/Engine/Plugins/Developer/BlankPlugin/BlankPlugin.uplugin
LogPluginManager: Loaded Plugin CodeLiteSourceCodeAccess, From E:/UnrealArchives/4.13/Engine/Plugins/Developer/CodeLiteSourceCodeAccess/CodeLiteSourceCodeAccess.uplugin
LogPluginManager: Loaded Plugin GitSourceControl, From E:/UnrealArchives/4.13/Engine/Plugins/Developer/GitSourceControl/GitSourceControl.uplugin
LogPluginManager: Loaded Plugin KDevelopSourceCodeAccess, From E:/UnrealArchives/4.13/Engine/Plugins/Developer/KDevelopSourceCodeAccess/KDevelopSourceCodeAccess.uplugin
LogPluginManager: Loaded Plugin NullSourceCodeAccess, From E:/UnrealArchives/4.13/Engine/Plugins/Developer/NullSourceCodeAccess/NullSourceCodeAccess.uplugin
LogPluginManager: Loaded Plugin OneSkyLocalizationService, From E:/UnrealArchives/4.13/Engine/Plugins/Developer/OneSkyLocalizationService/OneSkyLocalizationService.uplugin
LogPluginManager: Loaded Plugin PerforceSourceControl, From E:/UnrealArchives/4.13/Engine/Plugins/Developer/PerforceSourceControl/PerforceSourceControl.uplugin
LogPluginManager: Loaded Plugin SubversionSourceControl, From E:/UnrealArchives/4.13/Engine/Plugins/Developer/SubversionSourceControl/SubversionSourceControl.uplugin
LogPluginManager: Loaded Plugin UObjectPlugin, From E:/UnrealArchives/4.13/Engine/Plugins/Developer/UObjectPlugin/UObjectPlugin.uplugin
LogPluginManager: Loaded Plugin VisualStudioSourceCodeAccess, From E:/UnrealArchives/4.13/Engine/Plugins/Developer/VisualStudioSourceCodeAccess/VisualStudioSourceCodeAccess.uplugin
LogPluginManager: Loaded Plugin XCodeSourceCodeAccess, From E:/UnrealArchives/4.13/Engine/Plugins/Developer/XCodeSourceCodeAccess/XCodeSourceCodeAccess.uplugin
LogPluginManager: Loaded Plugin EpicSurvey, From E:/UnrealArchives/4.13/Engine/Plugins/Editor/EpicSurvey/EpicSurvey.uplugin
LogPluginManager: Loaded Plugin MacGraphicsSwitching, From E:/UnrealArchives/4.13/Engine/Plugins/Editor/MacGraphicsSwitching/MacGraphicsSwitching.uplugin
LogPluginManager: Loaded Plugin MobileLauncherProfileWizard, From E:/UnrealArchives/4.13/Engine/Plugins/Editor/MobileLauncherProfileWizard/MobileLauncherProfileWizard.uplugin
LogPluginManager: Loaded Plugin PluginBrowser, From E:/UnrealArchives/4.13/Engine/Plugins/Editor/PluginBrowser/PluginBrowser.uplugin
LogPluginManager: Loaded Plugin SpeedTreeImporter, From E:/UnrealArchives/4.13/Engine/Plugins/Editor/SpeedTreeImporter/SpeedTreeImporter.uplugin
LogPluginManager: Loaded Plugin SuperSearchEditor, From E:/UnrealArchives/4.13/Engine/Plugins/Editor/SuperSearchEditor/SuperSearchEditor.uplugin
LogPluginManager: Loaded Plugin AlembicImporter, From E:/UnrealArchives/4.13/Engine/Plugins/Experimental/AlembicImporter/AlembicImporter.uplugin
LogPluginManager: Loaded Plugin BlueprintStats, From E:/UnrealArchives/4.13/Engine/Plugins/Experimental/BlueprintStats/BlueprintStats.uplugin
LogPluginManager: Loaded Plugin CharacterAI, From E:/UnrealArchives/4.13/Engine/Plugins/Experimental/CharacterAI/CharacterAI.uplugin
LogPluginManager: Loaded Plugin CodeEditor, From E:/UnrealArchives/4.13/Engine/Plugins/Experimental/CodeEditor/CodeEditor.uplugin
LogPluginManager: Loaded Plugin CodeView, From E:/UnrealArchives/4.13/Engine/Plugins/Experimental/CodeView/CodeView.uplugin
LogPluginManager: Loaded Plugin HTML5Networking, From E:/UnrealArchives/4.13/Engine/Plugins/Experimental/HTML5Networking/HTML5Networking.uplugin
LogPluginManager: Loaded Plugin LiveEditor, From E:/UnrealArchives/4.13/Engine/Plugins/Experimental/LiveEditor/LiveEditor.uplugin
LogPluginManager: Loaded Plugin OSVR, From E:/UnrealArchives/4.13/Engine/Plugins/Experimental/OSVR/OSVR.uplugin
LogPluginManager: Loaded Plugin Phya, From E:/UnrealArchives/4.13/Engine/Plugins/Experimental/Phya/Phya.uplugin
LogPluginManager: Loaded Plugin SignificanceManager, From E:/UnrealArchives/4.13/Engine/Plugins/Experimental/SignificanceManager/SignificanceManager.uplugin
LogPluginManager: Loaded Plugin SimpleHMD, From E:/UnrealArchives/4.13/Engine/Plugins/Experimental/SimpleHMD/SimpleHMD.uplugin
LogPluginManager: Loaded Plugin StereoPanorama, From E:/UnrealArchives/4.13/Engine/Plugins/Experimental/StereoPanorama/StereoPanorama.uplugin
LogPluginManager: Loaded Plugin StructBox, From E:/UnrealArchives/4.13/Engine/Plugins/Experimental/StructBox/StructBox.uplugin
LogPluginManager: Loaded Plugin GestureTrackerVR, From E:/UnrealArchives/4.13/Engine/Plugins/Marketplace/GestureTrackerVR/GestureTrackerVR.uplugin
LogPluginManager: Loaded Plugin RunebergVRPlugin, From E:/UnrealArchives/4.13/Engine/Plugins/Marketplace/RunebergVRPlugin/RunebergVRPlugin.uplugin
LogPluginManager: Loaded Plugin ShadowMocap, From E:/UnrealArchives/4.13/Engine/Plugins/Marketplace/ShadowMocap/ShadowMocap.uplugin
LogPluginManager: Loaded Plugin Substance, From E:/UnrealArchives/4.13/Engine/Plugins/Marketplace/Substance/Substance.uplugin
LogPluginManager: Loaded Plugin AndroidMedia, From E:/UnrealArchives/4.13/Engine/Plugins/Media/AndroidMedia/AndroidMedia.uplugin
LogPluginManager: Loaded Plugin AvfMedia, From E:/UnrealArchives/4.13/Engine/Plugins/Media/AvfMedia/AvfMedia.uplugin
LogPluginManager: Loaded Plugin MediaPlayerEditor, From E:/UnrealArchives/4.13/Engine/Plugins/Media/MediaPlayerEditor/MediaPlayerEditor.uplugin
LogPluginManager: Loaded Plugin WmfMedia, From E:/UnrealArchives/4.13/Engine/Plugins/Media/WmfMedia/WmfMedia.uplugin
LogPluginManager: Loaded Plugin MessagingDebugger, From E:/UnrealArchives/4.13/Engine/Plugins/Messaging/MessagingDebugger/MessagingDebugger.uplugin
LogPluginManager: Loaded Plugin TcpMessaging, From E:/UnrealArchives/4.13/Engine/Plugins/Messaging/TcpMessaging/TcpMessaging.uplugin
LogPluginManager: Loaded Plugin UdpMessaging, From E:/UnrealArchives/4.13/Engine/Plugins/Messaging/UdpMessaging/UdpMessaging.uplugin
LogPluginManager: Loaded Plugin LevelSequenceEditor, From E:/UnrealArchives/4.13/Engine/Plugins/MovieScene/LevelSequenceEditor/LevelSequenceEditor.uplugin
LogPluginManager: Loaded Plugin MatineeToLevelSequence, From E:/UnrealArchives/4.13/Engine/Plugins/MovieScene/MatineeToLevelSequence/MatineeToLevelSequence.uplugin
LogPluginManager: Loaded Plugin NetcodeUnitTest, From E:/UnrealArchives/4.13/Engine/Plugins/NetcodeUnitTest/NetcodeUnitTest/NetcodeUnitTest.uplugin
LogPluginManager: Loaded Plugin NUTUnrealEngine4, From E:/UnrealArchives/4.13/Engine/Plugins/NetcodeUnitTest/NUTUnrealEngine4/NUTUnrealEngine4.uplugin
LogPluginManager: Loaded Plugin OnlineSubsystemGooglePlay, From E:/UnrealArchives/4.13/Engine/Plugins/Online/Android/OnlineSubsystemGooglePlay/OnlineSubsystemGooglePlay.uplugin
LogPluginManager: Loaded Plugin OnlineSubsystemIOS, From E:/UnrealArchives/4.13/Engine/Plugins/Online/IOS/OnlineSubsystemIOS/OnlineSubsystemIOS.uplugin
LogPluginManager: Loaded Plugin OnlineFramework, From E:/UnrealArchives/4.13/Engine/Plugins/Online/OnlineFramework/OnlineFramework.uplugin
LogPluginManager: Loaded Plugin OnlineSubsystem, From E:/UnrealArchives/4.13/Engine/Plugins/Online/OnlineSubsystem/OnlineSubsystem.uplugin
LogPluginManager: Loaded Plugin OnlineSubsystemAmazon, From E:/UnrealArchives/4.13/Engine/Plugins/Online/OnlineSubsystemAmazon/OnlineSubsystemAmazon.uplugin
LogPluginManager: Loaded Plugin OnlineSubsystemFacebook, From E:/UnrealArchives/4.13/Engine/Plugins/Online/OnlineSubsystemFacebook/OnlineSubsystemFacebook.uplugin
LogPluginManager: Loaded Plugin OnlineSubsystemNull, From E:/UnrealArchives/4.13/Engine/Plugins/Online/OnlineSubsystemNull/OnlineSubsystemNull.uplugin
LogPluginManager: Loaded Plugin OnlineSubsystemOculus, From E:/UnrealArchives/4.13/Engine/Plugins/Online/OnlineSubsystemOculus/OnlineSubsystemOculus.uplugin
LogPluginManager: Loaded Plugin OnlineSubsystemSteam, From E:/UnrealArchives/4.13/Engine/Plugins/Online/OnlineSubsystemSteam/OnlineSubsystemSteam.uplugin
LogPluginManager: Loaded Plugin OnlineSubsystemUtils, From E:/UnrealArchives/4.13/Engine/Plugins/Online/OnlineSubsystemUtils/OnlineSubsystemUtils.uplugin
LogPluginManager: Loaded Plugin IOSTapJoy, From E:/UnrealArchives/4.13/Engine/Plugins/Runtime/Advertising/IOSTapJoy/IOSTapJoy.uplugin
LogPluginManager: Loaded Plugin AnalyticsBlueprintLibrary, From E:/UnrealArchives/4.13/Engine/Plugins/Runtime/Analytics/AnalyticsBlueprintLibrary/AnalyticsBlueprintLibrary.uplugin
LogPluginManager: Loaded Plugin AnalyticsMulticast, From E:/UnrealArchives/4.13/Engine/Plugins/Runtime/Analytics/AnalyticsMulticast/AnalyticsMulticast.uplugin
LogPluginManager: Loaded Plugin Apsalar, From E:/UnrealArchives/4.13/Engine/Plugins/Runtime/Analytics/Apsalar/Apsalar.uplugin
LogPluginManager: Loaded Plugin FileLogging, From E:/UnrealArchives/4.13/Engine/Plugins/Runtime/Analytics/FileLogging/FileLogging.uplugin
LogPluginManager: Loaded Plugin Flurry, From E:/UnrealArchives/4.13/Engine/Plugins/Runtime/Analytics/Flurry/Flurry.uplugin
LogPluginManager: Loaded Plugin AndroidDeviceProfileSelector, From E:/UnrealArchives/4.13/Engine/Plugins/Runtime/AndroidDeviceProfileSelector/AndroidDeviceProfileSelector.uplugin
LogPluginManager: Loaded Plugin AndroidMoviePlayer, From E:/UnrealArchives/4.13/Engine/Plugins/Runtime/AndroidMoviePlayer/AndroidMoviePlayer.uplugin
LogPluginManager: Loaded Plugin AppleMoviePlayer, From E:/UnrealArchives/4.13/Engine/Plugins/Runtime/AppleMoviePlayer/AppleMoviePlayer.uplugin
LogPluginManager: Loaded Plugin ArchVisCharacter, From E:/UnrealArchives/4.13/Engine/Plugins/Runtime/ArchVisCharacter/ArchVisCharacter.uplugin
LogPluginManager: Loaded Plugin CableComponent, From E:/UnrealArchives/4.13/Engine/Plugins/Runtime/CableComponent/CableComponent.uplugin
LogPluginManager: Loaded Plugin CustomMeshComponent, From E:/UnrealArchives/4.13/Engine/Plugins/Runtime/CustomMeshComponent/CustomMeshComponent.uplugin
LogPluginManager: Loaded Plugin ExampleDeviceProfileSelector, From E:/UnrealArchives/4.13/Engine/Plugins/Runtime/ExampleDeviceProfileSelector/ExampleDeviceProfileSelector.uplugin
LogPluginManager: Loaded Plugin GearVR, From E:/UnrealArchives/4.13/Engine/Plugins/Runtime/GearVR/GearVR.uplugin
LogPluginManager: Loaded Plugin GoogleVRController, From E:/UnrealArchives/4.13/Engine/Plugins/Runtime/GoogleVR/GoogleVRController/GoogleVRController.uplugin
LogPluginManager: Loaded Plugin GoogleVRHMD, From E:/UnrealArchives/4.13/Engine/Plugins/Runtime/GoogleVR/GoogleVRHMD/GoogleVRHMD.uplugin
LogPluginManager: Loaded Plugin IOSDeviceProfileSelector, From E:/UnrealArchives/4.13/Engine/Plugins/Runtime/IOSDeviceProfileSelector/IOSDeviceProfileSelector.uplugin
LogPluginManager: Loaded Plugin LeapMotion, From E:/UnrealArchives/4.13/Engine/Plugins/Runtime/LeapMotion/LeapMotion.uplugin
LogPluginManager: Loaded Plugin LinuxDeviceProfileSelector, From E:/UnrealArchives/4.13/Engine/Plugins/Runtime/LinuxDeviceProfileSelector/LinuxDeviceProfileSelector.uplugin
LogPluginManager: Loaded Plugin LiveEditorListenServer, From E:/UnrealArchives/4.13/Engine/Plugins/Runtime/LiveEditorListenServer/LiveEditorListenServer.uplugin
LogPluginManager: Loaded Plugin OculusAudio, From E:/UnrealArchives/4.13/Engine/Plugins/Runtime/OculusAudio/OculusAudio.uplugin
LogPluginManager: Loaded Plugin OculusInput, From E:/UnrealArchives/4.13/Engine/Plugins/Runtime/OculusInput/OculusInput.uplugin
LogPluginManager: Loaded Plugin OculusLibrary, From E:/UnrealArchives/4.13/Engine/Plugins/Runtime/OculusLibrary/OculusLibrary.uplugin
LogPluginManager: Loaded Plugin OculusRift, From E:/UnrealArchives/4.13/Engine/Plugins/Runtime/OculusRift/OculusRift.uplugin
LogPluginManager: Loaded Plugin Oodle, From E:/UnrealArchives/4.13/Engine/Plugins/Runtime/PacketHandlers/CompressionComponents/Oodle/Oodle.uplugin
LogPluginManager: Loaded Plugin ProceduralMeshComponent, From E:/UnrealArchives/4.13/Engine/Plugins/Runtime/ProceduralMeshComponent/ProceduralMeshComponent.uplugin
LogPluginManager: Loaded Plugin SoundMod, From E:/UnrealArchives/4.13/Engine/Plugins/Runtime/SoundMod/SoundMod.uplugin
LogPluginManager: Loaded Plugin SoundVisualizations, From E:/UnrealArchives/4.13/Engine/Plugins/Runtime/SoundVisualizations/SoundVisualizations.uplugin
LogPluginManager: Loaded Plugin SteamController, From E:/UnrealArchives/4.13/Engine/Plugins/Runtime/Steam/SteamController/SteamController.uplugin
LogPluginManager: Loaded Plugin SteamVR, From E:/UnrealArchives/4.13/Engine/Plugins/Runtime/Steam/SteamVR/SteamVR.uplugin
LogPluginManager: Loaded Plugin WebBrowserWidget, From E:/UnrealArchives/4.13/Engine/Plugins/Runtime/WebBrowserWidget/WebBrowserWidget.uplugin
LogPluginManager: Loaded Plugin WindowsDeviceProfileSelector, From E:/UnrealArchives/4.13/Engine/Plugins/Runtime/WindowsDeviceProfileSelector/WindowsDeviceProfileSelector.uplugin
LogPluginManager: Loaded Plugin WindowsMoviePlayer, From E:/UnrealArchives/4.13/Engine/Plugins/Runtime/WindowsMoviePlayer/WindowsMoviePlayer.uplugin
LogPluginManager: Loaded Plugin ScriptPlugin, From E:/UnrealArchives/4.13/Engine/Plugins/ScriptPlugin/ScriptPlugin.uplugin
LogPluginManager: Loaded Plugin SlateRemote, From E:/UnrealArchives/4.13/Engine/Plugins/Slate/SlateRemote/SlateRemote.uplugin
LogInit: Using libcurl 7.47.1
LogInit:  - built for x86_64-pc-win32
LogInit:  - supports SSL with WinSSL
LogInit:  - other features:
LogInit:      CURL_VERSION_SSL
LogInit:      CURL_VERSION_IPV6
LogInit:      CURL_VERSION_ASYNCHDNS
LogInit:      CURL_VERSION_LARGEFILE
LogInit:      CURL_VERSION_IDN
LogInit:  CurlRequestOptions (configurable via config and command line):
LogInit:  - bVerifyPeer = false  - Libcurl will NOT verify peer certificate
LogInit:  - bUseHttpProxy = false  - Libcurl will NOT use HTTP proxy
LogInit:  - bDontReuseConnections = false  - Libcurl will reuse connections
LogInit:  - CertBundlePath = nullptr  - Libcurl will use whatever was configured at build time.
LogInit: Build: ++UE4+Release-4.13-CL-3172292
LogInit: Engine Version: 4.13.2-3172292+++UE4+Release-4.13
LogInit: Compatible Engine Version: 4.13.0-3106830+++UE4+Release-4.13
LogInit: Net CL: 3172292
LogDevObjectVersion: Number of dev versions registered: 13
LogDevObjectVersion:   Dev-Blueprints (B0D832E4-1F89-4F0D-ACCF-7EB736FD4AA2): 5
LogDevObjectVersion:   Dev-Build (E1C64328-A22C-4D53-A36C-8E866417BD8C): 0
LogDevObjectVersion:   Dev-Core (375EC13C-06E4-48FB-B500-84F0262A717E): 1
LogDevObjectVersion:   Dev-Editor (E4B068ED-F494-42E9-A231-DA0B2E46BB41): 6
LogDevObjectVersion:   Dev-Framework (CFFC743F-43B0-4480-9391-14DF171D2073): 12
LogDevObjectVersion:   Dev-Mobile (B02B49B5-BB20-44E9-A304-32B752E40360): 0
LogDevObjectVersion:   Dev-Networking (A4E4105C-59A1-49B5-A7C5-40C4547EDFEE): 0
LogDevObjectVersion:   Dev-Online (39C831C9-5AE6-47DC-9A44-9C173E1C8E7C): 0
LogDevObjectVersion:   Dev-Physics (78F01B33-EBEA-4F98-B9B4-84EACCB95AA2): 0
LogDevObjectVersion:   Dev-Platform (6631380F-2D4D-43E0-8009-CF276956A95A): 0
LogDevObjectVersion:   Dev-Rendering (12F88B9F-8875-4AFC-A67C-D90C383ABD29): 4
LogDevObjectVersion:   Dev-Sequencer (7B5AE74C-D270-4C10-A958-57980B212A5A): 0
LogDevObjectVersion:   Dev-VR (D7296918-1DD6-4BDD-9DE2-64A83CC13884): 0
LogInit: Compiled (64-bit): Oct 24 2016 14:29:06
LogInit: Compiled with Visual C++: 19.00.23026.00
LogInit: Build Configuration: Development
LogInit: Branch Name: ++UE4+Release-4.13
LogInit: Command line:  
LogInit: Base directory: E:/UnrealArchives/4.13/Engine/Binaries/Win64/
LogInit: Installed Engine Build: 1
LogInit: Presizing for max 8388607 objects, including 0 objects not considered by GC, pre-allocating 0 bytes for permanent pool.
LogInit: Object subsystem initialized
[2017.02.09-20.36.04:046][  0]LogConsoleManager:Display: Setting the console variable 'r.RHICmdBypass' with 'SetByProjectSetting' was ignored as it is lower priority than the previous 'SetBySystemSettingsIni'
[2017.02.09-20.36.04:048][  0]LogInit: Selected Device Profile: [Windows]
[2017.02.09-20.36.04:048][  0]LogInit: Applying CVar settings loaded from the selected device profile: [Windows]
[2017.02.09-20.36.04:056][  0]LogInit: Computer: AI911LAB238VIV
[2017.02.09-20.36.04:056][  0]LogInit: User: StudentUser
[2017.02.09-20.36.04:056][  0]LogInit: CPU Page size=65536, Cores=4
[2017.02.09-20.36.04:056][  0]LogInit: High frequency timer resolution =3.410074 MHz
[2017.02.09-20.36.04:056][  0]LogMemory: Memory total: Physical=15.9GB (16GB approx)
[2017.02.09-20.36.04:056][  0]LogMemory: Platform Memory Stats for Windows
[2017.02.09-20.36.04:056][  0]LogMemory: Process Physical Memory: 256.32 MB used, 256.32 MB peak
[2017.02.09-20.36.04:056][  0]LogMemory: Process Virtual Memory: 260.02 MB used, 260.02 MB peak
[2017.02.09-20.36.04:056][  0]LogMemory: Physical Memory: 5188.28 MB used, 16291.25 MB total
[2017.02.09-20.36.04:056][  0]LogMemory: Virtual Memory: 623.24 MB used, 134217728.00 MB total
[2017.02.09-20.36.04:081][  0]LogTextLocalizationManager: No specific translations for ('en-US') exist, so ('en') translations will be used.
[2017.02.09-20.36.04:606][  0]LogD3D11RHI: D3D11 adapters:
[2017.02.09-20.36.04:627][  0]LogD3D11RHI:    0. 'NVIDIA GeForce GTX 970' (Feature Level 11_0)
[2017.02.09-20.36.04:627][  0]LogD3D11RHI:       4058/0/8145 MB DedicatedVideo/DedicatedSystem/SharedSystem, Outputs:1, VendorId:0x10de
[2017.02.09-20.36.04:628][  0]LogD3D11RHI:    1. 'Microsoft Basic Render Driver' (Feature Level 11_0)
[2017.02.09-20.36.04:628][  0]LogD3D11RHI:       0/0/8145 MB DedicatedVideo/DedicatedSystem/SharedSystem, Outputs:0, VendorId:0x1414
[2017.02.09-20.36.04:628][  0]LogD3D11RHI: Chosen D3D11 Adapter: 0
[2017.02.09-20.36.04:633][  0]LogD3D11RHI: Creating new Direct3DDevice
[2017.02.09-20.36.04:633][  0]LogD3D11RHI:     GPU DeviceId: 0x13c2 (for the marketing name, search the web for "GPU Device Id")
[2017.02.09-20.36.04:633][  0]LogWindows: EnumDisplayDevices:
[2017.02.09-20.36.04:633][  0]LogWindows:    0. 'NVIDIA GeForce GTX 970' (P:1 D:1)
[2017.02.09-20.36.04:633][  0]LogWindows:    1. 'NVIDIA GeForce GTX 970' (P:0 D:0)
[2017.02.09-20.36.04:634][  0]LogWindows:    2. 'NVIDIA GeForce GTX 970' (P:0 D:0)
[2017.02.09-20.36.04:634][  0]LogWindows:    3. 'NVIDIA GeForce GTX 970' (P:0 D:0)
[2017.02.09-20.36.04:634][  0]LogWindows: DebugString: FoundDriverCount:4 
[2017.02.09-20.36.04:634][  0]LogD3D11RHI:     Adapter Name: NVIDIA GeForce GTX 970
[2017.02.09-20.36.04:634][  0]LogD3D11RHI:   Driver Version: 369.09 (internal:21.21.13.6909, unified:369.09)
[2017.02.09-20.36.04:634][  0]LogD3D11RHI:      Driver Date: 8-1-2016
[2017.02.09-20.36.04:634][  0]LogRHI: Texture pool is 1361 MB (70% of 1945 MB)
[2017.02.09-20.36.04:647][  0]LogD3D11RHI: Async texture creation enabled
[2017.02.09-20.36.04:657][  0]LogD3D11RHI: GPU Timing Frequency: 1000.000000 (Debug: 2 1)
[2017.02.09-20.36.04:658][  0]LogShaderCompilers: Guid format shader working directory is -11 characters bigger than the processId version (C:/Users/StudentUser/Documents/Unreal Projects/NewVRProject/Intermediate/Shaders/WorkingDirectory/10700/).
[2017.02.09-20.36.04:658][  0]LogShaderCompilers: Cleaned the shader compiler working directory 'C:/Users/STUDEN~1/AppData/Local/Temp/UnrealShaderWorkingDir/05C8954F4521CCCF9AB75BB50001E3D8/'.
[2017.02.09-20.36.04:658][  0]LogShaderCompilers:Display: Using Local Shader Compiler.
[2017.02.09-20.36.05:554][  0]LogTemp:Display: Loaded TP AllDesktopTargetPlatform
[2017.02.09-20.36.05:561][  0]LogTemp:Display: Loaded TP WindowsClientTargetPlatform
[2017.02.09-20.36.05:569][  0]LogTemp:Display: Loaded TP WindowsNoEditorTargetPlatform
[2017.02.09-20.36.05:576][  0]LogTemp:Display: Loaded TP WindowsServerTargetPlatform
[2017.02.09-20.36.05:583][  0]LogTemp:Display: Loaded TP WindowsTargetPlatform
[2017.02.09-20.36.05:590][  0]LogTemp:Display: Loaded TP AndroidTargetPlatform
[2017.02.09-20.36.05:596][  0]LogTemp:Display: Loaded TP Android_ASTCTargetPlatform
[2017.02.09-20.36.05:603][  0]LogTemp:Display: Loaded TP Android_ATCTargetPlatform
[2017.02.09-20.36.05:609][  0]LogTemp:Display: Loaded TP Android_DXTTargetPlatform
[2017.02.09-20.36.05:615][  0]LogTemp:Display: Loaded TP Android_ETC1TargetPlatform
[2017.02.09-20.36.05:620][  0]LogTemp:Display: Loaded TP Android_ETC2TargetPlatform
[2017.02.09-20.36.05:633][  0]LogTemp:Display: Loaded TP Android_MultiTargetPlatform
[2017.02.09-20.36.05:633][  0]LogTemp:Display: Loaded TP Android_PVRTCTargetPlatform
[2017.02.09-20.36.05:634][  0]LogTemp:Display: Loaded TP HTML5TargetPlatform
[2017.02.09-20.36.05:654][  0]LogTemp:Display: Loaded TP IOSTargetPlatform
[2017.02.09-20.36.05:659][  0]LogTemp:Display: Loaded TP TVOSTargetPlatform
[2017.02.09-20.36.05:665][  0]LogTemp:Display: Loaded TP LinuxClientTargetPlatform
[2017.02.09-20.36.05:671][  0]LogTemp:Display: Loaded TP LinuxNoEditorTargetPlatform
[2017.02.09-20.36.05:677][  0]LogTemp:Display: Loaded TP LinuxServerTargetPlatform
[2017.02.09-20.36.05:686][  0]LogTemp:Display: Loaded TP LinuxTargetPlatform
[2017.02.09-20.36.05:686][  0]LogTargetPlatformManager:Display: Building Assets For Windows
[2017.02.09-20.36.05:745][  0]LogDerivedDataCache:Display: Max Cache Size: 512 MB
[2017.02.09-20.36.05:824][  0]LogDerivedDataCache: Loaded boot cache 0.08s 75MB C:/Users/StudentUser/AppData/Local/UnrealEngine/4.13/DerivedDataCache/Boot.ddc.
[2017.02.09-20.36.05:824][  0]LogDerivedDataCache:Display: Loaded Boot cache: C:/Users/StudentUser/AppData/Local/UnrealEngine/4.13/DerivedDataCache/Boot.ddc
[2017.02.09-20.36.05:824][  0]LogDerivedDataCache: FDerivedDataBackendGraph:  Pak pak cache file C:/Users/StudentUser/Documents/Unreal Projects/NewVRProject/DerivedDataCache/DDC.ddp not found, will not use a pak cache.
[2017.02.09-20.36.05:824][  0]LogDerivedDataCache: Unable to find inner node Pak for hierarchical cache Hierarchy.
[2017.02.09-20.36.05:824][  0]LogDerivedDataCache: FDerivedDataBackendGraph:  CompressedPak pak cache file C:/Users/StudentUser/Documents/Unreal Projects/NewVRProject/DerivedDataCache/Compressed.ddp not found, will not use a pak cache.
[2017.02.09-20.36.05:824][  0]LogDerivedDataCache: Unable to find inner node CompressedPak for hierarchical cache Hierarchy.
[2017.02.09-20.36.05:843][  0]LogDerivedDataCache:Display: Pak cache opened for reading ../../../Engine/DerivedDataCache/Compressed.ddp.
[2017.02.09-20.36.05:855][  0]LogDerivedDataCache: Using Local data cache path C:/Users/StudentUser/AppData/Local/UnrealEngine/Common/DerivedDataCache: Writable
[2017.02.09-20.36.06:041][  0]LogInit: Selected Device Profile: [Windows]
[2017.02.09-20.36.06:044][  0]LogContentStreaming: Texture pool size is 0.00 MB
[2017.02.09-20.36.06:127][  0]LogMeshUtilities: No automatic mesh reduction module available
[2017.02.09-20.36.06:127][  0]LogMeshUtilities: No automatic mesh merging module available
[2017.02.09-20.36.06:127][  0]LogMeshUtilities: No distributed automatic mesh merging module available
[2017.02.09-20.36.06:180][  0]LogMaterial: Uniform references updated for custom material expression Custom.
[2017.02.09-20.36.06:432][  0]LogNetVersion: GetLocalNetworkVersion: CL: 3106830, ProjectName: newvrproject, ProjectVersion: , EngineNetworkVersion: 1, GameNetworkVersion: 0, NetworkChecksum: 537264761
[2017.02.09-20.36.06:468][  0]LogAssetRegistry: FAssetRegistry took 0.0219 seconds to start up
[2017.02.09-20.36.06:471][  0]LogDirectoryWatcher:Warning: Failed to begin reading directory changes for ../../../Engine/Plugins/Marketplace/RunebergVRPlugin/Content/. Error: The system cannot find the file specified. (0x00000002)
[2017.02.09-20.36.06:509][  0]LogPackageLocalizationCache: Processed 5 localized package path(s) for 2 prioritized culture(s) in 0.038428 seconds
[2017.02.09-20.36.06:513][  0]LogUObjectArray: 29778 objects as part of root set at end of initial load.
[2017.02.09-20.36.06:513][  0]LogUObjectAllocator: 6125456 out of 0 bytes used by permanent object pool.
[2017.02.09-20.36.06:513][  0]LogUObjectArray: CloseDisregardForGC: 0/0 objects in disregard for GC pool
[2017.02.09-20.36.06:517][  0]LogInit: WinSock: version 1.1 (2.2), MaxSocks=32767, MaxUdp=65467
[2017.02.09-20.36.06:677][  0]LogSlate: SlateFontCache - WITH_FREETYPE: 1, WITH_HARFBUZZ: 1
[2017.02.09-20.36.06:677][  0]LogSlate: SlateFontCache - WITH_FREETYPE: 1, WITH_HARFBUZZ: 1
[2017.02.09-20.36.07:228][  0]LogSubstanceCoreModule: Substance CPU Engine Loaded, Max Texture Size 2048
[2017.02.09-20.36.07:235][  0]LogTcpMessaging: Initializing TcpMessaging bridge
[2017.02.09-20.36.07:252][  0]LogUdpMessaging: Initializing bridge on interface 0.0.0.0:0 to multicast group 230.0.0.1:6666.
[2017.02.09-20.36.07:447][  0]SourceControl: Info Source control is disabled
[2017.02.09-20.36.07:479][  0]SourceControl: Info Source control is disabled
[2017.02.09-20.36.07:486][  0]SourceControl: Info Source control is disabled
[2017.02.09-20.36.07:493][  0]SourceControl: Info Source control is disabled
[2017.02.09-20.36.07:764][  0]LogEngine: Initializing Engine...
[2017.02.09-20.36.08:292][  0]LogHMD: SteamVR initialized.  Driver: lighthouse  Display: LHR-A4D81BA4
[2017.02.09-20.36.08:387][  0]LogMaterial: Missing cached shader map for material VertexColorViewMode_ColorOnly, compiling. 
[2017.02.09-20.36.08:401][  0]LogMaterial: Missing cached shader map for material VertexColorViewMode_AlphaAsColor, compiling. 
[2017.02.09-20.36.08:410][  0]LogMaterial: Missing cached shader map for material VertexColorViewMode_RedOnly, compiling. 
[2017.02.09-20.36.08:420][  0]LogMaterial: Missing cached shader map for material VertexColorViewMode_GreenOnly, compiling. 
[2017.02.09-20.36.08:430][  0]LogMaterial: Missing cached shader map for material VertexColorViewMode_BlueOnly, compiling. 
[2017.02.09-20.36.08:467][  0]LogMaterial: Missing cached shader map for material GeomMaterial, compiling. 
[2017.02.09-20.36.08:484][  0]LogMaterial: Missing cached shader map for material EditorBrushMaterial, compiling. 
[2017.02.09-20.36.08:497][  0]LogMaterial: Missing cached shader map for material BoneWeightMaterial, compiling. 
[2017.02.09-20.36.08:583][  0]LogMaterial: Missing cached shader map for material PreviewShadowIndicatorMaterial, compiling. 
[2017.02.09-20.36.08:637][  0]LogAIModule: Creating AISystem for world Untitled
[2017.02.09-20.36.08:655][  0]LogInit: XAudio2 using 'HTC-VIVE-0 (NVIDIA High Definition Audio)' : 2 channels at 48 kHz using 16 bits per sample (channel mask 0x3)
[2017.02.09-20.36.08:665][  0]LogInit: FAudioDevice initialized.
[2017.02.09-20.36.08:718][  0]LogDerivedDataCache: Saved boot cache 0.05s 90MB C:/Users/StudentUser/AppData/Local/UnrealEngine/4.13/DerivedDataCache/Boot.ddc.
[2017.02.09-20.36.08:733][  0]LogInit: Texture streaming: Enabled
[2017.02.09-20.36.08:844][  0]LogInit: Transaction tracking system initialized
[2017.02.09-20.36.08:874][  0]BlueprintLog: New page: Editor Load
[2017.02.09-20.36.08:974][  0]LocalizationService: Info Localization service is disabled
[2017.02.09-20.36.09:075][  0]LogConsoleResponse:Display: 
[2017.02.09-20.36.09:084][  0]LogMaterial: Missing cached shader map for material Cross_Mat, compiling. 
[2017.02.09-20.36.09:114][  0]LogMaterial: Missing cached shader map for material PhAT_BoneSelectedMaterial, compiling. 
[2017.02.09-20.36.09:127][  0]LogMaterial: Missing cached shader map for material PhAT_ElemSelectedMaterial, compiling. 
[2017.02.09-20.36.09:141][  0]LogMaterial: Missing cached shader map for material PhAT_NoCollisionMaterial, compiling. 
[2017.02.09-20.36.09:155][  0]LogMaterial: Missing cached shader map for material PhAT_UnselectedMaterial, compiling. 
[2017.02.09-20.36.09:170][  0]LogMaterial: Missing cached shader map for material Tick_Mat, compiling. 
[2017.02.09-20.36.09:193][  0]LogMaterial: Missing cached shader map for material WidgetGridVertexColorMaterial_Ma, compiling. 
[2017.02.09-20.36.09:208][  0]LogMaterial: Missing cached shader map for material WidgetMaterial, compiling. 
[2017.02.09-20.36.09:221][  0]LogMaterial: Missing cached shader map for material WidgetMaterial_Current, compiling. 
[2017.02.09-20.36.09:237][  0]LogMaterial: Missing cached shader map for material WidgetMaterial_X, compiling. 
[2017.02.09-20.36.09:251][  0]LogMaterial: Missing cached shader map for material WidgetMaterial_Y, compiling. 
[2017.02.09-20.36.09:267][  0]LogMaterial: Missing cached shader map for material WidgetMaterial_Z, compiling. 
[2017.02.09-20.36.09:281][  0]LogMaterial: Missing cached shader map for material WidgetVertexColorMaterial, compiling. 
[2017.02.09-20.36.09:323][  0]LogMaterial: Missing cached shader map for material LevelGridMaterial, compiling. 
[2017.02.09-20.36.09:357][  0]LogMaterial: Missing cached shader map for material BlinkingCaret, compiling. 
[2017.02.09-20.36.09:383][  0]LogMaterial: Missing cached shader map for material M_StreamingPause, compiling. 
[2017.02.09-20.36.09:407][  0]LogCook:Display: Max memory allowance for cook 16384mb min free memory 0mb
[2017.02.09-20.36.09:407][  0]LogCook:Display: Mobile HDR setting 1
[2017.02.09-20.36.09:473][  0]LogFileCache: Scanning file cache for directory 'C:/Users/StudentUser/Documents/Unreal Projects/NewVRProject/Content/' took 0.02s
[2017.02.09-20.36.09:611][  0]SourceControl: Info Source control is disabled
[2017.02.09-20.36.09:611][  0]Cmd: MAP LOAD FILE="C:/Users/StudentUser/Documents/Unreal Projects/NewVRProject/Content/VirtualRealityBP/Maps/StartupMap.umap" TEMPLATE=0 SHOWPROGRESS=1 FEATURELEVEL=3
[2017.02.09-20.36.09:612][  0]LightingResults: New page: Lighting Build
[2017.02.09-20.36.09:615][  0]MapCheck: New page: Map Check
[2017.02.09-20.36.09:615][  0]LightingResults: New page: Lighting Build
[2017.02.09-20.36.09:724][  0]LogAIModule: Creating AISystem for world StartupMap
[2017.02.09-20.36.09:736][  0]LogEditorServer: Finished looking for orphan Actors (0.000 secs)
[2017.02.09-20.36.09:737][  0]Cmd: MAP CHECKDEP NOCLEARLOG
[2017.02.09-20.36.09:793][  0]MapCheck: Info Map check complete: 0 Error(s), 0 Warning(s), took 55.503ms to complete.
[2017.02.09-20.36.09:793][  0]LogFileHelpers: Loading map 'StartupMap' took 0.182
[2017.02.09-20.36.09:925][  0]LogCollectionManager: Loaded 0 collections in 0.002180 seconds
[2017.02.09-20.36.09:967][  0]LogFileCache: Scanning file cache for directory 'C:/Users/StudentUser/Documents/Unreal Projects/NewVRProject/Saved/Collections/' took 0.01s
[2017.02.09-20.36.09:967][  0]LogFileCache: Scanning file cache for directory 'C:/Users/StudentUser/Documents/Unreal Projects/NewVRProject/Content/Developers/StudentUser/Collections/' took 0.01s
[2017.02.09-20.36.09:967][  0]LogFileCache: Scanning file cache for directory 'C:/Users/StudentUser/Documents/Unreal Projects/NewVRProject/Content/Collections/' took 0.01s
[2017.02.09-20.36.09:967][  0]LogCollectionManager: Rebuilt the GUID cache for 0 collections in 0.000003 seconds
[2017.02.09-20.36.09:981][  0]LogContentBrowser: Native class hierarchy populated in 0.0137 seconds. Added 2164 classes and 432 folders.
[2017.02.09-20.36.09:986][  0]LogStats: UGameplayTagsManager::ConstructGameplayTagTree: Construct from data asset -  0.000 s
[2017.02.09-20.36.09:986][  0]LogStats: UGameplayTagsManager::ConstructGameplayTagTree: GameplayTagTreeChangedEvent.Broadcast -  0.000 s
[2017.02.09-20.36.09:987][  0]LogContentBrowser: Native class hierarchy updated for 'GameplayTags' in 0.0008 seconds. Added 12 classes and 0 folders.
[2017.02.09-20.36.09:993][  0]LogContentBrowser: Native class hierarchy updated for 'WidgetCarousel' in 0.0007 seconds. Added 0 classes and 0 folders.
[2017.02.09-20.36.10:047][  0]LogContentBrowser: Native class hierarchy updated for 'AddContentDialog' in 0.0007 seconds. Added 0 classes and 0 folders.
[2017.02.09-20.36.10:053][  0]LogContentBrowser: Native class hierarchy updated for 'SceneOutliner' in 0.0008 seconds. Added 1 classes and 2 folders.
[2017.02.09-20.36.10:073][  0]LogCrashTracker: Crashtracker disabled due to settings.
[2017.02.09-20.36.10:081][  0]LogUObjectGlobals:Warning: Failed to find object 'Class None.'
[2017.02.09-20.36.10:109][  0]LogContentBrowser: Native class hierarchy updated for