Log file open, 01/31/17 08:34:03
LogInit:Display: Running engine for game: CastleGuardGreyBlock
LogPlatformFile: Not using cached read wrapper
LogInit:Display: RandInit(-923493033) SRandInit(-923493032).
LogTaskGraph: Started task graph with 5 named threads and 8 total threads with 1 sets of task threads.
LogStats: Stats thread started at 0.068051
LogPluginManager: Loaded Plugin Paper2D, From I:/Epic Games/4.13/Engine/Plugins/2D/Paper2D/Paper2D.uplugin
LogPluginManager: Loaded Plugin LightPropagationVolume, From I:/Epic Games/4.13/Engine/Plugins/Blendables/LightPropagationVolume/LightPropagationVolume.uplugin
LogPluginManager: Loaded Plugin BlankPlugin, From I:/Epic Games/4.13/Engine/Plugins/Developer/BlankPlugin/BlankPlugin.uplugin
LogPluginManager: Loaded Plugin CodeLiteSourceCodeAccess, From I:/Epic Games/4.13/Engine/Plugins/Developer/CodeLiteSourceCodeAccess/CodeLiteSourceCodeAccess.uplugin
LogPluginManager: Loaded Plugin GitSourceControl, From I:/Epic Games/4.13/Engine/Plugins/Developer/GitSourceControl/GitSourceControl.uplugin
LogPluginManager: Loaded Plugin KDevelopSourceCodeAccess, From I:/Epic Games/4.13/Engine/Plugins/Developer/KDevelopSourceCodeAccess/KDevelopSourceCodeAccess.uplugin
LogPluginManager: Loaded Plugin NullSourceCodeAccess, From I:/Epic Games/4.13/Engine/Plugins/Developer/NullSourceCodeAccess/NullSourceCodeAccess.uplugin
LogPluginManager: Loaded Plugin OneSkyLocalizationService, From I:/Epic Games/4.13/Engine/Plugins/Developer/OneSkyLocalizationService/OneSkyLocalizationService.uplugin
LogPluginManager: Loaded Plugin PerforceSourceControl, From I:/Epic Games/4.13/Engine/Plugins/Developer/PerforceSourceControl/PerforceSourceControl.uplugin
LogPluginManager: Loaded Plugin SubversionSourceControl, From I:/Epic Games/4.13/Engine/Plugins/Developer/SubversionSourceControl/SubversionSourceControl.uplugin
LogPluginManager: Loaded Plugin UObjectPlugin, From I:/Epic Games/4.13/Engine/Plugins/Developer/UObjectPlugin/UObjectPlugin.uplugin
LogPluginManager: Loaded Plugin VisualStudioSourceCodeAccess, From I:/Epic Games/4.13/Engine/Plugins/Developer/VisualStudioSourceCodeAccess/VisualStudioSourceCodeAccess.uplugin
LogPluginManager: Loaded Plugin XCodeSourceCodeAccess, From I:/Epic Games/4.13/Engine/Plugins/Developer/XCodeSourceCodeAccess/XCodeSourceCodeAccess.uplugin
LogPluginManager: Loaded Plugin EpicSurvey, From I:/Epic Games/4.13/Engine/Plugins/Editor/EpicSurvey/EpicSurvey.uplugin
LogPluginManager: Loaded Plugin MacGraphicsSwitching, From I:/Epic Games/4.13/Engine/Plugins/Editor/MacGraphicsSwitching/MacGraphicsSwitching.uplugin
LogPluginManager: Loaded Plugin MobileLauncherProfileWizard, From I:/Epic Games/4.13/Engine/Plugins/Editor/MobileLauncherProfileWizard/MobileLauncherProfileWizard.uplugin
LogPluginManager: Loaded Plugin PluginBrowser, From I:/Epic Games/4.13/Engine/Plugins/Editor/PluginBrowser/PluginBrowser.uplugin
LogPluginManager: Loaded Plugin SpeedTreeImporter, From I:/Epic Games/4.13/Engine/Plugins/Editor/SpeedTreeImporter/SpeedTreeImporter.uplugin
LogPluginManager: Loaded Plugin SuperSearchEditor, From I:/Epic Games/4.13/Engine/Plugins/Editor/SuperSearchEditor/SuperSearchEditor.uplugin
LogPluginManager: Loaded Plugin AlembicImporter, From I:/Epic Games/4.13/Engine/Plugins/Experimental/AlembicImporter/AlembicImporter.uplugin
LogPluginManager: Loaded Plugin BlueprintStats, From I:/Epic Games/4.13/Engine/Plugins/Experimental/BlueprintStats/BlueprintStats.uplugin
LogPluginManager: Loaded Plugin CharacterAI, From I:/Epic Games/4.13/Engine/Plugins/Experimental/CharacterAI/CharacterAI.uplugin
LogPluginManager: Loaded Plugin CodeEditor, From I:/Epic Games/4.13/Engine/Plugins/Experimental/CodeEditor/CodeEditor.uplugin
LogPluginManager: Loaded Plugin CodeView, From I:/Epic Games/4.13/Engine/Plugins/Experimental/CodeView/CodeView.uplugin
LogPluginManager: Loaded Plugin HTML5Networking, From I:/Epic Games/4.13/Engine/Plugins/Experimental/HTML5Networking/HTML5Networking.uplugin
LogPluginManager: Loaded Plugin LiveEditor, From I:/Epic Games/4.13/Engine/Plugins/Experimental/LiveEditor/LiveEditor.uplugin
LogPluginManager: Loaded Plugin OSVR, From I:/Epic Games/4.13/Engine/Plugins/Experimental/OSVR/OSVR.uplugin
LogPluginManager: Loaded Plugin Phya, From I:/Epic Games/4.13/Engine/Plugins/Experimental/Phya/Phya.uplugin
LogPluginManager: Loaded Plugin SignificanceManager, From I:/Epic Games/4.13/Engine/Plugins/Experimental/SignificanceManager/SignificanceManager.uplugin
LogPluginManager: Loaded Plugin SimpleHMD, From I:/Epic Games/4.13/Engine/Plugins/Experimental/SimpleHMD/SimpleHMD.uplugin
LogPluginManager: Loaded Plugin StereoPanorama, From I:/Epic Games/4.13/Engine/Plugins/Experimental/StereoPanorama/StereoPanorama.uplugin
LogPluginManager: Loaded Plugin StructBox, From I:/Epic Games/4.13/Engine/Plugins/Experimental/StructBox/StructBox.uplugin
LogPluginManager: Loaded Plugin GestureTrackerVR, From I:/Epic Games/4.13/Engine/Plugins/Marketplace/GestureTrackerVR/GestureTrackerVR.uplugin
LogPluginManager: Loaded Plugin RunebergVRPlugin, From I:/Epic Games/4.13/Engine/Plugins/Marketplace/RunebergVRPlugin/RunebergVRPlugin.uplugin
LogPluginManager: Loaded Plugin ShadowMocap, From I:/Epic Games/4.13/Engine/Plugins/Marketplace/ShadowMocap/ShadowMocap.uplugin
LogPluginManager: Loaded Plugin Substance, From I:/Epic Games/4.13/Engine/Plugins/Marketplace/Substance/Substance.uplugin
LogPluginManager: Loaded Plugin AndroidMedia, From I:/Epic Games/4.13/Engine/Plugins/Media/AndroidMedia/AndroidMedia.uplugin
LogPluginManager: Loaded Plugin AvfMedia, From I:/Epic Games/4.13/Engine/Plugins/Media/AvfMedia/AvfMedia.uplugin
LogPluginManager: Loaded Plugin MediaPlayerEditor, From I:/Epic Games/4.13/Engine/Plugins/Media/MediaPlayerEditor/MediaPlayerEditor.uplugin
LogPluginManager: Loaded Plugin WmfMedia, From I:/Epic Games/4.13/Engine/Plugins/Media/WmfMedia/WmfMedia.uplugin
LogPluginManager: Loaded Plugin MessagingDebugger, From I:/Epic Games/4.13/Engine/Plugins/Messaging/MessagingDebugger/MessagingDebugger.uplugin
LogPluginManager: Loaded Plugin TcpMessaging, From I:/Epic Games/4.13/Engine/Plugins/Messaging/TcpMessaging/TcpMessaging.uplugin
LogPluginManager: Loaded Plugin UdpMessaging, From I:/Epic Games/4.13/Engine/Plugins/Messaging/UdpMessaging/UdpMessaging.uplugin
LogPluginManager: Loaded Plugin LevelSequenceEditor, From I:/Epic Games/4.13/Engine/Plugins/MovieScene/LevelSequenceEditor/LevelSequenceEditor.uplugin
LogPluginManager: Loaded Plugin MatineeToLevelSequence, From I:/Epic Games/4.13/Engine/Plugins/MovieScene/MatineeToLevelSequence/MatineeToLevelSequence.uplugin
LogPluginManager: Loaded Plugin NetcodeUnitTest, From I:/Epic Games/4.13/Engine/Plugins/NetcodeUnitTest/NetcodeUnitTest/NetcodeUnitTest.uplugin
LogPluginManager: Loaded Plugin NUTUnrealEngine4, From I:/Epic Games/4.13/Engine/Plugins/NetcodeUnitTest/NUTUnrealEngine4/NUTUnrealEngine4.uplugin
LogPluginManager: Loaded Plugin OnlineSubsystemGooglePlay, From I:/Epic Games/4.13/Engine/Plugins/Online/Android/OnlineSubsystemGooglePlay/OnlineSubsystemGooglePlay.uplugin
LogPluginManager: Loaded Plugin OnlineSubsystemIOS, From I:/Epic Games/4.13/Engine/Plugins/Online/IOS/OnlineSubsystemIOS/OnlineSubsystemIOS.uplugin
LogPluginManager: Loaded Plugin OnlineFramework, From I:/Epic Games/4.13/Engine/Plugins/Online/OnlineFramework/OnlineFramework.uplugin
LogPluginManager: Loaded Plugin OnlineSubsystem, From I:/Epic Games/4.13/Engine/Plugins/Online/OnlineSubsystem/OnlineSubsystem.uplugin
LogPluginManager: Loaded Plugin OnlineSubsystemAmazon, From I:/Epic Games/4.13/Engine/Plugins/Online/OnlineSubsystemAmazon/OnlineSubsystemAmazon.uplugin
LogPluginManager: Loaded Plugin OnlineSubsystemFacebook, From I:/Epic Games/4.13/Engine/Plugins/Online/OnlineSubsystemFacebook/OnlineSubsystemFacebook.uplugin
LogPluginManager: Loaded Plugin OnlineSubsystemNull, From I:/Epic Games/4.13/Engine/Plugins/Online/OnlineSubsystemNull/OnlineSubsystemNull.uplugin
LogPluginManager: Loaded Plugin OnlineSubsystemOculus, From I:/Epic Games/4.13/Engine/Plugins/Online/OnlineSubsystemOculus/OnlineSubsystemOculus.uplugin
LogPluginManager: Loaded Plugin OnlineSubsystemSteam, From I:/Epic Games/4.13/Engine/Plugins/Online/OnlineSubsystemSteam/OnlineSubsystemSteam.uplugin
LogPluginManager: Loaded Plugin OnlineSubsystemUtils, From I:/Epic Games/4.13/Engine/Plugins/Online/OnlineSubsystemUtils/OnlineSubsystemUtils.uplugin
LogPluginManager: Loaded Plugin IOSTapJoy, From I:/Epic Games/4.13/Engine/Plugins/Runtime/Advertising/IOSTapJoy/IOSTapJoy.uplugin
LogPluginManager: Loaded Plugin AnalyticsBlueprintLibrary, From I:/Epic Games/4.13/Engine/Plugins/Runtime/Analytics/AnalyticsBlueprintLibrary/AnalyticsBlueprintLibrary.uplugin
LogPluginManager: Loaded Plugin AnalyticsMulticast, From I:/Epic Games/4.13/Engine/Plugins/Runtime/Analytics/AnalyticsMulticast/AnalyticsMulticast.uplugin
LogPluginManager: Loaded Plugin Apsalar, From I:/Epic Games/4.13/Engine/Plugins/Runtime/Analytics/Apsalar/Apsalar.uplugin
LogPluginManager: Loaded Plugin FileLogging, From I:/Epic Games/4.13/Engine/Plugins/Runtime/Analytics/FileLogging/FileLogging.uplugin
LogPluginManager: Loaded Plugin Flurry, From I:/Epic Games/4.13/Engine/Plugins/Runtime/Analytics/Flurry/Flurry.uplugin
LogPluginManager: Loaded Plugin AndroidDeviceProfileSelector, From I:/Epic Games/4.13/Engine/Plugins/Runtime/AndroidDeviceProfileSelector/AndroidDeviceProfileSelector.uplugin
LogPluginManager: Loaded Plugin AndroidMoviePlayer, From I:/Epic Games/4.13/Engine/Plugins/Runtime/AndroidMoviePlayer/AndroidMoviePlayer.uplugin
LogPluginManager: Loaded Plugin AppleMoviePlayer, From I:/Epic Games/4.13/Engine/Plugins/Runtime/AppleMoviePlayer/AppleMoviePlayer.uplugin
LogPluginManager: Loaded Plugin ArchVisCharacter, From I:/Epic Games/4.13/Engine/Plugins/Runtime/ArchVisCharacter/ArchVisCharacter.uplugin
LogPluginManager: Loaded Plugin CableComponent, From I:/Epic Games/4.13/Engine/Plugins/Runtime/CableComponent/CableComponent.uplugin
LogPluginManager: Loaded Plugin CustomMeshComponent, From I:/Epic Games/4.13/Engine/Plugins/Runtime/CustomMeshComponent/CustomMeshComponent.uplugin
LogPluginManager: Loaded Plugin ExampleDeviceProfileSelector, From I:/Epic Games/4.13/Engine/Plugins/Runtime/ExampleDeviceProfileSelector/ExampleDeviceProfileSelector.uplugin
LogPluginManager: Loaded Plugin GearVR, From I:/Epic Games/4.13/Engine/Plugins/Runtime/GearVR/GearVR.uplugin
LogPluginManager: Loaded Plugin GoogleVRController, From I:/Epic Games/4.13/Engine/Plugins/Runtime/GoogleVR/GoogleVRController/GoogleVRController.uplugin
LogPluginManager: Loaded Plugin GoogleVRHMD, From I:/Epic Games/4.13/Engine/Plugins/Runtime/GoogleVR/GoogleVRHMD/GoogleVRHMD.uplugin
LogPluginManager: Loaded Plugin IOSDeviceProfileSelector, From I:/Epic Games/4.13/Engine/Plugins/Runtime/IOSDeviceProfileSelector/IOSDeviceProfileSelector.uplugin
LogPluginManager: Loaded Plugin LeapMotion, From I:/Epic Games/4.13/Engine/Plugins/Runtime/LeapMotion/LeapMotion.uplugin
LogPluginManager: Loaded Plugin LinuxDeviceProfileSelector, From I:/Epic Games/4.13/Engine/Plugins/Runtime/LinuxDeviceProfileSelector/LinuxDeviceProfileSelector.uplugin
LogPluginManager: Loaded Plugin LiveEditorListenServer, From I:/Epic Games/4.13/Engine/Plugins/Runtime/LiveEditorListenServer/LiveEditorListenServer.uplugin
LogPluginManager: Loaded Plugin OculusAudio, From I:/Epic Games/4.13/Engine/Plugins/Runtime/OculusAudio/OculusAudio.uplugin
LogPluginManager: Loaded Plugin OculusInput, From I:/Epic Games/4.13/Engine/Plugins/Runtime/OculusInput/OculusInput.uplugin
LogPluginManager: Loaded Plugin OculusLibrary, From I:/Epic Games/4.13/Engine/Plugins/Runtime/OculusLibrary/OculusLibrary.uplugin
LogPluginManager: Loaded Plugin OculusRift, From I:/Epic Games/4.13/Engine/Plugins/Runtime/OculusRift/OculusRift.uplugin
LogPluginManager: Loaded Plugin Oodle, From I:/Epic Games/4.13/Engine/Plugins/Runtime/PacketHandlers/CompressionComponents/Oodle/Oodle.uplugin
LogPluginManager: Loaded Plugin ProceduralMeshComponent, From I:/Epic Games/4.13/Engine/Plugins/Runtime/ProceduralMeshComponent/ProceduralMeshComponent.uplugin
LogPluginManager: Loaded Plugin SoundMod, From I:/Epic Games/4.13/Engine/Plugins/Runtime/SoundMod/SoundMod.uplugin
LogPluginManager: Loaded Plugin SoundVisualizations, From I:/Epic Games/4.13/Engine/Plugins/Runtime/SoundVisualizations/SoundVisualizations.uplugin
LogPluginManager: Loaded Plugin SteamController, From I:/Epic Games/4.13/Engine/Plugins/Runtime/Steam/SteamController/SteamController.uplugin
LogPluginManager: Loaded Plugin SteamVR, From I:/Epic Games/4.13/Engine/Plugins/Runtime/Steam/SteamVR/SteamVR.uplugin
LogPluginManager: Loaded Plugin WebBrowserWidget, From I:/Epic Games/4.13/Engine/Plugins/Runtime/WebBrowserWidget/WebBrowserWidget.uplugin
LogPluginManager: Loaded Plugin WindowsDeviceProfileSelector, From I:/Epic Games/4.13/Engine/Plugins/Runtime/WindowsDeviceProfileSelector/WindowsDeviceProfileSelector.uplugin
LogPluginManager: Loaded Plugin WindowsMoviePlayer, From I:/Epic Games/4.13/Engine/Plugins/Runtime/WindowsMoviePlayer/WindowsMoviePlayer.uplugin
LogPluginManager: Loaded Plugin ScriptPlugin, From I:/Epic Games/4.13/Engine/Plugins/ScriptPlugin/ScriptPlugin.uplugin
LogPluginManager: Loaded Plugin SlateRemote, From I:/Epic Games/4.13/Engine/Plugins/Slate/SlateRemote/SlateRemote.uplugin
LogInit: Using libcurl 7.47.1
LogInit:  - built for x86_64-pc-win32
LogInit:  - supports SSL with WinSSL
LogInit:  - other features:
LogInit:      CURL_VERSION_SSL
LogInit:      CURL_VERSION_IPV6
LogInit:      CURL_VERSION_ASYNCHDNS
LogInit:      CURL_VERSION_LARGEFILE
LogInit:      CURL_VERSION_IDN
LogInit:  CurlRequestOptions (configurable via config and command line):
LogInit:  - bVerifyPeer = false  - Libcurl will NOT verify peer certificate
LogInit:  - bUseHttpProxy = false  - Libcurl will NOT use HTTP proxy
LogInit:  - bDontReuseConnections = false  - Libcurl will reuse connections
LogInit:  - CertBundlePath = nullptr  - Libcurl will use whatever was configured at build time.
LogInit: Build: ++UE4+Release-4.13-CL-3172292
LogInit: Engine Version: 4.13.2-3172292+++UE4+Release-4.13
LogInit: Compatible Engine Version: 4.13.0-3106830+++UE4+Release-4.13
LogInit: Net CL: 3172292
LogDevObjectVersion: Number of dev versions registered: 13
LogDevObjectVersion:   Dev-Blueprints (B0D832E4-1F89-4F0D-ACCF-7EB736FD4AA2): 5
LogDevObjectVersion:   Dev-Build (E1C64328-A22C-4D53-A36C-8E866417BD8C): 0
LogDevObjectVersion:   Dev-Core (375EC13C-06E4-48FB-B500-84F0262A717E): 1
LogDevObjectVersion:   Dev-Editor (E4B068ED-F494-42E9-A231-DA0B2E46BB41): 6
LogDevObjectVersion:   Dev-Framework (CFFC743F-43B0-4480-9391-14DF171D2073): 12
LogDevObjectVersion:   Dev-Mobile (B02B49B5-BB20-44E9-A304-32B752E40360): 0
LogDevObjectVersion:   Dev-Networking (A4E4105C-59A1-49B5-A7C5-40C4547EDFEE): 0
LogDevObjectVersion:   Dev-Online (39C831C9-5AE6-47DC-9A44-9C173E1C8E7C): 0
LogDevObjectVersion:   Dev-Physics (78F01B33-EBEA-4F98-B9B4-84EACCB95AA2): 0
LogDevObjectVersion:   Dev-Platform (6631380F-2D4D-43E0-8009-CF276956A95A): 0
LogDevObjectVersion:   Dev-Rendering (12F88B9F-8875-4AFC-A67C-D90C383ABD29): 4
LogDevObjectVersion:   Dev-Sequencer (7B5AE74C-D270-4C10-A958-57980B212A5A): 0
LogDevObjectVersion:   Dev-VR (D7296918-1DD6-4BDD-9DE2-64A83CC13884): 0
LogInit: Compiled (64-bit): Oct 24 2016 14:29:06
LogInit: Compiled with Visual C++: 19.00.23026.00
LogInit: Build Configuration: Development
LogInit: Branch Name: ++UE4+Release-4.13
LogInit: Command line: 
LogInit: Base directory: I:/Epic Games/4.13/Engine/Binaries/Win64/
LogInit: Installed Engine Build: 1
LogInit: Presizing for max 8388607 objects, including 0 objects not considered by GC, pre-allocating 0 bytes for permanent pool.
LogInit: Object subsystem initialized
[2017.01.31-16.34.03:909][  0]LogInit: Selected Device Profile: [Windows]
[2017.01.31-16.34.03:909][  0]LogInit: Applying CVar settings loaded from the selected device profile: [Windows]
[2017.01.31-16.34.03:918][  0]LogInit: Computer: WIZARD-PC
[2017.01.31-16.34.03:918][  0]LogInit: User: Wizard
[2017.01.31-16.34.03:918][  0]LogInit: CPU Page size=65536, Cores=4
[2017.01.31-16.34.03:918][  0]LogInit: High frequency timer resolution =3.320371 MHz
[2017.01.31-16.34.03:918][  0]LogMemory: Memory total: Physical=15.9GB (16GB approx)
[2017.01.31-16.34.03:918][  0]LogMemory: Platform Memory Stats for Windows
[2017.01.31-16.34.03:918][  0]LogMemory: Process Physical Memory: 256.93 MB used, 256.93 MB peak
[2017.01.31-16.34.03:918][  0]LogMemory: Process Virtual Memory: 261.66 MB used, 261.66 MB peak
[2017.01.31-16.34.03:918][  0]LogMemory: Physical Memory: 3712.57 MB used, 16327.92 MB total
[2017.01.31-16.34.03:918][  0]LogMemory: Virtual Memory: 592.32 MB used, 8388608.00 MB total
[2017.01.31-16.34.03:955][  0]LogTextLocalizationManager: No specific translations for ('en-US') exist, so ('en') translations will be used.
[2017.01.31-16.34.04:575][  0]LogD3D11RHI: D3D11 adapters:
[2017.01.31-16.34.04:584][  0]LogD3D11RHI:    0. 'AMD Radeon HD 7900 Series' (Feature Level 11_0)
[2017.01.31-16.34.04:584][  0]LogD3D11RHI:       3050/0/3840 MB DedicatedVideo/DedicatedSystem/SharedSystem, Outputs:2, VendorId:0x1002
[2017.01.31-16.34.04:584][  0]LogD3D11RHI: Chosen D3D11 Adapter: 0
[2017.01.31-16.34.04:588][  0]LogD3D11RHI: Creating new Direct3DDevice
[2017.01.31-16.34.04:588][  0]LogD3D11RHI:     GPU DeviceId: 0x679a (for the marketing name, search the web for "GPU Device Id")
[2017.01.31-16.34.04:588][  0]LogWindows: EnumDisplayDevices:
[2017.01.31-16.34.04:589][  0]LogWindows:    0. 'AMD Radeon HD 7900 Series' (P:1 D:1)
[2017.01.31-16.34.04:589][  0]LogWindows:    1. 'AMD Radeon HD 7900 Series' (P:0 D:1)
[2017.01.31-16.34.04:589][  0]LogWindows:    2. 'AMD Radeon HD 7900 Series' (P:0 D:0)
[2017.01.31-16.34.04:590][  0]LogWindows:    3. 'AMD Radeon HD 7900 Series' (P:0 D:0)
[2017.01.31-16.34.04:590][  0]LogWindows:    4. 'AMD Radeon HD 7900 Series' (P:0 D:0)
[2017.01.31-16.34.04:590][  0]LogWindows:    5. 'AMD Radeon HD 7900 Series' (P:0 D:0)
[2017.01.31-16.34.04:591][  0]LogWindows:    6. 'RDPDD Chained DD' (P:0 D:0)
[2017.01.31-16.34.04:591][  0]LogWindows:    7. 'RDP Encoder Mirror Driver' (P:0 D:0)
[2017.01.31-16.34.04:591][  0]LogWindows:    8. 'RDP Reflector Display Driver' (P:0 D:0)
[2017.01.31-16.34.04:591][  0]LogWindows: DebugString: GetVideoDriverDetailsInvalid PrimaryIsNotTheChoosenAdapter GetVideoDriverDetailsInvalid PrimaryIsNotTheChoosenAdapter GetVideoDriverDetailsInvalid PrimaryIsNotTheChoosenAdapter FoundDriverCount:6 
[2017.01.31-16.34.04:591][  0]LogD3D11RHI:     Adapter Name: AMD Radeon HD 7900 Series
[2017.01.31-16.34.04:591][  0]LogD3D11RHI:   Driver Version: Crimson ReLive 16.12.1 (internal:21.19.384.0, unified:21.19.384.0)
[2017.01.31-16.34.04:591][  0]LogD3D11RHI:      Driver Date: 12-4-2016
[2017.01.31-16.34.04:591][  0]LogRHI: Texture pool is 1361 MB (70% of 1945 MB)
[2017.01.31-16.34.04:598][  0]LogD3D11RHI: Async texture creation enabled
[2017.01.31-16.34.04:608][  0]LogD3D11RHI: GPU Timing Frequency: 27.000000 (Debug: 2 1)
[2017.01.31-16.34.04:608][  0]LogShaderCompilers: Guid format shader working directory is -15 characters bigger than the processId version (C:/Users/Wizard/Documents/Unreal Projects/CastleGuardGreyBlock/Intermediate/Shaders/WorkingDirectory/5508/).
[2017.01.31-16.34.04:608][  0]LogShaderCompilers: Cleaned the shader compiler working directory 'C:/Users/Wizard/AppData/Local/Temp/UnrealShaderWorkingDir/3D402FAD44CF39B482CEEBA6E10C380F/'.
[2017.01.31-16.34.04:608][  0]LogShaderCompilers:Display: Using Local Shader Compiler.
[2017.01.31-16.34.05:628][  0]LogTemp:Display: Loaded TP AllDesktopTargetPlatform
[2017.01.31-16.34.05:636][  0]LogTemp:Display: Loaded TP WindowsClientTargetPlatform
[2017.01.31-16.34.05:644][  0]LogTemp:Display: Loaded TP WindowsNoEditorTargetPlatform
[2017.01.31-16.34.05:652][  0]LogTemp:Display: Loaded TP WindowsServerTargetPlatform
[2017.01.31-16.34.05:660][  0]LogTemp:Display: Loaded TP WindowsTargetPlatform
[2017.01.31-16.34.05:667][  0]LogTemp:Display: Loaded TP AndroidTargetPlatform
[2017.01.31-16.34.05:673][  0]LogTemp:Display: Loaded TP Android_ASTCTargetPlatform
[2017.01.31-16.34.05:680][  0]LogTemp:Display: Loaded TP Android_ATCTargetPlatform
[2017.01.31-16.34.05:686][  0]LogTemp:Display: Loaded TP Android_DXTTargetPlatform
[2017.01.31-16.34.05:693][  0]LogTemp:Display: Loaded TP Android_ETC1TargetPlatform
[2017.01.31-16.34.05:699][  0]LogTemp:Display: Loaded TP Android_ETC2TargetPlatform
[2017.01.31-16.34.05:712][  0]LogTemp:Display: Loaded TP Android_MultiTargetPlatform
[2017.01.31-16.34.05:712][  0]LogTemp:Display: Loaded TP Android_PVRTCTargetPlatform
[2017.01.31-16.34.05:713][  0]LogTemp:Display: Loaded TP HTML5TargetPlatform
[2017.01.31-16.34.05:732][  0]LogTemp:Display: Loaded TP IOSTargetPlatform
[2017.01.31-16.34.05:738][  0]LogTemp:Display: Loaded TP TVOSTargetPlatform
[2017.01.31-16.34.05:745][  0]LogTemp:Display: Loaded TP LinuxClientTargetPlatform
[2017.01.31-16.34.05:751][  0]LogTemp:Display: Loaded TP LinuxNoEditorTargetPlatform
[2017.01.31-16.34.05:758][  0]LogTemp:Display: Loaded TP LinuxServerTargetPlatform
[2017.01.31-16.34.05:764][  0]LogTemp:Display: Loaded TP LinuxTargetPlatform
[2017.01.31-16.34.05:764][  0]LogTargetPlatformManager:Display: Building Assets For Windows
[2017.01.31-16.34.05:833][  0]LogDerivedDataCache:Display: Max Cache Size: 512 MB
[2017.01.31-16.34.05:895][  0]LogDerivedDataCache: Loaded boot cache 0.06s 64MB C:/Users/Wizard/AppData/Local/UnrealEngine/4.13/DerivedDataCache/Boot.ddc.
[2017.01.31-16.34.05:895][  0]LogDerivedDataCache:Display: Loaded Boot cache: C:/Users/Wizard/AppData/Local/UnrealEngine/4.13/DerivedDataCache/Boot.ddc
[2017.01.31-16.34.05:895][  0]LogDerivedDataCache: FDerivedDataBackendGraph:  Pak pak cache file C:/Users/Wizard/Documents/Unreal Projects/CastleGuardGreyBlock/DerivedDataCache/DDC.ddp not found, will not use a pak cache.
[2017.01.31-16.34.05:895][  0]LogDerivedDataCache: Unable to find inner node Pak for hierarchical cache Hierarchy.
[2017.01.31-16.34.05:896][  0]LogDerivedDataCache: FDerivedDataBackendGraph:  CompressedPak pak cache file C:/Users/Wizard/Documents/Unreal Projects/CastleGuardGreyBlock/DerivedDataCache/Compressed.ddp not found, will not use a pak cache.
[2017.01.31-16.34.05:896][  0]LogDerivedDataCache: Unable to find inner node CompressedPak for hierarchical cache Hierarchy.
[2017.01.31-16.34.05:913][  0]LogDerivedDataCache:Display: Pak cache opened for reading ../../../Engine/DerivedDataCache/Compressed.ddp.
[2017.01.31-16.34.05:924][  0]LogDerivedDataCache: Using Local data cache path C:/Users/Wizard/AppData/Local/UnrealEngine/Common/DerivedDataCache: Writable
[2017.01.31-16.34.06:136][  0]LogInit: Selected Device Profile: [Windows]
[2017.01.31-16.34.06:140][  0]LogMaterial: Uniform references updated for custom material expression Custom.
[2017.01.31-16.34.06:141][  0]LogContentStreaming: Texture pool size is 0.00 MB
[2017.01.31-16.34.06:280][  0]LogMeshUtilities: No automatic mesh reduction module available
[2017.01.31-16.34.06:280][  0]LogMeshUtilities: No automatic mesh merging module available
[2017.01.31-16.34.06:280][  0]LogMeshUtilities: No distributed automatic mesh merging module available
[2017.01.31-16.34.06:603][  0]LogNetVersion: GetLocalNetworkVersion: CL: 3106830, ProjectName: castleguardgreyblock, ProjectVersion: , EngineNetworkVersion: 1, GameNetworkVersion: 0, NetworkChecksum: 1674171190
[2017.01.31-16.34.06:638][  0]LogAssetRegistry: FAssetRegistry took 0.0199 seconds to start up
[2017.01.31-16.34.06:640][  0]LogDirectoryWatcher:Warning: Failed to begin reading directory changes for ../../../Engine/Plugins/Marketplace/RunebergVRPlugin/Content/. Error: The system cannot find the file specified. (0x00000002)
[2017.01.31-16.34.06:681][  0]LogPackageLocalizationCache: Processed 5 localized package path(s) for 2 prioritized culture(s) in 0.040483 seconds
[2017.01.31-16.34.06:686][  0]LogUObjectArray: 29778 objects as part of root set at end of initial load.
[2017.01.31-16.34.06:686][  0]LogUObjectAllocator: 6125456 out of 0 bytes used by permanent object pool.
[2017.01.31-16.34.06:686][  0]LogUObjectArray: CloseDisregardForGC: 0/0 objects in disregard for GC pool
[2017.01.31-16.34.06:691][  0]LogInit: WinSock: version 1.1 (2.2), MaxSocks=32767, MaxUdp=65467
[2017.01.31-16.34.06:888][  0]LogSlate: SlateFontCache - WITH_FREETYPE: 1, WITH_HARFBUZZ: 1
[2017.01.31-16.34.06:888][  0]LogSlate: SlateFontCache - WITH_FREETYPE: 1, WITH_HARFBUZZ: 1
[2017.01.31-16.34.07:594][  0]LogSubstanceCoreModule: Substance CPU Engine Loaded, Max Texture Size 2048
[2017.01.31-16.34.07:604][  0]LogTcpMessaging: Initializing TcpMessaging bridge
[2017.01.31-16.34.07:624][  0]LogUdpMessaging: Initializing bridge on interface 0.0.0.0:0 to multicast group 230.0.0.1:6666.
[2017.01.31-16.34.07:873][  0]SourceControl: Info Source control is disabled
[2017.01.31-16.34.07:874][  0]SourceControl: Info Source control is disabled
[2017.01.31-16.34.07:884][  0]SourceControl: Info Source control is disabled
[2017.01.31-16.34.07:892][  0]SourceControl: Info Source control is disabled
[2017.01.31-16.34.08:235][  0]LogEngine: Initializing Engine...
[2017.01.31-16.34.08:235][  0]LogHMD: Failed to initialize OpenVR with code 110
[2017.01.31-16.34.08:370][  0]LogAIModule: Creating AISystem for world Untitled
[2017.01.31-16.34.08:388][  0]LogInit: XAudio2 using 'Speakers (Realtek High Definition Audio)' : 2 channels at 48 kHz using 32 bits per sample (channel mask 0x3)
[2017.01.31-16.34.08:429][  0]LogInit: FAudioDevice initialized.
[2017.01.31-16.34.08:459][  0]LogDerivedDataCache: Saved boot cache 0.03s 64MB C:/Users/Wizard/AppData/Local/UnrealEngine/4.13/DerivedDataCache/Boot.ddc.
[2017.01.31-16.34.08:468][  0]LogInit: Texture streaming: Enabled
[2017.01.31-16.34.08:489][  0]LogInit: Transaction tracking system initialized
[2017.01.31-16.34.08:507][  0]BlueprintLog: New page: Editor Load
[2017.01.31-16.34.08:570][  0]LocalizationService: Info Localization service is disabled
[2017.01.31-16.34.08:639][  0]LogConsoleResponse:Display: 
[2017.01.31-16.34.08:746][  0]LogCook:Display: Max memory allowance for cook 16384mb min free memory 0mb
[2017.01.31-16.34.08:746][  0]LogCook:Display: Mobile HDR setting 1
[2017.01.31-16.34.08:890][  0]LogFileCache: Scanning file cache for directory 'C:/Users/Wizard/Documents/Unreal Projects/CastleGuardGreyBlock/Content/' took 0.01s
[2017.01.31-16.34.08:896][  0]SourceControl: Info Source control is disabled
[2017.01.31-16.34.08:897][  0]Cmd: MAP LOAD FILE="C:/Users/Wizard/Documents/Unreal Projects/CastleGuardGreyBlock/Content/FirstPersonBP/Maps/FirstPersonExampleMap.umap" TEMPLATE=0 SHOWPROGRESS=1 FEATURELEVEL=3
[2017.01.31-16.34.08:897][  0]LightingResults: New page: Lighting Build
[2017.01.31-16.34.08:899][  0]MapCheck: New page: Map Check
[2017.01.31-16.34.08:899][  0]LightingResults: New page: Lighting Build
[2017.01.31-16.34.12:331][  0]LogAIModule: Creating AISystem for world FirstPersonExampleMap
[2017.01.31-16.34.12:342][  0]LogEditorServer: Finished looking for orphan Actors (0.000 secs)
[2017.01.31-16.34.12:342][  0]Cmd: MAP CHECKDEP NOCLEARLOG
[2017.01.31-16.34.12:395][  0]MapCheck: Info Map check complete: 0 Error(s), 0 Warning(s), took 53.222ms to complete.
[2017.01.31-16.34.12:395][  0]LogFileHelpers: Loading map 'FirstPersonExampleMap' took 3.499
[2017.01.31-16.34.12:626][  0]LogCollectionManager: Loaded 0 collections in 0.001871 seconds
[2017.01.31-16.34.12:670][  0]LogFileCache: Scanning file cache for directory 'C:/Users/Wizard/Documents/Unreal Projects/CastleGuardGreyBlock/Saved/Collections/' took 0.01s
[2017.01.31-16.34.12:670][  0]LogFileCache: Scanning file cache for directory 'C:/Users/Wizard/Documents/Unreal Projects/CastleGuardGreyBlock/Content/Developers/Wizard/Collections/' took 0.01s
[2017.01.31-16.34.12:670][  0]LogFileCache: Scanning file cache for directory 'C:/Users/Wizard/Documents/Unreal Projects/CastleGuardGreyBlock/Content/Collections/' took 0.01s
[2017.01.31-16.34.12:670][  0]LogCollectionManager: Rebuilt the GUID cache for 0 collections in 0.000002 seconds
[2017.01.31-16.34.12:679][  0]LogContentBrowser: Native class hierarchy populated in 0.0093 seconds. Added 2164 classes and 432 folders.
[2017.01.31-16.34.12:683][  0]LogStats: UGameplayTagsManager::ConstructGameplayTagTree: Construct from data asset -  0.000 s
[2017.01.31-16.34.12:683][  0]LogStats: UGameplayTagsManager::ConstructGameplayTagTree: GameplayTagTreeChangedEvent.Broadcast -  0.000 s
[2017.01.31-16.34.12:683][  0]LogContentBrowser: Native class hierarchy updated for 'GameplayTags' in 0.0005 seconds. Added 12 classes and 0 folders.
[2017.01.31-16.34.12:687][  0]LogContentBrowser: Native class hierarchy updated for 'WidgetCarousel' in 0.0004 seconds. Added 0 classes and 0 folders.
[2017.01.31-16.34.13:387][  0]LogContentBrowser: Native class hierarchy updated for 'AddContentDialog' in 0.0010 seconds. Added 0 classes and 0 folders.
[2017.01.31-16.34.13:492][  0]LogContentBrowser: Native class hierarchy updated for 'SceneOutliner' in 0.0006 seconds. Added 1 classes and 2 folders.
[2017.01.31-16.34.13:690][  0]LogCrashTracker: Crashtracker disabled due to settings.
[2017.01.31-16.34.13:694][  0]LogUObjectGlobals:Warning: Failed to find object 'Class None.'
[2017.01.31-16.34.13:718][  0]LogContentBrowser: Native class hierarchy updated for 'HierarchicalLODOutliner' in 0.0005 seconds. Added 1 classes and 2 folders.
[2017.01.31-16.34.13:718][  0]LogLoad: (Engine Initialization) Total time: 10.68 seconds
[2017.01.31-16.34.13:718][  0]LogLoad: (Engine Initialization) Total Blueprint compile time: 0.18 seconds
[2017.01.31-16.34.13:718][  0]LogExternalProfiler: Found external profiler: VSPerf
[2017.01.31-16.34.13:718][  0]LogExternalProfiler: Using external profiler: VSPerf
[2017.01.31-16.34.13:727][  0]LogOcInput: OculusInput pre-init called
[2017.01.31-16.34.13:752][  0]LogContentStreaming: Texture pool size now 1000 MB
[2017.01.31-16.34.14:229][  0]LogRenderer: Reallocating scene render targets to support 1056x556 (Frame:2).
[2017.01.31-16.34.14:298][  1]LogAssetRegistry: Asset discovery search completed in 7.6802 seconds
[2017.01.31-16.34.14:298][  1]LogCollectionManager: Rebuilt the object cache for 0 collections in 0.000001 seconds (found 0 objects)
[2017.01.31-16.34.14:298][  1]LogCollectionManager: Fixed up redirectors for 0 collections in 0.000022 seconds (updated 0 objects)
[2017.01.31-16.34.18:945][526]Cmd: QUIT_EDITOR
[2017.01.31-16.34.18:994][526]LogExit: Preparing to exit.
[2017.01.31-16.34.19:708][526]LogExit: Editor shut down
[2017.01.31-16.34.19:709][526]LogExit: Transaction tracking system shut down
[2017.01.31-16.34.19:826][526]LogObj: Freed 0b from 0 cluster array pools.
[2017.01.31-16.34.19:826][526]LogExit: Object subsystem successfully closed.
[2017.01.31-16.34.19:842][526]LogD3D11RHI: Shutdown
[2017.01.31-16.34.19:842][526]LogD3D11RHI: CleanupD3DDevice
[2017.01.31-16.34.19:859][526]LogD3D11RHI: ~FD3D11DynamicRHI
[2017.01.31-16.34.19:866][526]LogModuleManager: Shutting down and abandoning module HierarchicalLODOutliner (239)
[2017.01.31-16.34.19:866][526]LogModuleManager: Shutting down and abandoning module CrashTracker (238)
[2017.01.31-16.34.19:866][526]LogModuleManager: Shutting down and abandoning module SceneOutliner (237)
[2017.01.31-16.34.19:866][526]LogModuleManager: Shutting down and abandoning module WidgetCarousel (236)
[2017.01.31-16.34.19:866][526]LogModuleManager: Shutting down and abandoning module AddContentDialog (235)
[2017.01.31-16.34.19:866][526]LogDirectoryWatcher: A directory notification for 'I:/Epic Games/4.13/FeaturePacks/' was aborted.
[2017.01.31-16.34.19:867][526]LogModuleManager: Shutting down and abandoning module GameplayTags (234)
[2017.01.31-16.34.19:867][526]LogModuleManager: Shutting down and abandoning module EditorWidgets (233)
[2017.01.31-16.34.19:867][526]LogModuleManager: Shutting down and abandoning module CollectionManager (232)
[2017.01.31-16.34.19:867][526]LogDirectoryWatcher: A directory notification for 'C:/Users/Wizard/Documents/Unreal Projects/CastleGuardGreyBlock/Content/Collections/' was aborted.
[2017.01.31-16.34.19:867][526]LogDirectoryWatcher: A directory notification for 'C:/Users/Wizard/Documents/Unreal Projects/CastleGuardGreyBlock/Content/Developers/Wizard/Collections/' was aborted.
[2017.01.31-16.34.19:867][526]LogDirectoryWatcher: A directory notification for 'C:/Users/Wizard/Documents/Unreal Projects/CastleGuardGreyBlock/Saved/Collections/' was aborted.
[2017.01.31-16.34.19:867][526]LogModuleManager: Shutting down and abandoning module StatsViewer (231)
[2017.01.31-16.34.19:867][526]LogModuleManager: Shutting down and abandoning module FoliageEdit (230)
[2017.01.31-16.34.19:867][526]LogModuleManager: Shutting down and abandoning module LandscapeEditor (229)
[2017.01.31-16.34.19:867][526]LogModuleManager: Shutting down and abandoning module SceneDepthPickerMode (228)
[2017.01.31-16.34.19:867][526]LogModuleManager: Shutting down and abandoning module ActorPickerMode (227)
[2017.01.31-16.34.19:867][526]LogModuleManager: Shutting down and abandoning module GeometryMode (226)
[2017.01.31-16.34.19:867][526]LogModuleManager: Shutting down and abandoning module TextureAlignMode (225)
[2017.01.31-16.34.19:867][526]LogModuleManager: Shutting down and abandoning module BspMode (224)
[2017.01.31-16.34.19:867][526]LogModuleManager: Shutting down and abandoning module HardwareSurvey (223)
[2017.01.31-16.34.19:867][526]LogModuleManager: Shutting down and abandoning module SequenceRecorderSections (222)
[2017.01.31-16.34.19:867][526]LogModuleManager: Shutting down and abandoning module SequenceRecorder (221)
[2017.01.31-16.34.19:867][526]LogModuleManager: Shutting down and abandoning module AutomationWorker (220)
[2017.01.31-16.34.19:867][526]LogModuleManager: Shutting down and abandoning module MatineeToLevelSequence (219)
[2017.01.31-16.34.19:867][526]LogModuleManager: Shutting down and abandoning module PlacementMode (218)
[2017.01.31-16.34.19:867][526]LogModuleManager: Shutting down and abandoning module LevelSequenceEditor (217)
[2017.01.31-16.34.19:868][526]LogModuleManager: Shutting down and abandoning module WmfMediaFactory (216)
[2017.01.31-16.34.19:868][526]LogModuleManager: Shutting down and abandoning module WmfMediaEditor (215)
[2017.01.31-16.34.19:868][526]LogModuleManager: Shutting down and abandoning module AvfMediaFactory (214)
[2017.01.31-16.34.19:868][526]LogModuleManager: Shutting down and abandoning module AvfMediaEditor (213)
[2017.01.31-16.34.19:868][526]LogModuleManager: Shutting down and abandoning module Media (212)
[2017.01.31-16.34.19:868][526]LogModuleManager: Shutting down and abandoning module AndroidMediaFactory (211)
[2017.01.31-16.34.19:868][526]LogModuleManager: Shutting down and abandoning module AndroidMediaEditor (210)
[2017.01.31-16.34.19:868][526]LogModuleManager: Shutting down and abandoning module CharacterAI (209)
[2017.01.31-16.34.19:868][526]LogModuleManager: Shutting down and abandoning module SmartSnapping (208)
[2017.01.31-16.34.19:868][526]LogModuleManager: Shutting down and abandoning module SessionServices (207)
[2017.01.31-16.34.19:868][526]LogModuleManager: Shutting down and abandoning module ViewportSnapping (206)
[2017.01.31-16.34.19:868][526]LogModuleManager: Shutting down and abandoning module ViewportInteraction (205)
[2017.01.31-16.34.19:868][526]LogModuleManager: Shutting down and abandoning module LogVisualizer (204)
[2017.01.31-16.34.19:868][526]LogModuleManager: Shutting down and abandoning module GameProjectGeneration (203)
[2017.01.31-16.34.19:868][526]LogModuleManager: Shutting down and abandoning module IntroTutorials (202)
[2017.01.31-16.34.19:868][526]LogModuleManager: Shutting down and abandoning module EditorLiveStreaming (201)
[2017.01.31-16.34.19:868][526]LogModuleManager: Shutting down and abandoning module IOSPlatformEditor (200)
[2017.01.31-16.34.19:868][526]LogModuleManager: Shutting down and abandoning module HTML5PlatformEditor (199)
[2017.01.31-16.34.19:868][526]LogModuleManager: Shutting down and abandoning module AndroidDeviceDetection (198)
[2017.01.31-16.34.20:610][526]LogModuleManager: Shutting down and abandoning module AndroidPlatformEditor (197)
[2017.01.31-16.34.20:610][526]LogModuleManager: Shutting down and abandoning module IOSRuntimeSettings (196)
[2017.01.31-16.34.20:610][526]LogModuleManager: Shutting down and abandoning module AndroidRuntimeSettings (195)
[2017.01.31-16.34.20:610][526]LogModuleManager: Shutting down and abandoning module NiagaraEditor (194)
[2017.01.31-16.34.20:610][526]LogModuleManager: Shutting down and abandoning module MergeActors (193)
[2017.01.31-16.34.20:610][526]LogModuleManager: Shutting down and abandoning module SizeMap (192)
[2017.01.31-16.34.20:610][526]LogModuleManager: Shutting down and abandoning module TreeMap (191)
[2017.01.31-16.34.20:610][526]LogModuleManager: Shutting down and abandoning module ReferenceViewer (190)
[2017.01.31-16.34.20:610][526]LogModuleManager: Shutting down and abandoning module LocalizationService (189)
[2017.01.31-16.34.20:610][526]LogModuleManager: Shutting down and abandoning module LocalizationDashboard (188)
[2017.01.31-16.34.20:610][526]LogModuleManager: Shutting down and abandoning module HardwareTargeting (187)
[2017.01.31-16.34.20:610][526]LogModuleManager: Shutting down and abandoning module DeviceProfileEditor (186)
[2017.01.31-16.34.20:610][526]LogModuleManager: Shutting down and abandoning module UndoHistory (185)
[2017.01.31-16.34.20:610][526]LogModuleManager: Shutting down and abandoning module UserFeedback (184)
[2017.01.31-16.34.20:610][526]LogModuleManager: Shutting down and abandoning module XmlParser (183)
[2017.01.31-16.34.20:610][526]LogModuleManager: Shutting down and abandoning module Blutility (182)
[2017.01.31-16.34.20:611][526]LogModuleManager: Shutting down and abandoning module ProjectTargetPlatformEditor (181)
[2017.01.31-16.34.20:611][526]LogModuleManager: Shutting down and abandoning module ProjectSettingsViewer (180)
[2017.01.31-16.34.20:611][526]LogModuleManager: Shutting down and abandoning module InputBindingEditor (179)
[2017.01.31-16.34.20:611][526]LogModuleManager: Shutting down and abandoning module EditorSettingsViewer (178)
[2017.01.31-16.34.20:611][526]LogModuleManager: Shutting down and abandoning module SettingsEditor (177)
[2017.01.31-16.34.20:611][526]LogModuleManager: Shutting down and abandoning module ProjectLauncher (176)
[2017.01.31-16.34.20:611][526]LogModuleManager: Shutting down and abandoning module SessionFrontend (175)
[2017.01.31-16.34.20:611][526]LogModuleManager: Shutting down and abandoning module ProfilerClient (174)
[2017.01.31-16.34.20:611][526]LogModuleManager: Shutting down and abandoning module TargetDeviceServices (173)
[2017.01.31-16.34.20:611][526]LogModuleManager: Shutting down and abandoning module DeviceManager (172)
[2017.01.31-16.34.20:651][526]LogModuleManager: Shutting down and abandoning module AutomationController (171)
[2017.01.31-16.34.20:651][526]LogModuleManager: Shutting down and abandoning module AutomationWindow (170)
[2017.01.31-16.34.20:651][526]LogModuleManager: Shutting down and abandoning module Layers (169)
[2017.01.31-16.34.20:651][526]LogModuleManager: Shutting down and abandoning module ComponentVisualizers (168)
[2017.01.31-16.34.20:651][526]LogModuleManager: Shutting down and abandoning module DetailCustomizations (167)
[2017.01.31-16.34.20:651][526]LogModuleManager: Shutting down and abandoning module PackagesDialog (166)
[2017.01.31-16.34.20:651][526]LogModuleManager: Shutting down and abandoning module AnimGraph (165)
[2017.01.31-16.34.20:651][526]LogModuleManager: Shutting down and abandoning module Persona (164)
[2017.01.31-16.34.20:651][526]LogModuleManager: Shutting down and abandoning module Kismet (163)
[2017.01.31-16.34.20:652][526]LogModuleManager: Shutting down and abandoning module GraphEditor (162)
[2017.01.31-16.34.20:652][526]LogModuleManager: Shutting down and abandoning module ClassViewer (161)
[2017.01.31-16.34.20:652][526]LogModuleManager: Shutting down and abandoning module Toolbox (160)
[2017.01.31-16.34.20:652][526]LogModuleManager: Shutting down and abandoning module ModuleUI (159)
[2017.01.31-16.34.20:652][526]LogModuleManager: Shutting down and abandoning module MovieSceneTools (158)
[2017.01.31-16.34.20:652][526]LogModuleManager: Shutting down and abandoning module OutputLog (157)
[2017.01.31-16.34.20:652][526]LogModuleManager: Shutting down and abandoning module GammaUI (156)
[2017.01.31-16.34.20:652][526]LogModuleManager: Shutting down and abandoning module Documentation (155)
[2017.01.31-16.34.20:652][526]LogModuleManager: Shutting down and abandoning module Niagara (154)
[2017.01.31-16.34.20:652][526]LogModuleManager: Shutting down and abandoning module StreamingPauseRendering (153)
[2017.01.31-16.34.20:652][526]LogModuleManager: Shutting down and abandoning module AnalyticsET (152)
[2017.01.31-16.34.20:652][526]LogModuleManager: Shutting down and abandoning module PortalServices (151)
[2017.01.31-16.34.20:652][526]LogModuleManager: Shutting down and abandoning module PortalRpc (150)
[2017.01.31-16.34.20:652][526]LogModuleManager: Shutting down and abandoning module MessagingRpc (149)
[2017.01.31-16.34.20:652][526]LogModuleManager: Shutting down and abandoning module GameplayDebugger (148)
[2017.01.31-16.34.20:652][526]LogModuleManager: Shutting down and abandoning module AITestSuite (147)
[2017.01.31-16.34.20:652][526]LogModuleManager: Shutting down and abandoning module AIModule (146)
[2017.01.31-16.34.20:652][526]LogModuleManager: Shutting down and abandoning module ProfilerService (145)
[2017.01.31-16.34.20:689][526]LogModuleManager: Shutting down and abandoning module TaskGraph (144)
[2017.01.31-16.34.20:689][526]LogModuleManager: Shutting down and abandoning module SubstanceEditor (143)
[2017.01.31-16.34.20:689][526]LogModuleManager: Shutting down and abandoning module SlateRemote (142)
[2017.01.31-16.34.20:689][526]LogModuleManager: Shutting down and abandoning module SteamVRController (141)
[2017.01.31-16.34.20:689][526]LogModuleManager: Shutting down and abandoning module SteamVR (140)
[2017.01.31-16.34.20:689][526]LogModuleManager: Shutting down and abandoning module ProceduralMeshComponentEditor (139)
[2017.01.31-16.34.20:689][526]LogModuleManager: Shutting down and abandoning module ProceduralMeshComponent (138)
[2017.01.31-16.34.20:689][526]LogModuleManager: Shutting down and abandoning module OculusLibrary (137)
[2017.01.31-16.34.20:689][526]LogModuleManager: Shutting down and abandoning module OculusInput (136)
[2017.01.31-16.34.20:689][526]LogModuleManager: Shutting down and abandoning module CustomMeshComponent (135)
[2017.01.31-16.34.20:689][526]LogModuleManager: Shutting down and abandoning module CableComponent (134)
[2017.01.31-16.34.20:689][526]LogModuleManager: Shutting down and abandoning module ArchVisCharacter (133)
[2017.01.31-16.34.20:689][526]LogModuleManager: Shutting down and abandoning module MediaPlayerEditor (131)
[2017.01.31-16.34.20:690][526]LogModuleManager: Shutting down and abandoning module ShadowMocapEditor (130)
[2017.01.31-16.34.20:690][526]LogModuleManager: Shutting down and abandoning module ShadowMocap (129)
[2017.01.31-16.34.20:690][526]LogModuleManager: Shutting down and abandoning module RunebergVRPlugin (128)
[2017.01.31-16.34.20:690][526]LogModuleManager: Shutting down and abandoning module GestureTrackerVR (127)
[2017.01.31-16.34.20:690][526]LogModuleManager: Shutting down and abandoning module HTML5Networking (126)
[2017.01.31-16.34.20:690][526]LogModuleManager: Shutting down and abandoning module GeometryCacheEd (125)
[2017.01.31-16.34.20:690][526]LogModuleManager: Shutting down and abandoning module GeometryCache (124)
[2017.01.31-16.34.20:690][526]LogModuleManager: Shutting down and abandoning module AlembicLibrary (123)
[2017.01.31-16.34.20:690][526]LogModuleManager: Shutting down and abandoning module AlembicImporter (122)
[2017.01.31-16.34.20:690][526]LogModuleManager: Shutting down and abandoning module SuperSearch (121)
[2017.01.31-16.34.20:690][526]LogModuleManager: Shutting down and abandoning module SuperSearchEditor (120)
[2017.01.31-16.34.20:690][526]LogModuleManager: Shutting down and abandoning module SpeedTreeImporter (119)
[2017.01.31-16.34.20:690][526]LogModuleManager: Shutting down and abandoning module PluginBrowser (118)
[2017.01.31-16.34.20:690][526]LogModuleManager: Shutting down and abandoning module MobileLauncherProfileWizard (117)
[2017.01.31-16.34.20:690][526]LogModuleManager: Shutting down and abandoning module EpicSurvey (116)
[2017.01.31-16.34.20:690][526]LogModuleManager: Shutting down and abandoning module DesktopPlatform (115)
[2017.01.31-16.34.20:690][526]LogModuleManager: Shutting down and abandoning module VisualStudioSourceCodeAccess (114)
[2017.01.31-16.34.20:690][526]LogModuleManager: Shutting down and abandoning module UObjectPlugin (113)
[2017.01.31-16.34.20:690][526]LogModuleManager: Shutting down and abandoning module SubversionSourceControl (112)
[2017.01.31-16.34.20:690][526]LogModuleManager: Shutting down and abandoning module PerforceSourceControl (111)
[2017.01.31-16.34.20:690][526]LogModuleManager: Shutting down and abandoning module SourceControl (110)
[2017.01.31-16.34.20:690][526]LogModuleManager: Shutting down and abandoning module GitSourceControl (109)
[2017.01.31-16.34.20:690][526]LogModuleManager: Shutting down and abandoning module LightPropagationVolumeEditor (108)
[2017.01.31-16.34.20:690][526]LogModuleManager: Shutting down and abandoning module PaperTiledImporter (107)
[2017.01.31-16.34.20:690][526]LogModuleManager: Shutting down and abandoning module PaperSpriteSheetImporter (106)
[2017.01.31-16.34.20:690][526]LogModuleManager: Shutting down and abandoning module MeshPaint (105)
[2017.01.31-16.34.20:690][526]LogModuleManager: Shutting down and abandoning module FbxAutomationBuilderModule (104)
[2017.01.31-16.34.20:690][526]LogModuleManager: Shutting down and abandoning module PixelInspectorModule (103)
[2017.01.31-16.34.20:690][526]LogModuleManager: Shutting down and abandoning module HotReload (102)
[2017.01.31-16.34.20:691][526]LogModuleManager: Shutting down and abandoning module MainFrame (101)
[2017.01.31-16.34.20:691][526]LogModuleManager: Shutting down and abandoning module LevelEditor (100)
[2017.01.31-16.34.20:692][526]LogModuleManager: Shutting down and abandoning module ContentBrowser (99)
[2017.01.31-16.34.20:693][526]LogModuleManager: Shutting down and abandoning module Paper2DEditor (98)
[2017.01.31-16.34.20:694][526]LogModuleManager: Shutting down and abandoning module UdpMessaging (97)
[2017.01.31-16.34.20:794][526]LogModuleManager: Shutting down and abandoning module TcpMessaging (96)
[2017.01.31-16.34.20:894][526]LogModuleManager: Shutting down and abandoning module SubstanceCore (95)
[2017.01.31-16.34.20:894][526]LogModuleManager: Shutting down and abandoning module LightPropagationVolumeRuntime (94)
[2017.01.31-16.34.20:894][526]LogModuleManager: Shutting down and abandoning module Paper2D (93)
[2017.01.31-16.34.20:894][526]LogModuleManager: Shutting down and abandoning module WindowsMoviePlayer (92)
[2017.01.31-16.34.20:894][526]LogModuleManager: Shutting down and abandoning module WmfMedia (91)
[2017.01.31-16.34.20:895][526]LogModuleManager: Shutting down and abandoning module MediaAssets (90)
[2017.01.31-16.34.20:895][526]LogModuleManager: Shutting down and abandoning module GameLiveStreaming (89)
[2017.01.31-16.34.20:895][526]LogModuleManager: Shutting down and abandoning module GameplayTagsEditor (88)
[2017.01.31-16.34.20:895][526]LogModuleManager: Shutting down and abandoning module VREditor (87)
[2017.01.31-16.34.20:895][526]LogModuleManager: Shutting down and abandoning module GameplayTasksEditor (86)
[2017.01.31-16.34.20:895][526]LogModuleManager: Shutting down and abandoning module PropertyEditor (85)
[2017.01.31-16.34.20:895][526]LogModuleManager: Shutting down and abandoning module BehaviorTreeEditor (84)
[2017.01.31-16.34.20:895][526]LogModuleManager: Shutting down and abandoning module FunctionalTesting (83)
[2017.01.31-16.34.20:895][526]LogModuleManager: Shutting down and abandoning module CollisionAnalyzer (82)
[2017.01.31-16.34.20:895][526]LogModuleManager: Shutting down and abandoning module Sequencer (81)
[2017.01.31-16.34.20:895][526]LogModuleManager: Shutting down and abandoning module WorkspaceMenuStructure (80)
[2017.01.31-16.34.20:895][526]LogModuleManager: Shutting down and abandoning module MessageLog (79)
[2017.01.31-16.34.20:895][526]LogModuleManager: Shutting down and abandoning module AssetTools (78)
[2017.01.31-16.34.20:895][526]LogModuleManager: Shutting down and abandoning module UMGEditor (77)
[2017.01.31-16.34.20:895][526]LogModuleManager: Shutting down and abandoning module UMG (76)
[2017.01.31-16.34.20:895][526]LogModuleManager: Shutting down and abandoning module SlateReflector (75)
[2017.01.31-16.34.20:895][526]LogModuleManager: Shutting down and abandoning module Slate (74)
[2017.01.31-16.34.20:895][526]LogModuleManager: Shutting down and abandoning module EditorStyle (73)
[2017.01.31-16.34.20:899][526]LogModuleManager: Shutting down and abandoning module SourceCodeAccess (72)
[2017.01.31-16.34.20:899][526]LogModuleManager: Shutting down and abandoning module HeadMountedDisplay (71)
[2017.01.31-16.34.20:899][526]LogModuleManager: Shutting down and abandoning module XAudio2 (70)
[2017.01.31-16.34.20:899][526]LogModuleManager: Shutting down and abandoning module Networking (68)
[2017.01.31-16.34.20:899][526]LogModuleManager: Shutting down and abandoning module Core (67)
[2017.01.31-16.34.20:899][526]LogModuleManager: Shutting down and abandoning module DirectoryWatcher (66)
[2017.01.31-16.34.20:899][526]LogDirectoryWatcher: A directory notification for '../../../Engine/Content/' was aborted.
[2017.01.31-16.34.20:899][526]LogDirectoryWatcher: A directory notification for 'C:/Users/Wizard/Documents/Unreal Projects/CastleGuardGreyBlock/Content/' was aborted.
[2017.01.31-16.34.20:899][526]LogDirectoryWatcher: A directory notification for '../../../Engine/Plugins/2D/Paper2D/Content/' was aborted.
[2017.01.31-16.34.20:899][526]LogDirectoryWatcher: A directory notification for '../../../Engine/Plugins/Marketplace/GestureTrackerVR/Content/' was aborted.
[2017.01.31-16.34.20:900][526]LogModuleManager: Shutting down and abandoning module AssetRegistry (65)
[2017.01.31-16.34.20:991][526]LogModuleManager: Shutting down and abandoning module KismetCompiler (64)
[2017.01.31-16.34.20:991][526]LogModuleManager: Shutting down and abandoning module PhysXFormats (63)
[2017.01.31-16.34.20:991][526]LogModuleManager: Shutting down and abandoning module MeshUtilities (62)
[2017.01.31-16.34.20:991][526]LogModuleManager: Shutting down and abandoning module DerivedDataCache (61)
[2017.01.31-16.34.23:323][526]LogDerivedDataCache: Shutdown
[2017.01.31-16.34.23:323][526]LogModuleManager: Shutting down and abandoning module VulkanShaderFormat (60)
[2017.01.31-16.34.23:323][526]LogModuleManager: Shutting down and abandoning module ShaderFormatOpenGL (59)
[2017.01.31-16.34.23:323][526]LogModuleManager: Shutting down and abandoning module ShaderFormatD3D (58)
[2017.01.31-16.34.23:323][526]LogModuleManager: Shutting down and abandoning module MetalShaderFormat (57)
[2017.01.31-16.34.23:323][526]LogModuleManager: Shutting down and abandoning module TextureFormatUncompressed (56)
[2017.01.31-16.34.23:323][526]LogModuleManager: Shutting down and abandoning module TextureFormatPVR (55)
[2017.01.31-16.34.23:323][526]LogModuleManager: Shutting down and abandoning module TextureFormatDXT (54)
[2017.01.31-16.34.23:323][526]LogModuleManager: Shutting down and abandoning module TextureFormatIntelISPCTexComp (53)
[2017.01.31-16.34.23:323][526]LogModuleManager: Shutting down and abandoning module ImageWrapper (52)
[2017.01.31-16.34.23:323][526]LogModuleManager: Shutting down and abandoning module TextureFormatASTC (51)
[2017.01.31-16.34.23:323][526]LogModuleManager: Shutting down and abandoning module TextureFormatAndroid (50)
[2017.01.31-16.34.23:323][526]LogModuleManager: Shutting down and abandoning module AudioFormatOpus (49)
[2017.01.31-16.34.23:323][526]LogModuleManager: Shutting down and abandoning module AudioFormatOgg (48)
[2017.01.31-16.34.23:324][526]LogModuleManager: Shutting down and abandoning module AudioFormatADPCM (47)
[2017.01.31-16.34.23:324][526]LogModuleManager: Shutting down and abandoning module LinuxTargetPlatform (46)
[2017.01.31-16.34.23:324][526]LogModuleManager: Shutting down and abandoning module LinuxServerTargetPlatform (45)
[2017.01.31-16.34.23:324][526]LogModuleManager: Shutting down and abandoning module LinuxNoEditorTargetPlatform (44)
[2017.01.31-16.34.23:324][526]LogModuleManager: Shutting down and abandoning module LinuxClientTargetPlatform (43)
[2017.01.31-16.34.23:324][526]LogModuleManager: Shutting down and abandoning module TVOSTargetPlatform (42)
[2017.01.31-16.34.23:324][526]LogModuleManager: Shutting down and abandoning module Messaging (41)
[2017.01.31-16.34.23:324][526]LogModuleManager: Shutting down and abandoning module IOSTargetPlatform (40)
[2017.01.31-16.34.23:324][526]LogModuleManager: Shutting down and abandoning module HTML5TargetPlatform (39)
[2017.01.31-16.34.23:324][526]LogModuleManager: Shutting down and abandoning module Android_PVRTCTargetPlatform (38)
[2017.01.31-16.34.23:324][526]LogModuleManager: Shutting down and abandoning module Android_MultiTargetPlatform (37)
[2017.01.31-16.34.23:324][526]LogModuleManager: Shutting down and abandoning module Android_ETC2TargetPlatform (36)
[2017.01.31-16.34.23:324][526]LogModuleManager: Shutting down and abandoning module Android_ETC1TargetPlatform (35)
[2017.01.31-16.34.23:324][526]LogModuleManager: Shutting down and abandoning module Android_DXTTargetPlatform (34)
[2017.01.31-16.34.23:324][526]LogModuleManager: Shutting down and abandoning module Android_ATCTargetPlatform (33)
[2017.01.31-16.34.23:324][526]LogModuleManager: Shutting down and abandoning module Android_ASTCTargetPlatform (32)
[2017.01.31-16.34.23:324][526]LogModuleManager: Shutting down and abandoning module AndroidTargetPlatform (31)
[2017.01.31-16.34.23:324][526]LogModuleManager: Shutting down and abandoning module WindowsTargetPlatform (30)
[2017.01.31-16.34.23:324][526]LogModuleManager: Shutting down and abandoning module WindowsServerTargetPlatform (29)
[2017.01.31-16.34.23:324][526]LogModuleManager: Shutting down and abandoning module WindowsNoEditorTargetPlatform (28)
[2017.01.31-16.34.23:324][526]LogModuleManager: Shutting down and abandoning module WindowsClientTargetPlatform (27)
[2017.01.31-16.34.23:324][526]LogModuleManager: Shutting down and abandoning module AllDesktopTargetPlatform (26)
[2017.01.31-16.34.23:324][526]LogModuleManager: Shutting down and abandoning module TargetPlatform (25)
[2017.01.31-16.34.23:324][526]LogModuleManager: Shutting down and abandoning module InputCore (24)
[2017.01.31-16.34.23:324][526]LogModuleManager: Shutting down and abandoning module Settings (23)
[2017.01.31-16.34.23:324][526]LogModuleManager: Shutting down and abandoning module OculusRift (22)
[2017.01.31-16.34.23:324][526]LogModuleManager: Shutting down and abandoning module GearVR (21)
[2017.01.31-16.34.23:324][526]LogModuleManager: Shutting down and abandoning module ExampleDeviceProfileSelector (20)
[2017.01.31-16.34.23:324][526]LogModuleManager: Shutting down and abandoning module OnlineBlueprintSupport (19)
[2017.01.31-16.34.23:324][526]LogModuleManager: Shutting down and abandoning module OnlineSubsystem (17)
[2017.01.31-16.34.23:324][526]LogOnline:Display: Unloading online subsystem: NULL
[2017.01.31-16.34.23:324][526]LogModuleManager: Shutting down and abandoning module HTTP (16)
[2017.01.31-16.34.23:324][526]LogHttp:Display: Http module shutting down, but needs to wait on 1 outstanding Http requests:
[2017.01.31-16.34.23:324][526]LogHttp:Display: 	verb=[POST] url=[https://datarouter.ol.epicgames.com/datarouter/api/v1/public/data?SessionID=%7B5F998182-4845-1912-C719-468046941935%7D&AppID=UEEditor.Rocket.Release&AppVersion=4.13.2-3172292%2B%2B%2BUE4%2BRelease-4.13&UserID=a65d47e8448466a8e0cfdcb9a77e37b9%7C13a931f21dd548b98826eed59eaa05dc%7C567f0b43-e7ff-4d7c-b184-f5b48cfa7a08&AppEnvironment=datacollector-binary&UploadType=eteventstream] status=Processing
[2017.01.31-16.34.23:358][526]LogModuleManager: Shutting down and abandoning module XMPP (15)
[2017.01.31-16.34.23:358][526]LogModuleManager: Shutting down and abandoning module TextureCompressor (14)
[2017.01.31-16.34.23:359][526]LogModuleManager: Shutting down and abandoning module ShaderCore (13)
[2017.01.31-16.34.23:359][526]LogModuleManager: Shutting down and abandoning module Landscape (12)
[2017.01.31-16.34.23:359][526]LogModuleManager: Shutting down and abandoning module SlateRHIRenderer (11)
[2017.01.31-16.34.23:360][526]LogModuleManager: Shutting down and abandoning module OpenGLDrv (10)
[2017.01.31-16.34.23:360][526]LogModuleManager: Shutting down and abandoning module D3D11RHI (9)
[2017.01.31-16.34.23:360][526]LogModuleManager: Shutting down and abandoning module AnimGraphRuntime (8)
[2017.01.31-16.34.23:360][526]LogModuleManager: Shutting down and abandoning module Renderer (7)
[2017.01.31-16.34.23:360][526]LogModuleManager: Shutting down and abandoning module Engine (6)
[2017.01.31-16.34.23:360][526]LogModuleManager: Shutting down and abandoning module CoreUObject (5)
[2017.01.31-16.34.23:360][526]LogModuleManager: Shutting down and abandoning module NetworkFile (4)
[2017.01.31-16.34.23:360][526]LogModuleManager: Shutting down and abandoning module StreamingFile (3)
[2017.01.31-16.34.23:360][526]LogModuleManager: Shutting down and abandoning module SandboxFile (2)
[2017.01.31-16.34.23:360][526]LogModuleManager: Shutting down and abandoning module PakFile (1)
[2017.01.31-16.34.23:362][526]LogExit: Exiting.
[2017.01.31-16.34.23:364][526]Log file closed, 01/31/17 08:34:23
